{"C:\\Users\\Kazom\\Documents\\andela\\iReporter\\server\\test\\test.js":{"path":"C:\\Users\\Kazom\\Documents\\andela\\iReporter\\server\\test\\test.js","statementMap":{"0":{"start":{"line":3,"column":13},"end":{"line":3,"column":32}},"1":{"start":{"line":5,"column":14},"end":{"line":5,"column":44}},"2":{"start":{"line":7,"column":12},"end":{"line":7,"column":27}},"3":{"start":{"line":9,"column":13},"end":{"line":9,"column":42}},"4":{"start":{"line":11,"column":16},"end":{"line":11,"column":36}},"5":{"start":{"line":13,"column":17},"end":{"line":13,"column":50}},"6":{"start":{"line":15,"column":10},"end":{"line":15,"column":23}},"7":{"start":{"line":17,"column":11},"end":{"line":17,"column":38}},"8":{"start":{"line":19,"column":12},"end":{"line":19,"column":27}},"9":{"start":{"line":21,"column":13},"end":{"line":21,"column":42}},"10":{"start":{"line":23,"column":14},"end":{"line":23,"column":31}},"11":{"start":{"line":25,"column":15},"end":{"line":25,"column":46}},"12":{"start":{"line":27,"column":14},"end":{"line":27,"column":34}},"13":{"start":{"line":29,"column":15},"end":{"line":29,"column":46}},"14":{"start":{"line":31,"column":13},"end":{"line":31,"column":32}},"15":{"start":{"line":33,"column":39},"end":{"line":33,"column":93}},"16":{"start":{"line":35,"column":13},"end":{"line":35,"column":36}},"17":{"start":{"line":36,"column":13},"end":{"line":36,"column":34}},"18":{"start":{"line":37,"column":0},"end":{"line":37,"column":39}},"19":{"start":{"line":39,"column":0},"end":{"line":465,"column":3}},"20":{"start":{"line":40,"column":4},"end":{"line":109,"column":7}},"21":{"start":{"line":41,"column":8},"end":{"line":63,"column":11}},"22":{"start":{"line":42,"column":22},"end":{"line":42,"column":316}},"23":{"start":{"line":43,"column":12},"end":{"line":62,"column":15}},"24":{"start":{"line":44,"column":26},"end":{"line":44,"column":388}},"25":{"start":{"line":45,"column":16},"end":{"line":59,"column":19}},"26":{"start":{"line":46,"column":30},"end":{"line":46,"column":264}},"27":{"start":{"line":47,"column":20},"end":{"line":56,"column":23}},"28":{"start":{"line":48,"column":34},"end":{"line":48,"column":346}},"29":{"start":{"line":49,"column":24},"end":{"line":53,"column":27}},"30":{"start":{"line":50,"column":28},"end":{"line":50,"column":42}},"31":{"start":{"line":52,"column":28},"end":{"line":52,"column":45}},"32":{"start":{"line":52,"column":45},"end":{"line":52,"column":52}},"33":{"start":{"line":55,"column":24},"end":{"line":55,"column":41}},"34":{"start":{"line":55,"column":41},"end":{"line":55,"column":48}},"35":{"start":{"line":58,"column":20},"end":{"line":58,"column":37}},"36":{"start":{"line":58,"column":37},"end":{"line":58,"column":44}},"37":{"start":{"line":61,"column":16},"end":{"line":61,"column":33}},"38":{"start":{"line":61,"column":33},"end":{"line":61,"column":40}},"39":{"start":{"line":64,"column":8},"end":{"line":76,"column":11}},"40":{"start":{"line":65,"column":22},"end":{"line":65,"column":63}},"41":{"start":{"line":66,"column":12},"end":{"line":75,"column":15}},"42":{"start":{"line":67,"column":26},"end":{"line":67,"column":72}},"43":{"start":{"line":68,"column":16},"end":{"line":72,"column":19}},"44":{"start":{"line":69,"column":20},"end":{"line":69,"column":34}},"45":{"start":{"line":71,"column":20},"end":{"line":71,"column":34}},"46":{"start":{"line":74,"column":16},"end":{"line":74,"column":30}},"47":{"start":{"line":77,"column":8},"end":{"line":82,"column":11}},"48":{"start":{"line":78,"column":12},"end":{"line":81,"column":15}},"49":{"start":{"line":79,"column":16},"end":{"line":79,"column":47}},"50":{"start":{"line":80,"column":16},"end":{"line":80,"column":23}},"51":{"start":{"line":83,"column":8},"end":{"line":88,"column":11}},"52":{"start":{"line":84,"column":12},"end":{"line":87,"column":15}},"53":{"start":{"line":85,"column":16},"end":{"line":85,"column":60}},"54":{"start":{"line":86,"column":16},"end":{"line":86,"column":23}},"55":{"start":{"line":89,"column":8},"end":{"line":94,"column":11}},"56":{"start":{"line":90,"column":12},"end":{"line":93,"column":15}},"57":{"start":{"line":91,"column":16},"end":{"line":91,"column":58}},"58":{"start":{"line":92,"column":16},"end":{"line":92,"column":23}},"59":{"start":{"line":95,"column":8},"end":{"line":101,"column":11}},"60":{"start":{"line":96,"column":12},"end":{"line":100,"column":15}},"61":{"start":{"line":98,"column":16},"end":{"line":98,"column":48}},"62":{"start":{"line":99,"column":16},"end":{"line":99,"column":23}},"63":{"start":{"line":103,"column":8},"end":{"line":108,"column":11}},"64":{"start":{"line":104,"column":12},"end":{"line":107,"column":15}},"65":{"start":{"line":105,"column":16},"end":{"line":105,"column":56}},"66":{"start":{"line":106,"column":16},"end":{"line":106,"column":23}},"67":{"start":{"line":110,"column":4},"end":{"line":173,"column":7}},"68":{"start":{"line":111,"column":8},"end":{"line":127,"column":11}},"69":{"start":{"line":112,"column":22},"end":{"line":112,"column":316}},"70":{"start":{"line":113,"column":12},"end":{"line":126,"column":15}},"71":{"start":{"line":114,"column":26},"end":{"line":114,"column":388}},"72":{"start":{"line":115,"column":16},"end":{"line":123,"column":19}},"73":{"start":{"line":116,"column":30},"end":{"line":116,"column":263}},"74":{"start":{"line":117,"column":20},"end":{"line":122,"column":23}},"75":{"start":{"line":118,"column":34},"end":{"line":118,"column":346}},"76":{"start":{"line":119,"column":24},"end":{"line":121,"column":27}},"77":{"start":{"line":120,"column":28},"end":{"line":120,"column":42}},"78":{"start":{"line":125,"column":16},"end":{"line":125,"column":30}},"79":{"start":{"line":128,"column":8},"end":{"line":140,"column":11}},"80":{"start":{"line":129,"column":22},"end":{"line":129,"column":56}},"81":{"start":{"line":130,"column":12},"end":{"line":139,"column":15}},"82":{"start":{"line":131,"column":26},"end":{"line":131,"column":65}},"83":{"start":{"line":132,"column":16},"end":{"line":136,"column":19}},"84":{"start":{"line":133,"column":20},"end":{"line":133,"column":34}},"85":{"start":{"line":135,"column":20},"end":{"line":135,"column":34}},"86":{"start":{"line":138,"column":16},"end":{"line":138,"column":30}},"87":{"start":{"line":141,"column":8},"end":{"line":146,"column":11}},"88":{"start":{"line":142,"column":12},"end":{"line":145,"column":15}},"89":{"start":{"line":143,"column":16},"end":{"line":143,"column":47}},"90":{"start":{"line":144,"column":16},"end":{"line":144,"column":23}},"91":{"start":{"line":147,"column":8},"end":{"line":152,"column":11}},"92":{"start":{"line":148,"column":12},"end":{"line":151,"column":15}},"93":{"start":{"line":149,"column":16},"end":{"line":149,"column":60}},"94":{"start":{"line":150,"column":16},"end":{"line":150,"column":23}},"95":{"start":{"line":153,"column":8},"end":{"line":158,"column":11}},"96":{"start":{"line":154,"column":12},"end":{"line":157,"column":15}},"97":{"start":{"line":155,"column":16},"end":{"line":155,"column":58}},"98":{"start":{"line":156,"column":16},"end":{"line":156,"column":23}},"99":{"start":{"line":159,"column":8},"end":{"line":165,"column":11}},"100":{"start":{"line":160,"column":12},"end":{"line":164,"column":15}},"101":{"start":{"line":162,"column":16},"end":{"line":162,"column":48}},"102":{"start":{"line":163,"column":16},"end":{"line":163,"column":23}},"103":{"start":{"line":167,"column":8},"end":{"line":172,"column":11}},"104":{"start":{"line":168,"column":12},"end":{"line":171,"column":15}},"105":{"start":{"line":169,"column":16},"end":{"line":169,"column":56}},"106":{"start":{"line":170,"column":16},"end":{"line":170,"column":23}},"107":{"start":{"line":174,"column":4},"end":{"line":233,"column":7}},"108":{"start":{"line":175,"column":8},"end":{"line":187,"column":11}},"109":{"start":{"line":176,"column":22},"end":{"line":176,"column":316}},"110":{"start":{"line":177,"column":12},"end":{"line":186,"column":15}},"111":{"start":{"line":178,"column":26},"end":{"line":178,"column":256}},"112":{"start":{"line":179,"column":16},"end":{"line":183,"column":19}},"113":{"start":{"line":180,"column":20},"end":{"line":180,"column":27}},"114":{"start":{"line":182,"column":20},"end":{"line":182,"column":37}},"115":{"start":{"line":182,"column":37},"end":{"line":182,"column":44}},"116":{"start":{"line":185,"column":16},"end":{"line":185,"column":33}},"117":{"start":{"line":185,"column":33},"end":{"line":185,"column":40}},"118":{"start":{"line":188,"column":8},"end":{"line":200,"column":11}},"119":{"start":{"line":189,"column":22},"end":{"line":189,"column":63}},"120":{"start":{"line":190,"column":12},"end":{"line":199,"column":15}},"121":{"start":{"line":191,"column":26},"end":{"line":191,"column":72}},"122":{"start":{"line":192,"column":16},"end":{"line":196,"column":19}},"123":{"start":{"line":193,"column":20},"end":{"line":193,"column":34}},"124":{"start":{"line":195,"column":20},"end":{"line":195,"column":34}},"125":{"start":{"line":198,"column":16},"end":{"line":198,"column":30}},"126":{"start":{"line":201,"column":8},"end":{"line":206,"column":11}},"127":{"start":{"line":202,"column":12},"end":{"line":205,"column":15}},"128":{"start":{"line":203,"column":16},"end":{"line":203,"column":47}},"129":{"start":{"line":204,"column":16},"end":{"line":204,"column":23}},"130":{"start":{"line":207,"column":8},"end":{"line":212,"column":11}},"131":{"start":{"line":208,"column":12},"end":{"line":211,"column":15}},"132":{"start":{"line":209,"column":16},"end":{"line":209,"column":60}},"133":{"start":{"line":210,"column":16},"end":{"line":210,"column":23}},"134":{"start":{"line":213,"column":8},"end":{"line":218,"column":11}},"135":{"start":{"line":214,"column":12},"end":{"line":217,"column":15}},"136":{"start":{"line":215,"column":16},"end":{"line":215,"column":58}},"137":{"start":{"line":216,"column":16},"end":{"line":216,"column":23}},"138":{"start":{"line":219,"column":8},"end":{"line":225,"column":11}},"139":{"start":{"line":220,"column":12},"end":{"line":224,"column":15}},"140":{"start":{"line":222,"column":16},"end":{"line":222,"column":48}},"141":{"start":{"line":223,"column":16},"end":{"line":223,"column":23}},"142":{"start":{"line":227,"column":8},"end":{"line":232,"column":11}},"143":{"start":{"line":228,"column":12},"end":{"line":231,"column":15}},"144":{"start":{"line":229,"column":16},"end":{"line":229,"column":56}},"145":{"start":{"line":230,"column":16},"end":{"line":230,"column":23}},"146":{"start":{"line":234,"column":4},"end":{"line":267,"column":7}},"147":{"start":{"line":235,"column":8},"end":{"line":240,"column":11}},"148":{"start":{"line":236,"column":12},"end":{"line":239,"column":15}},"149":{"start":{"line":237,"column":16},"end":{"line":237,"column":47}},"150":{"start":{"line":238,"column":16},"end":{"line":238,"column":23}},"151":{"start":{"line":241,"column":8},"end":{"line":246,"column":11}},"152":{"start":{"line":242,"column":12},"end":{"line":245,"column":15}},"153":{"start":{"line":243,"column":16},"end":{"line":243,"column":60}},"154":{"start":{"line":244,"column":16},"end":{"line":244,"column":23}},"155":{"start":{"line":247,"column":8},"end":{"line":252,"column":11}},"156":{"start":{"line":248,"column":12},"end":{"line":251,"column":15}},"157":{"start":{"line":249,"column":16},"end":{"line":249,"column":58}},"158":{"start":{"line":250,"column":16},"end":{"line":250,"column":23}},"159":{"start":{"line":253,"column":8},"end":{"line":259,"column":11}},"160":{"start":{"line":254,"column":12},"end":{"line":258,"column":15}},"161":{"start":{"line":256,"column":16},"end":{"line":256,"column":48}},"162":{"start":{"line":257,"column":16},"end":{"line":257,"column":23}},"163":{"start":{"line":261,"column":8},"end":{"line":266,"column":11}},"164":{"start":{"line":262,"column":12},"end":{"line":265,"column":15}},"165":{"start":{"line":263,"column":16},"end":{"line":263,"column":56}},"166":{"start":{"line":264,"column":16},"end":{"line":264,"column":23}},"167":{"start":{"line":268,"column":4},"end":{"line":301,"column":7}},"168":{"start":{"line":269,"column":8},"end":{"line":274,"column":11}},"169":{"start":{"line":270,"column":12},"end":{"line":273,"column":15}},"170":{"start":{"line":271,"column":16},"end":{"line":271,"column":47}},"171":{"start":{"line":272,"column":16},"end":{"line":272,"column":23}},"172":{"start":{"line":275,"column":8},"end":{"line":280,"column":11}},"173":{"start":{"line":276,"column":12},"end":{"line":279,"column":15}},"174":{"start":{"line":277,"column":16},"end":{"line":277,"column":60}},"175":{"start":{"line":278,"column":16},"end":{"line":278,"column":23}},"176":{"start":{"line":281,"column":8},"end":{"line":286,"column":11}},"177":{"start":{"line":282,"column":12},"end":{"line":285,"column":15}},"178":{"start":{"line":283,"column":16},"end":{"line":283,"column":58}},"179":{"start":{"line":284,"column":16},"end":{"line":284,"column":23}},"180":{"start":{"line":287,"column":8},"end":{"line":293,"column":11}},"181":{"start":{"line":288,"column":12},"end":{"line":292,"column":15}},"182":{"start":{"line":290,"column":16},"end":{"line":290,"column":48}},"183":{"start":{"line":291,"column":16},"end":{"line":291,"column":23}},"184":{"start":{"line":295,"column":8},"end":{"line":300,"column":11}},"185":{"start":{"line":296,"column":12},"end":{"line":299,"column":15}},"186":{"start":{"line":297,"column":16},"end":{"line":297,"column":56}},"187":{"start":{"line":298,"column":16},"end":{"line":298,"column":23}},"188":{"start":{"line":302,"column":4},"end":{"line":335,"column":7}},"189":{"start":{"line":303,"column":8},"end":{"line":308,"column":11}},"190":{"start":{"line":304,"column":12},"end":{"line":307,"column":15}},"191":{"start":{"line":305,"column":16},"end":{"line":305,"column":47}},"192":{"start":{"line":306,"column":16},"end":{"line":306,"column":23}},"193":{"start":{"line":309,"column":8},"end":{"line":314,"column":11}},"194":{"start":{"line":310,"column":12},"end":{"line":313,"column":15}},"195":{"start":{"line":311,"column":16},"end":{"line":311,"column":60}},"196":{"start":{"line":312,"column":16},"end":{"line":312,"column":23}},"197":{"start":{"line":315,"column":8},"end":{"line":320,"column":11}},"198":{"start":{"line":316,"column":12},"end":{"line":319,"column":15}},"199":{"start":{"line":317,"column":16},"end":{"line":317,"column":58}},"200":{"start":{"line":318,"column":16},"end":{"line":318,"column":23}},"201":{"start":{"line":321,"column":8},"end":{"line":327,"column":11}},"202":{"start":{"line":322,"column":12},"end":{"line":326,"column":15}},"203":{"start":{"line":324,"column":16},"end":{"line":324,"column":48}},"204":{"start":{"line":325,"column":16},"end":{"line":325,"column":23}},"205":{"start":{"line":329,"column":8},"end":{"line":334,"column":11}},"206":{"start":{"line":330,"column":12},"end":{"line":333,"column":15}},"207":{"start":{"line":331,"column":16},"end":{"line":331,"column":56}},"208":{"start":{"line":332,"column":16},"end":{"line":332,"column":23}},"209":{"start":{"line":336,"column":4},"end":{"line":397,"column":7}},"210":{"start":{"line":337,"column":8},"end":{"line":344,"column":11}},"211":{"start":{"line":338,"column":22},"end":{"line":338,"column":430}},"212":{"start":{"line":339,"column":12},"end":{"line":343,"column":15}},"213":{"start":{"line":340,"column":16},"end":{"line":340,"column":30}},"214":{"start":{"line":342,"column":16},"end":{"line":342,"column":30}},"215":{"start":{"line":345,"column":8},"end":{"line":352,"column":11}},"216":{"start":{"line":346,"column":22},"end":{"line":346,"column":62}},"217":{"start":{"line":347,"column":12},"end":{"line":351,"column":15}},"218":{"start":{"line":348,"column":16},"end":{"line":348,"column":30}},"219":{"start":{"line":350,"column":16},"end":{"line":350,"column":30}},"220":{"start":{"line":353,"column":8},"end":{"line":358,"column":11}},"221":{"start":{"line":354,"column":12},"end":{"line":357,"column":15}},"222":{"start":{"line":355,"column":16},"end":{"line":355,"column":47}},"223":{"start":{"line":356,"column":16},"end":{"line":356,"column":23}},"224":{"start":{"line":359,"column":8},"end":{"line":364,"column":11}},"225":{"start":{"line":360,"column":12},"end":{"line":363,"column":15}},"226":{"start":{"line":361,"column":16},"end":{"line":361,"column":60}},"227":{"start":{"line":362,"column":16},"end":{"line":362,"column":23}},"228":{"start":{"line":366,"column":8},"end":{"line":372,"column":11}},"229":{"start":{"line":367,"column":12},"end":{"line":371,"column":15}},"230":{"start":{"line":369,"column":16},"end":{"line":369,"column":48}},"231":{"start":{"line":370,"column":16},"end":{"line":370,"column":23}},"232":{"start":{"line":373,"column":8},"end":{"line":378,"column":11}},"233":{"start":{"line":374,"column":12},"end":{"line":377,"column":15}},"234":{"start":{"line":375,"column":16},"end":{"line":375,"column":58}},"235":{"start":{"line":376,"column":16},"end":{"line":376,"column":23}},"236":{"start":{"line":379,"column":8},"end":{"line":384,"column":11}},"237":{"start":{"line":380,"column":12},"end":{"line":383,"column":15}},"238":{"start":{"line":381,"column":16},"end":{"line":381,"column":56}},"239":{"start":{"line":382,"column":16},"end":{"line":382,"column":23}},"240":{"start":{"line":385,"column":8},"end":{"line":390,"column":11}},"241":{"start":{"line":386,"column":12},"end":{"line":389,"column":15}},"242":{"start":{"line":387,"column":16},"end":{"line":387,"column":67}},"243":{"start":{"line":388,"column":16},"end":{"line":388,"column":23}},"244":{"start":{"line":391,"column":8},"end":{"line":396,"column":11}},"245":{"start":{"line":392,"column":12},"end":{"line":395,"column":15}},"246":{"start":{"line":393,"column":16},"end":{"line":393,"column":66}},"247":{"start":{"line":394,"column":16},"end":{"line":394,"column":23}},"248":{"start":{"line":398,"column":4},"end":{"line":464,"column":7}},"249":{"start":{"line":399,"column":8},"end":{"line":411,"column":11}},"250":{"start":{"line":400,"column":22},"end":{"line":400,"column":430}},"251":{"start":{"line":401,"column":12},"end":{"line":410,"column":15}},"252":{"start":{"line":402,"column":26},"end":{"line":402,"column":191}},"253":{"start":{"line":403,"column":16},"end":{"line":407,"column":19}},"254":{"start":{"line":404,"column":20},"end":{"line":404,"column":34}},"255":{"start":{"line":406,"column":20},"end":{"line":406,"column":34}},"256":{"start":{"line":409,"column":16},"end":{"line":409,"column":30}},"257":{"start":{"line":412,"column":8},"end":{"line":419,"column":11}},"258":{"start":{"line":413,"column":22},"end":{"line":413,"column":62}},"259":{"start":{"line":414,"column":12},"end":{"line":418,"column":15}},"260":{"start":{"line":415,"column":16},"end":{"line":415,"column":30}},"261":{"start":{"line":417,"column":16},"end":{"line":417,"column":30}},"262":{"start":{"line":420,"column":8},"end":{"line":425,"column":11}},"263":{"start":{"line":421,"column":12},"end":{"line":424,"column":15}},"264":{"start":{"line":422,"column":16},"end":{"line":422,"column":47}},"265":{"start":{"line":423,"column":16},"end":{"line":423,"column":23}},"266":{"start":{"line":426,"column":8},"end":{"line":431,"column":11}},"267":{"start":{"line":427,"column":12},"end":{"line":430,"column":15}},"268":{"start":{"line":428,"column":16},"end":{"line":428,"column":60}},"269":{"start":{"line":429,"column":16},"end":{"line":429,"column":23}},"270":{"start":{"line":433,"column":8},"end":{"line":439,"column":11}},"271":{"start":{"line":434,"column":12},"end":{"line":438,"column":15}},"272":{"start":{"line":436,"column":16},"end":{"line":436,"column":48}},"273":{"start":{"line":437,"column":16},"end":{"line":437,"column":23}},"274":{"start":{"line":440,"column":8},"end":{"line":445,"column":11}},"275":{"start":{"line":441,"column":12},"end":{"line":444,"column":15}},"276":{"start":{"line":442,"column":16},"end":{"line":442,"column":58}},"277":{"start":{"line":443,"column":16},"end":{"line":443,"column":23}},"278":{"start":{"line":446,"column":8},"end":{"line":451,"column":11}},"279":{"start":{"line":447,"column":12},"end":{"line":450,"column":15}},"280":{"start":{"line":448,"column":16},"end":{"line":448,"column":56}},"281":{"start":{"line":449,"column":16},"end":{"line":449,"column":23}},"282":{"start":{"line":452,"column":8},"end":{"line":457,"column":11}},"283":{"start":{"line":453,"column":12},"end":{"line":456,"column":15}},"284":{"start":{"line":454,"column":16},"end":{"line":454,"column":67}},"285":{"start":{"line":455,"column":16},"end":{"line":455,"column":23}},"286":{"start":{"line":458,"column":8},"end":{"line":463,"column":11}},"287":{"start":{"line":459,"column":12},"end":{"line":462,"column":15}},"288":{"start":{"line":460,"column":16},"end":{"line":460,"column":66}},"289":{"start":{"line":461,"column":16},"end":{"line":461,"column":23}}},"fnMap":{"0":{"name":"_interopRequireDefault","decl":{"start":{"line":33,"column":9},"end":{"line":33,"column":31}},"loc":{"start":{"line":33,"column":37},"end":{"line":33,"column":95}},"line":33},"1":{"name":"(anonymous_1)","decl":{"start":{"line":39,"column":46},"end":{"line":39,"column":47}},"loc":{"start":{"line":39,"column":58},"end":{"line":465,"column":1}},"line":39},"2":{"name":"(anonymous_2)","decl":{"start":{"line":40,"column":51},"end":{"line":40,"column":52}},"loc":{"start":{"line":40,"column":63},"end":{"line":109,"column":5}},"line":40},"3":{"name":"(anonymous_3)","decl":{"start":{"line":41,"column":19},"end":{"line":41,"column":20}},"loc":{"start":{"line":41,"column":35},"end":{"line":63,"column":9}},"line":41},"4":{"name":"(anonymous_4)","decl":{"start":{"line":43,"column":52},"end":{"line":43,"column":53}},"loc":{"start":{"line":43,"column":70},"end":{"line":60,"column":13}},"line":43},"5":{"name":"(anonymous_5)","decl":{"start":{"line":45,"column":56},"end":{"line":45,"column":57}},"loc":{"start":{"line":45,"column":74},"end":{"line":57,"column":17}},"line":45},"6":{"name":"(anonymous_6)","decl":{"start":{"line":47,"column":60},"end":{"line":47,"column":61}},"loc":{"start":{"line":47,"column":78},"end":{"line":54,"column":21}},"line":47},"7":{"name":"(anonymous_7)","decl":{"start":{"line":49,"column":64},"end":{"line":49,"column":65}},"loc":{"start":{"line":49,"column":82},"end":{"line":51,"column":25}},"line":49},"8":{"name":"(anonymous_8)","decl":{"start":{"line":51,"column":33},"end":{"line":51,"column":34}},"loc":{"start":{"line":51,"column":48},"end":{"line":53,"column":25}},"line":51},"9":{"name":"(anonymous_9)","decl":{"start":{"line":54,"column":29},"end":{"line":54,"column":30}},"loc":{"start":{"line":54,"column":44},"end":{"line":56,"column":21}},"line":54},"10":{"name":"(anonymous_10)","decl":{"start":{"line":57,"column":25},"end":{"line":57,"column":26}},"loc":{"start":{"line":57,"column":40},"end":{"line":59,"column":17}},"line":57},"11":{"name":"(anonymous_11)","decl":{"start":{"line":60,"column":21},"end":{"line":60,"column":22}},"loc":{"start":{"line":60,"column":36},"end":{"line":62,"column":13}},"line":60},"12":{"name":"(anonymous_12)","decl":{"start":{"line":64,"column":18},"end":{"line":64,"column":19}},"loc":{"start":{"line":64,"column":34},"end":{"line":76,"column":9}},"line":64},"13":{"name":"(anonymous_13)","decl":{"start":{"line":66,"column":52},"end":{"line":66,"column":53}},"loc":{"start":{"line":66,"column":70},"end":{"line":73,"column":13}},"line":66},"14":{"name":"(anonymous_14)","decl":{"start":{"line":68,"column":56},"end":{"line":68,"column":57}},"loc":{"start":{"line":68,"column":74},"end":{"line":70,"column":17}},"line":68},"15":{"name":"(anonymous_15)","decl":{"start":{"line":70,"column":25},"end":{"line":70,"column":26}},"loc":{"start":{"line":70,"column":42},"end":{"line":72,"column":17}},"line":70},"16":{"name":"(anonymous_16)","decl":{"start":{"line":73,"column":21},"end":{"line":73,"column":22}},"loc":{"start":{"line":73,"column":38},"end":{"line":75,"column":13}},"line":73},"17":{"name":"(anonymous_17)","decl":{"start":{"line":77,"column":43},"end":{"line":77,"column":44}},"loc":{"start":{"line":77,"column":59},"end":{"line":82,"column":9}},"line":77},"18":{"name":"(anonymous_18)","decl":{"start":{"line":78,"column":169},"end":{"line":78,"column":170}},"loc":{"start":{"line":78,"column":189},"end":{"line":81,"column":13}},"line":78},"19":{"name":"(anonymous_19)","decl":{"start":{"line":83,"column":47},"end":{"line":83,"column":48}},"loc":{"start":{"line":83,"column":63},"end":{"line":88,"column":9}},"line":83},"20":{"name":"(anonymous_20)","decl":{"start":{"line":84,"column":169},"end":{"line":84,"column":170}},"loc":{"start":{"line":84,"column":189},"end":{"line":87,"column":13}},"line":84},"21":{"name":"(anonymous_21)","decl":{"start":{"line":89,"column":45},"end":{"line":89,"column":46}},"loc":{"start":{"line":89,"column":61},"end":{"line":94,"column":9}},"line":89},"22":{"name":"(anonymous_22)","decl":{"start":{"line":90,"column":129},"end":{"line":90,"column":130}},"loc":{"start":{"line":90,"column":149},"end":{"line":93,"column":13}},"line":90},"23":{"name":"(anonymous_23)","decl":{"start":{"line":95,"column":51},"end":{"line":95,"column":52}},"loc":{"start":{"line":95,"column":67},"end":{"line":101,"column":9}},"line":95},"24":{"name":"(anonymous_24)","decl":{"start":{"line":96,"column":169},"end":{"line":96,"column":170}},"loc":{"start":{"line":96,"column":189},"end":{"line":100,"column":13}},"line":96},"25":{"name":"(anonymous_25)","decl":{"start":{"line":103,"column":38},"end":{"line":103,"column":39}},"loc":{"start":{"line":103,"column":54},"end":{"line":108,"column":9}},"line":103},"26":{"name":"(anonymous_26)","decl":{"start":{"line":104,"column":169},"end":{"line":104,"column":170}},"loc":{"start":{"line":104,"column":189},"end":{"line":107,"column":13}},"line":104},"27":{"name":"(anonymous_27)","decl":{"start":{"line":110,"column":49},"end":{"line":110,"column":50}},"loc":{"start":{"line":110,"column":61},"end":{"line":173,"column":5}},"line":110},"28":{"name":"(anonymous_28)","decl":{"start":{"line":111,"column":19},"end":{"line":111,"column":20}},"loc":{"start":{"line":111,"column":35},"end":{"line":127,"column":9}},"line":111},"29":{"name":"(anonymous_29)","decl":{"start":{"line":113,"column":52},"end":{"line":113,"column":53}},"loc":{"start":{"line":113,"column":70},"end":{"line":124,"column":13}},"line":113},"30":{"name":"(anonymous_30)","decl":{"start":{"line":115,"column":56},"end":{"line":115,"column":57}},"loc":{"start":{"line":115,"column":74},"end":{"line":123,"column":17}},"line":115},"31":{"name":"(anonymous_31)","decl":{"start":{"line":117,"column":60},"end":{"line":117,"column":61}},"loc":{"start":{"line":117,"column":78},"end":{"line":122,"column":21}},"line":117},"32":{"name":"(anonymous_32)","decl":{"start":{"line":119,"column":64},"end":{"line":119,"column":65}},"loc":{"start":{"line":119,"column":82},"end":{"line":121,"column":25}},"line":119},"33":{"name":"(anonymous_33)","decl":{"start":{"line":124,"column":21},"end":{"line":124,"column":22}},"loc":{"start":{"line":124,"column":36},"end":{"line":126,"column":13}},"line":124},"34":{"name":"(anonymous_34)","decl":{"start":{"line":128,"column":18},"end":{"line":128,"column":19}},"loc":{"start":{"line":128,"column":34},"end":{"line":140,"column":9}},"line":128},"35":{"name":"(anonymous_35)","decl":{"start":{"line":130,"column":52},"end":{"line":130,"column":53}},"loc":{"start":{"line":130,"column":70},"end":{"line":137,"column":13}},"line":130},"36":{"name":"(anonymous_36)","decl":{"start":{"line":132,"column":56},"end":{"line":132,"column":57}},"loc":{"start":{"line":132,"column":74},"end":{"line":134,"column":17}},"line":132},"37":{"name":"(anonymous_37)","decl":{"start":{"line":134,"column":25},"end":{"line":134,"column":26}},"loc":{"start":{"line":134,"column":42},"end":{"line":136,"column":17}},"line":134},"38":{"name":"(anonymous_38)","decl":{"start":{"line":137,"column":21},"end":{"line":137,"column":22}},"loc":{"start":{"line":137,"column":38},"end":{"line":139,"column":13}},"line":137},"39":{"name":"(anonymous_39)","decl":{"start":{"line":141,"column":43},"end":{"line":141,"column":44}},"loc":{"start":{"line":141,"column":59},"end":{"line":146,"column":9}},"line":141},"40":{"name":"(anonymous_40)","decl":{"start":{"line":142,"column":174},"end":{"line":142,"column":175}},"loc":{"start":{"line":142,"column":194},"end":{"line":145,"column":13}},"line":142},"41":{"name":"(anonymous_41)","decl":{"start":{"line":147,"column":47},"end":{"line":147,"column":48}},"loc":{"start":{"line":147,"column":63},"end":{"line":152,"column":9}},"line":147},"42":{"name":"(anonymous_42)","decl":{"start":{"line":148,"column":174},"end":{"line":148,"column":175}},"loc":{"start":{"line":148,"column":194},"end":{"line":151,"column":13}},"line":148},"43":{"name":"(anonymous_43)","decl":{"start":{"line":153,"column":45},"end":{"line":153,"column":46}},"loc":{"start":{"line":153,"column":61},"end":{"line":158,"column":9}},"line":153},"44":{"name":"(anonymous_44)","decl":{"start":{"line":154,"column":134},"end":{"line":154,"column":135}},"loc":{"start":{"line":154,"column":154},"end":{"line":157,"column":13}},"line":154},"45":{"name":"(anonymous_45)","decl":{"start":{"line":159,"column":51},"end":{"line":159,"column":52}},"loc":{"start":{"line":159,"column":67},"end":{"line":165,"column":9}},"line":159},"46":{"name":"(anonymous_46)","decl":{"start":{"line":160,"column":174},"end":{"line":160,"column":175}},"loc":{"start":{"line":160,"column":194},"end":{"line":164,"column":13}},"line":160},"47":{"name":"(anonymous_47)","decl":{"start":{"line":167,"column":38},"end":{"line":167,"column":39}},"loc":{"start":{"line":167,"column":54},"end":{"line":172,"column":9}},"line":167},"48":{"name":"(anonymous_48)","decl":{"start":{"line":168,"column":174},"end":{"line":168,"column":175}},"loc":{"start":{"line":168,"column":194},"end":{"line":171,"column":13}},"line":168},"49":{"name":"(anonymous_49)","decl":{"start":{"line":174,"column":48},"end":{"line":174,"column":49}},"loc":{"start":{"line":174,"column":60},"end":{"line":233,"column":5}},"line":174},"50":{"name":"(anonymous_50)","decl":{"start":{"line":175,"column":19},"end":{"line":175,"column":20}},"loc":{"start":{"line":175,"column":35},"end":{"line":187,"column":9}},"line":175},"51":{"name":"(anonymous_51)","decl":{"start":{"line":177,"column":52},"end":{"line":177,"column":53}},"loc":{"start":{"line":177,"column":70},"end":{"line":184,"column":13}},"line":177},"52":{"name":"(anonymous_52)","decl":{"start":{"line":179,"column":56},"end":{"line":179,"column":57}},"loc":{"start":{"line":179,"column":74},"end":{"line":181,"column":17}},"line":179},"53":{"name":"(anonymous_53)","decl":{"start":{"line":181,"column":25},"end":{"line":181,"column":26}},"loc":{"start":{"line":181,"column":40},"end":{"line":183,"column":17}},"line":181},"54":{"name":"(anonymous_54)","decl":{"start":{"line":184,"column":21},"end":{"line":184,"column":22}},"loc":{"start":{"line":184,"column":36},"end":{"line":186,"column":13}},"line":184},"55":{"name":"(anonymous_55)","decl":{"start":{"line":188,"column":18},"end":{"line":188,"column":19}},"loc":{"start":{"line":188,"column":34},"end":{"line":200,"column":9}},"line":188},"56":{"name":"(anonymous_56)","decl":{"start":{"line":190,"column":52},"end":{"line":190,"column":53}},"loc":{"start":{"line":190,"column":70},"end":{"line":197,"column":13}},"line":190},"57":{"name":"(anonymous_57)","decl":{"start":{"line":192,"column":56},"end":{"line":192,"column":57}},"loc":{"start":{"line":192,"column":74},"end":{"line":194,"column":17}},"line":192},"58":{"name":"(anonymous_58)","decl":{"start":{"line":194,"column":25},"end":{"line":194,"column":26}},"loc":{"start":{"line":194,"column":42},"end":{"line":196,"column":17}},"line":194},"59":{"name":"(anonymous_59)","decl":{"start":{"line":197,"column":21},"end":{"line":197,"column":22}},"loc":{"start":{"line":197,"column":38},"end":{"line":199,"column":13}},"line":197},"60":{"name":"(anonymous_60)","decl":{"start":{"line":201,"column":43},"end":{"line":201,"column":44}},"loc":{"start":{"line":201,"column":59},"end":{"line":206,"column":9}},"line":201},"61":{"name":"(anonymous_61)","decl":{"start":{"line":202,"column":193},"end":{"line":202,"column":194}},"loc":{"start":{"line":202,"column":213},"end":{"line":205,"column":13}},"line":202},"62":{"name":"(anonymous_62)","decl":{"start":{"line":207,"column":47},"end":{"line":207,"column":48}},"loc":{"start":{"line":207,"column":63},"end":{"line":212,"column":9}},"line":207},"63":{"name":"(anonymous_63)","decl":{"start":{"line":208,"column":193},"end":{"line":208,"column":194}},"loc":{"start":{"line":208,"column":213},"end":{"line":211,"column":13}},"line":208},"64":{"name":"(anonymous_64)","decl":{"start":{"line":213,"column":45},"end":{"line":213,"column":46}},"loc":{"start":{"line":213,"column":61},"end":{"line":218,"column":9}},"line":213},"65":{"name":"(anonymous_65)","decl":{"start":{"line":214,"column":193},"end":{"line":214,"column":194}},"loc":{"start":{"line":214,"column":213},"end":{"line":217,"column":13}},"line":214},"66":{"name":"(anonymous_66)","decl":{"start":{"line":219,"column":51},"end":{"line":219,"column":52}},"loc":{"start":{"line":219,"column":67},"end":{"line":225,"column":9}},"line":219},"67":{"name":"(anonymous_67)","decl":{"start":{"line":220,"column":193},"end":{"line":220,"column":194}},"loc":{"start":{"line":220,"column":213},"end":{"line":224,"column":13}},"line":220},"68":{"name":"(anonymous_68)","decl":{"start":{"line":227,"column":38},"end":{"line":227,"column":39}},"loc":{"start":{"line":227,"column":54},"end":{"line":232,"column":9}},"line":227},"69":{"name":"(anonymous_69)","decl":{"start":{"line":228,"column":193},"end":{"line":228,"column":194}},"loc":{"start":{"line":228,"column":213},"end":{"line":231,"column":13}},"line":228},"70":{"name":"(anonymous_70)","decl":{"start":{"line":234,"column":51},"end":{"line":234,"column":52}},"loc":{"start":{"line":234,"column":63},"end":{"line":267,"column":5}},"line":234},"71":{"name":"(anonymous_71)","decl":{"start":{"line":235,"column":43},"end":{"line":235,"column":44}},"loc":{"start":{"line":235,"column":59},"end":{"line":240,"column":9}},"line":235},"72":{"name":"(anonymous_72)","decl":{"start":{"line":236,"column":170},"end":{"line":236,"column":171}},"loc":{"start":{"line":236,"column":190},"end":{"line":239,"column":13}},"line":236},"73":{"name":"(anonymous_73)","decl":{"start":{"line":241,"column":47},"end":{"line":241,"column":48}},"loc":{"start":{"line":241,"column":63},"end":{"line":246,"column":9}},"line":241},"74":{"name":"(anonymous_74)","decl":{"start":{"line":242,"column":170},"end":{"line":242,"column":171}},"loc":{"start":{"line":242,"column":190},"end":{"line":245,"column":13}},"line":242},"75":{"name":"(anonymous_75)","decl":{"start":{"line":247,"column":45},"end":{"line":247,"column":46}},"loc":{"start":{"line":247,"column":61},"end":{"line":252,"column":9}},"line":247},"76":{"name":"(anonymous_76)","decl":{"start":{"line":248,"column":170},"end":{"line":248,"column":171}},"loc":{"start":{"line":248,"column":190},"end":{"line":251,"column":13}},"line":248},"77":{"name":"(anonymous_77)","decl":{"start":{"line":253,"column":51},"end":{"line":253,"column":52}},"loc":{"start":{"line":253,"column":67},"end":{"line":259,"column":9}},"line":253},"78":{"name":"(anonymous_78)","decl":{"start":{"line":254,"column":170},"end":{"line":254,"column":171}},"loc":{"start":{"line":254,"column":190},"end":{"line":258,"column":13}},"line":254},"79":{"name":"(anonymous_79)","decl":{"start":{"line":261,"column":38},"end":{"line":261,"column":39}},"loc":{"start":{"line":261,"column":54},"end":{"line":266,"column":9}},"line":261},"80":{"name":"(anonymous_80)","decl":{"start":{"line":262,"column":170},"end":{"line":262,"column":171}},"loc":{"start":{"line":262,"column":190},"end":{"line":265,"column":13}},"line":262},"81":{"name":"(anonymous_81)","decl":{"start":{"line":268,"column":51},"end":{"line":268,"column":52}},"loc":{"start":{"line":268,"column":63},"end":{"line":301,"column":5}},"line":268},"82":{"name":"(anonymous_82)","decl":{"start":{"line":269,"column":43},"end":{"line":269,"column":44}},"loc":{"start":{"line":269,"column":59},"end":{"line":274,"column":9}},"line":269},"83":{"name":"(anonymous_83)","decl":{"start":{"line":270,"column":169},"end":{"line":270,"column":170}},"loc":{"start":{"line":270,"column":189},"end":{"line":273,"column":13}},"line":270},"84":{"name":"(anonymous_84)","decl":{"start":{"line":275,"column":47},"end":{"line":275,"column":48}},"loc":{"start":{"line":275,"column":63},"end":{"line":280,"column":9}},"line":275},"85":{"name":"(anonymous_85)","decl":{"start":{"line":276,"column":169},"end":{"line":276,"column":170}},"loc":{"start":{"line":276,"column":189},"end":{"line":279,"column":13}},"line":276},"86":{"name":"(anonymous_86)","decl":{"start":{"line":281,"column":45},"end":{"line":281,"column":46}},"loc":{"start":{"line":281,"column":61},"end":{"line":286,"column":9}},"line":281},"87":{"name":"(anonymous_87)","decl":{"start":{"line":282,"column":169},"end":{"line":282,"column":170}},"loc":{"start":{"line":282,"column":189},"end":{"line":285,"column":13}},"line":282},"88":{"name":"(anonymous_88)","decl":{"start":{"line":287,"column":51},"end":{"line":287,"column":52}},"loc":{"start":{"line":287,"column":67},"end":{"line":293,"column":9}},"line":287},"89":{"name":"(anonymous_89)","decl":{"start":{"line":288,"column":169},"end":{"line":288,"column":170}},"loc":{"start":{"line":288,"column":189},"end":{"line":292,"column":13}},"line":288},"90":{"name":"(anonymous_90)","decl":{"start":{"line":295,"column":38},"end":{"line":295,"column":39}},"loc":{"start":{"line":295,"column":54},"end":{"line":300,"column":9}},"line":295},"91":{"name":"(anonymous_91)","decl":{"start":{"line":296,"column":169},"end":{"line":296,"column":170}},"loc":{"start":{"line":296,"column":189},"end":{"line":299,"column":13}},"line":296},"92":{"name":"(anonymous_92)","decl":{"start":{"line":302,"column":51},"end":{"line":302,"column":52}},"loc":{"start":{"line":302,"column":63},"end":{"line":335,"column":5}},"line":302},"93":{"name":"(anonymous_93)","decl":{"start":{"line":303,"column":43},"end":{"line":303,"column":44}},"loc":{"start":{"line":303,"column":59},"end":{"line":308,"column":9}},"line":303},"94":{"name":"(anonymous_94)","decl":{"start":{"line":304,"column":140},"end":{"line":304,"column":141}},"loc":{"start":{"line":304,"column":160},"end":{"line":307,"column":13}},"line":304},"95":{"name":"(anonymous_95)","decl":{"start":{"line":309,"column":47},"end":{"line":309,"column":48}},"loc":{"start":{"line":309,"column":63},"end":{"line":314,"column":9}},"line":309},"96":{"name":"(anonymous_96)","decl":{"start":{"line":310,"column":140},"end":{"line":310,"column":141}},"loc":{"start":{"line":310,"column":160},"end":{"line":313,"column":13}},"line":310},"97":{"name":"(anonymous_97)","decl":{"start":{"line":315,"column":45},"end":{"line":315,"column":46}},"loc":{"start":{"line":315,"column":61},"end":{"line":320,"column":9}},"line":315},"98":{"name":"(anonymous_98)","decl":{"start":{"line":316,"column":140},"end":{"line":316,"column":141}},"loc":{"start":{"line":316,"column":160},"end":{"line":319,"column":13}},"line":316},"99":{"name":"(anonymous_99)","decl":{"start":{"line":321,"column":51},"end":{"line":321,"column":52}},"loc":{"start":{"line":321,"column":67},"end":{"line":327,"column":9}},"line":321},"100":{"name":"(anonymous_100)","decl":{"start":{"line":322,"column":140},"end":{"line":322,"column":141}},"loc":{"start":{"line":322,"column":160},"end":{"line":326,"column":13}},"line":322},"101":{"name":"(anonymous_101)","decl":{"start":{"line":329,"column":38},"end":{"line":329,"column":39}},"loc":{"start":{"line":329,"column":54},"end":{"line":334,"column":9}},"line":329},"102":{"name":"(anonymous_102)","decl":{"start":{"line":330,"column":140},"end":{"line":330,"column":141}},"loc":{"start":{"line":330,"column":160},"end":{"line":333,"column":13}},"line":330},"103":{"name":"(anonymous_103)","decl":{"start":{"line":336,"column":41},"end":{"line":336,"column":42}},"loc":{"start":{"line":336,"column":53},"end":{"line":397,"column":5}},"line":336},"104":{"name":"(anonymous_104)","decl":{"start":{"line":337,"column":19},"end":{"line":337,"column":20}},"loc":{"start":{"line":337,"column":35},"end":{"line":344,"column":9}},"line":337},"105":{"name":"(anonymous_105)","decl":{"start":{"line":339,"column":52},"end":{"line":339,"column":53}},"loc":{"start":{"line":339,"column":70},"end":{"line":341,"column":13}},"line":339},"106":{"name":"(anonymous_106)","decl":{"start":{"line":341,"column":21},"end":{"line":341,"column":22}},"loc":{"start":{"line":341,"column":36},"end":{"line":343,"column":13}},"line":341},"107":{"name":"(anonymous_107)","decl":{"start":{"line":345,"column":18},"end":{"line":345,"column":19}},"loc":{"start":{"line":345,"column":34},"end":{"line":352,"column":9}},"line":345},"108":{"name":"(anonymous_108)","decl":{"start":{"line":347,"column":52},"end":{"line":347,"column":53}},"loc":{"start":{"line":347,"column":70},"end":{"line":349,"column":13}},"line":347},"109":{"name":"(anonymous_109)","decl":{"start":{"line":349,"column":21},"end":{"line":349,"column":22}},"loc":{"start":{"line":349,"column":36},"end":{"line":351,"column":13}},"line":349},"110":{"name":"(anonymous_110)","decl":{"start":{"line":353,"column":43},"end":{"line":353,"column":44}},"loc":{"start":{"line":353,"column":59},"end":{"line":358,"column":9}},"line":353},"111":{"name":"(anonymous_111)","decl":{"start":{"line":354,"column":121},"end":{"line":354,"column":122}},"loc":{"start":{"line":354,"column":141},"end":{"line":357,"column":13}},"line":354},"112":{"name":"(anonymous_112)","decl":{"start":{"line":359,"column":47},"end":{"line":359,"column":48}},"loc":{"start":{"line":359,"column":63},"end":{"line":364,"column":9}},"line":359},"113":{"name":"(anonymous_113)","decl":{"start":{"line":360,"column":121},"end":{"line":360,"column":122}},"loc":{"start":{"line":360,"column":141},"end":{"line":363,"column":13}},"line":360},"114":{"name":"(anonymous_114)","decl":{"start":{"line":366,"column":51},"end":{"line":366,"column":52}},"loc":{"start":{"line":366,"column":67},"end":{"line":372,"column":9}},"line":366},"115":{"name":"(anonymous_115)","decl":{"start":{"line":367,"column":121},"end":{"line":367,"column":122}},"loc":{"start":{"line":367,"column":141},"end":{"line":371,"column":13}},"line":367},"116":{"name":"(anonymous_116)","decl":{"start":{"line":373,"column":45},"end":{"line":373,"column":46}},"loc":{"start":{"line":373,"column":61},"end":{"line":378,"column":9}},"line":373},"117":{"name":"(anonymous_117)","decl":{"start":{"line":374,"column":121},"end":{"line":374,"column":122}},"loc":{"start":{"line":374,"column":141},"end":{"line":377,"column":13}},"line":374},"118":{"name":"(anonymous_118)","decl":{"start":{"line":379,"column":38},"end":{"line":379,"column":39}},"loc":{"start":{"line":379,"column":54},"end":{"line":384,"column":9}},"line":379},"119":{"name":"(anonymous_119)","decl":{"start":{"line":380,"column":121},"end":{"line":380,"column":122}},"loc":{"start":{"line":380,"column":141},"end":{"line":383,"column":13}},"line":380},"120":{"name":"(anonymous_120)","decl":{"start":{"line":385,"column":46},"end":{"line":385,"column":47}},"loc":{"start":{"line":385,"column":62},"end":{"line":390,"column":9}},"line":385},"121":{"name":"(anonymous_121)","decl":{"start":{"line":386,"column":121},"end":{"line":386,"column":122}},"loc":{"start":{"line":386,"column":141},"end":{"line":389,"column":13}},"line":386},"122":{"name":"(anonymous_122)","decl":{"start":{"line":391,"column":45},"end":{"line":391,"column":46}},"loc":{"start":{"line":391,"column":61},"end":{"line":396,"column":9}},"line":391},"123":{"name":"(anonymous_123)","decl":{"start":{"line":392,"column":121},"end":{"line":392,"column":122}},"loc":{"start":{"line":392,"column":141},"end":{"line":395,"column":13}},"line":392},"124":{"name":"(anonymous_124)","decl":{"start":{"line":398,"column":39},"end":{"line":398,"column":40}},"loc":{"start":{"line":398,"column":51},"end":{"line":464,"column":5}},"line":398},"125":{"name":"(anonymous_125)","decl":{"start":{"line":399,"column":19},"end":{"line":399,"column":20}},"loc":{"start":{"line":399,"column":35},"end":{"line":411,"column":9}},"line":399},"126":{"name":"(anonymous_126)","decl":{"start":{"line":401,"column":52},"end":{"line":401,"column":53}},"loc":{"start":{"line":401,"column":70},"end":{"line":408,"column":13}},"line":401},"127":{"name":"(anonymous_127)","decl":{"start":{"line":403,"column":238},"end":{"line":403,"column":239}},"loc":{"start":{"line":403,"column":256},"end":{"line":405,"column":17}},"line":403},"128":{"name":"(anonymous_128)","decl":{"start":{"line":405,"column":25},"end":{"line":405,"column":26}},"loc":{"start":{"line":405,"column":42},"end":{"line":407,"column":17}},"line":405},"129":{"name":"(anonymous_129)","decl":{"start":{"line":408,"column":21},"end":{"line":408,"column":22}},"loc":{"start":{"line":408,"column":36},"end":{"line":410,"column":13}},"line":408},"130":{"name":"(anonymous_130)","decl":{"start":{"line":412,"column":18},"end":{"line":412,"column":19}},"loc":{"start":{"line":412,"column":34},"end":{"line":419,"column":9}},"line":412},"131":{"name":"(anonymous_131)","decl":{"start":{"line":414,"column":52},"end":{"line":414,"column":53}},"loc":{"start":{"line":414,"column":70},"end":{"line":416,"column":13}},"line":414},"132":{"name":"(anonymous_132)","decl":{"start":{"line":416,"column":21},"end":{"line":416,"column":22}},"loc":{"start":{"line":416,"column":36},"end":{"line":418,"column":13}},"line":416},"133":{"name":"(anonymous_133)","decl":{"start":{"line":420,"column":43},"end":{"line":420,"column":44}},"loc":{"start":{"line":420,"column":59},"end":{"line":425,"column":9}},"line":420},"134":{"name":"(anonymous_134)","decl":{"start":{"line":421,"column":114},"end":{"line":421,"column":115}},"loc":{"start":{"line":421,"column":134},"end":{"line":424,"column":13}},"line":421},"135":{"name":"(anonymous_135)","decl":{"start":{"line":426,"column":47},"end":{"line":426,"column":48}},"loc":{"start":{"line":426,"column":63},"end":{"line":431,"column":9}},"line":426},"136":{"name":"(anonymous_136)","decl":{"start":{"line":427,"column":114},"end":{"line":427,"column":115}},"loc":{"start":{"line":427,"column":134},"end":{"line":430,"column":13}},"line":427},"137":{"name":"(anonymous_137)","decl":{"start":{"line":433,"column":51},"end":{"line":433,"column":52}},"loc":{"start":{"line":433,"column":67},"end":{"line":439,"column":9}},"line":433},"138":{"name":"(anonymous_138)","decl":{"start":{"line":434,"column":114},"end":{"line":434,"column":115}},"loc":{"start":{"line":434,"column":134},"end":{"line":438,"column":13}},"line":434},"139":{"name":"(anonymous_139)","decl":{"start":{"line":440,"column":45},"end":{"line":440,"column":46}},"loc":{"start":{"line":440,"column":61},"end":{"line":445,"column":9}},"line":440},"140":{"name":"(anonymous_140)","decl":{"start":{"line":441,"column":114},"end":{"line":441,"column":115}},"loc":{"start":{"line":441,"column":134},"end":{"line":444,"column":13}},"line":441},"141":{"name":"(anonymous_141)","decl":{"start":{"line":446,"column":38},"end":{"line":446,"column":39}},"loc":{"start":{"line":446,"column":54},"end":{"line":451,"column":9}},"line":446},"142":{"name":"(anonymous_142)","decl":{"start":{"line":447,"column":114},"end":{"line":447,"column":115}},"loc":{"start":{"line":447,"column":134},"end":{"line":450,"column":13}},"line":447},"143":{"name":"(anonymous_143)","decl":{"start":{"line":452,"column":46},"end":{"line":452,"column":47}},"loc":{"start":{"line":452,"column":62},"end":{"line":457,"column":9}},"line":452},"144":{"name":"(anonymous_144)","decl":{"start":{"line":453,"column":114},"end":{"line":453,"column":115}},"loc":{"start":{"line":453,"column":134},"end":{"line":456,"column":13}},"line":453},"145":{"name":"(anonymous_145)","decl":{"start":{"line":458,"column":45},"end":{"line":458,"column":46}},"loc":{"start":{"line":458,"column":61},"end":{"line":463,"column":9}},"line":458},"146":{"name":"(anonymous_146)","decl":{"start":{"line":459,"column":114},"end":{"line":459,"column":115}},"loc":{"start":{"line":459,"column":134},"end":{"line":462,"column":13}},"line":459}},"branchMap":{"0":{"loc":{"start":{"line":33,"column":46},"end":{"line":33,"column":92}},"type":"cond-expr","locations":[{"start":{"line":33,"column":70},"end":{"line":33,"column":73}},{"start":{"line":33,"column":76},"end":{"line":33,"column":92}}],"line":33},"1":{"loc":{"start":{"line":33,"column":46},"end":{"line":33,"column":67}},"type":"binary-expr","locations":[{"start":{"line":33,"column":46},"end":{"line":33,"column":49}},{"start":{"line":33,"column":53},"end":{"line":33,"column":67}}],"line":33}},"s":{"0":1,"1":1,"2":1,"3":1,"4":1,"5":1,"6":1,"7":1,"8":1,"9":1,"10":1,"11":1,"12":1,"13":1,"14":1,"15":7,"16":1,"17":1,"18":1,"19":1,"20":1,"21":1,"22":5,"23":5,"24":5,"25":5,"26":5,"27":5,"28":5,"29":5,"30":5,"31":0,"32":0,"33":0,"34":0,"35":0,"36":0,"37":0,"38":0,"39":1,"40":5,"41":5,"42":0,"43":0,"44":0,"45":0,"46":5,"47":1,"48":1,"49":1,"50":1,"51":1,"52":1,"53":1,"54":1,"55":1,"56":1,"57":1,"58":1,"59":1,"60":1,"61":1,"62":1,"63":1,"64":1,"65":1,"66":1,"67":1,"68":1,"69":5,"70":5,"71":5,"72":5,"73":5,"74":5,"75":5,"76":5,"77":5,"78":0,"79":1,"80":5,"81":5,"82":0,"83":0,"84":0,"85":0,"86":5,"87":1,"88":1,"89":1,"90":1,"91":1,"92":1,"93":1,"94":1,"95":1,"96":1,"97":1,"98":1,"99":1,"100":1,"101":1,"102":1,"103":1,"104":1,"105":1,"106":1,"107":1,"108":1,"109":5,"110":5,"111":5,"112":5,"113":5,"114":0,"115":0,"116":0,"117":0,"118":1,"119":5,"120":5,"121":0,"122":0,"123":0,"124":0,"125":5,"126":1,"127":1,"128":1,"129":1,"130":1,"131":1,"132":1,"133":1,"134":1,"135":1,"136":1,"137":1,"138":1,"139":1,"140":1,"141":1,"142":1,"143":1,"144":1,"145":1,"146":1,"147":1,"148":1,"149":1,"150":1,"151":1,"152":1,"153":1,"154":1,"155":1,"156":1,"157":1,"158":1,"159":1,"160":1,"161":1,"162":1,"163":1,"164":1,"165":1,"166":1,"167":1,"168":1,"169":1,"170":1,"171":1,"172":1,"173":1,"174":1,"175":1,"176":1,"177":1,"178":1,"179":1,"180":1,"181":1,"182":1,"183":1,"184":1,"185":1,"186":1,"187":1,"188":1,"189":1,"190":1,"191":1,"192":1,"193":1,"194":1,"195":1,"196":1,"197":1,"198":1,"199":1,"200":1,"201":1,"202":1,"203":1,"204":1,"205":1,"206":1,"207":1,"208":1,"209":1,"210":1,"211":7,"212":7,"213":7,"214":0,"215":1,"216":7,"217":7,"218":7,"219":0,"220":1,"221":1,"222":1,"223":1,"224":1,"225":1,"226":1,"227":1,"228":1,"229":1,"230":1,"231":1,"232":1,"233":1,"234":1,"235":1,"236":1,"237":1,"238":1,"239":1,"240":1,"241":1,"242":1,"243":1,"244":1,"245":1,"246":1,"247":1,"248":1,"249":1,"250":7,"251":7,"252":7,"253":7,"254":7,"255":0,"256":0,"257":1,"258":7,"259":7,"260":7,"261":0,"262":1,"263":1,"264":1,"265":1,"266":1,"267":1,"268":1,"269":1,"270":1,"271":1,"272":1,"273":1,"274":1,"275":1,"276":1,"277":1,"278":1,"279":1,"280":1,"281":1,"282":1,"283":1,"284":1,"285":1,"286":1,"287":1,"288":1,"289":1},"f":{"0":7,"1":1,"2":1,"3":5,"4":5,"5":5,"6":5,"7":5,"8":0,"9":0,"10":0,"11":0,"12":5,"13":0,"14":0,"15":0,"16":5,"17":1,"18":1,"19":1,"20":1,"21":1,"22":1,"23":1,"24":1,"25":1,"26":1,"27":1,"28":5,"29":5,"30":5,"31":5,"32":5,"33":0,"34":5,"35":0,"36":0,"37":0,"38":5,"39":1,"40":1,"41":1,"42":1,"43":1,"44":1,"45":1,"46":1,"47":1,"48":1,"49":1,"50":5,"51":5,"52":5,"53":0,"54":0,"55":5,"56":0,"57":0,"58":0,"59":5,"60":1,"61":1,"62":1,"63":1,"64":1,"65":1,"66":1,"67":1,"68":1,"69":1,"70":1,"71":1,"72":1,"73":1,"74":1,"75":1,"76":1,"77":1,"78":1,"79":1,"80":1,"81":1,"82":1,"83":1,"84":1,"85":1,"86":1,"87":1,"88":1,"89":1,"90":1,"91":1,"92":1,"93":1,"94":1,"95":1,"96":1,"97":1,"98":1,"99":1,"100":1,"101":1,"102":1,"103":1,"104":7,"105":7,"106":0,"107":7,"108":7,"109":0,"110":1,"111":1,"112":1,"113":1,"114":1,"115":1,"116":1,"117":1,"118":1,"119":1,"120":1,"121":1,"122":1,"123":1,"124":1,"125":7,"126":7,"127":7,"128":0,"129":0,"130":7,"131":7,"132":0,"133":1,"134":1,"135":1,"136":1,"137":1,"138":1,"139":1,"140":1,"141":1,"142":1,"143":1,"144":1,"145":1,"146":1},"b":{"0":[2,5],"1":[7,7]},"_coverageSchema":"43e27e138ebf9cfc5966b082cf9a028302ed4184","hash":"acaa49dc5511825eb2ef3e294bf669b227600a3d","contentHash":"3def05391b27ea44cc3885f16e5d6244"},"C:\\Users\\Kazom\\Documents\\andela\\iReporter\\server\\index.js":{"path":"C:\\Users\\Kazom\\Documents\\andela\\iReporter\\server\\index.js","statementMap":{"0":{"start":{"line":3,"column":0},"end":{"line":5,"column":3}},"1":{"start":{"line":7,"column":15},"end":{"line":7,"column":33}},"2":{"start":{"line":9,"column":16},"end":{"line":9,"column":48}},"3":{"start":{"line":11,"column":14},"end":{"line":11,"column":34}},"4":{"start":{"line":13,"column":15},"end":{"line":13,"column":46}},"5":{"start":{"line":15,"column":18},"end":{"line":15,"column":40}},"6":{"start":{"line":17,"column":19},"end":{"line":17,"column":54}},"7":{"start":{"line":19,"column":12},"end":{"line":19,"column":27}},"8":{"start":{"line":21,"column":13},"end":{"line":21,"column":42}},"9":{"start":{"line":23,"column":12},"end":{"line":23,"column":27}},"10":{"start":{"line":25,"column":13},"end":{"line":25,"column":42}},"11":{"start":{"line":27,"column":13},"end":{"line":27,"column":31}},"12":{"start":{"line":29,"column":14},"end":{"line":29,"column":44}},"13":{"start":{"line":31,"column":17},"end":{"line":31,"column":45}},"14":{"start":{"line":33,"column":18},"end":{"line":33,"column":52}},"15":{"start":{"line":35,"column":25},"end":{"line":35,"column":61}},"16":{"start":{"line":37,"column":26},"end":{"line":37,"column":68}},"17":{"start":{"line":39,"column":39},"end":{"line":39,"column":93}},"18":{"start":{"line":41,"column":0},"end":{"line":41,"column":27}},"19":{"start":{"line":43,"column":17},"end":{"line":43,"column":43}},"20":{"start":{"line":44,"column":10},"end":{"line":44,"column":34}},"21":{"start":{"line":45,"column":0},"end":{"line":45,"column":72}},"22":{"start":{"line":46,"column":0},"end":{"line":46,"column":40}},"23":{"start":{"line":47,"column":0},"end":{"line":47,"column":62}},"24":{"start":{"line":48,"column":0},"end":{"line":48,"column":37}},"25":{"start":{"line":50,"column":0},"end":{"line":50,"column":58}},"26":{"start":{"line":51,"column":0},"end":{"line":51,"column":45}},"27":{"start":{"line":53,"column":11},"end":{"line":53,"column":35}},"28":{"start":{"line":54,"column":13},"end":{"line":54,"column":45}},"29":{"start":{"line":55,"column":9},"end":{"line":55,"column":47}},"30":{"start":{"line":56,"column":0},"end":{"line":58,"column":3}},"31":{"start":{"line":57,"column":4},"end":{"line":57,"column":52}},"32":{"start":{"line":60,"column":0},"end":{"line":62,"column":3}},"33":{"start":{"line":61,"column":4},"end":{"line":61,"column":55}},"34":{"start":{"line":64,"column":0},"end":{"line":64,"column":25}}},"fnMap":{"0":{"name":"_interopRequireDefault","decl":{"start":{"line":39,"column":9},"end":{"line":39,"column":31}},"loc":{"start":{"line":39,"column":37},"end":{"line":39,"column":95}},"line":39},"1":{"name":"(anonymous_1)","decl":{"start":{"line":56,"column":20},"end":{"line":56,"column":21}},"loc":{"start":{"line":56,"column":38},"end":{"line":58,"column":1}},"line":56},"2":{"name":"(anonymous_2)","decl":{"start":{"line":60,"column":20},"end":{"line":60,"column":21}},"loc":{"start":{"line":60,"column":32},"end":{"line":62,"column":1}},"line":60}},"branchMap":{"0":{"loc":{"start":{"line":39,"column":46},"end":{"line":39,"column":92}},"type":"cond-expr","locations":[{"start":{"line":39,"column":70},"end":{"line":39,"column":73}},{"start":{"line":39,"column":76},"end":{"line":39,"column":92}}],"line":39},"1":{"loc":{"start":{"line":39,"column":46},"end":{"line":39,"column":67}},"type":"binary-expr","locations":[{"start":{"line":39,"column":46},"end":{"line":39,"column":49}},{"start":{"line":39,"column":53},"end":{"line":39,"column":67}}],"line":39},"2":{"loc":{"start":{"line":53,"column":11},"end":{"line":53,"column":35}},"type":"binary-expr","locations":[{"start":{"line":53,"column":11},"end":{"line":53,"column":27}},{"start":{"line":53,"column":31},"end":{"line":53,"column":35}}],"line":53}},"s":{"0":1,"1":1,"2":1,"3":1,"4":1,"5":1,"6":1,"7":1,"8":1,"9":1,"10":1,"11":1,"12":1,"13":1,"14":1,"15":1,"16":1,"17":8,"18":1,"19":1,"20":1,"21":1,"22":1,"23":1,"24":1,"25":1,"26":1,"27":1,"28":1,"29":1,"30":1,"31":0,"32":1,"33":1,"34":1},"f":{"0":8,"1":0,"2":1},"b":{"0":[3,5],"1":[8,8],"2":[1,0]},"_coverageSchema":"43e27e138ebf9cfc5966b082cf9a028302ed4184","hash":"f9608cd7b81703d8e690c3955bfe1f72f402f029","contentHash":"03e3c7b724b86f26014f4c2bea839c41"},"C:\\Users\\Kazom\\Documents\\andela\\iReporter\\server\\route\\index.js":{"path":"C:\\Users\\Kazom\\Documents\\andela\\iReporter\\server\\route\\index.js","statementMap":{"0":{"start":{"line":3,"column":0},"end":{"line":5,"column":3}},"1":{"start":{"line":7,"column":15},"end":{"line":7,"column":33}},"2":{"start":{"line":9,"column":16},"end":{"line":9,"column":48}},"3":{"start":{"line":11,"column":12},"end":{"line":11,"column":27}},"4":{"start":{"line":13,"column":13},"end":{"line":13,"column":42}},"5":{"start":{"line":15,"column":39},"end":{"line":15,"column":93}},"6":{"start":{"line":17,"column":13},"end":{"line":17,"column":39}},"7":{"start":{"line":19,"column":0},"end":{"line":21,"column":3}},"8":{"start":{"line":20,"column":2},"end":{"line":20,"column":31}},"9":{"start":{"line":23,"column":0},"end":{"line":23,"column":25}}},"fnMap":{"0":{"name":"_interopRequireDefault","decl":{"start":{"line":15,"column":9},"end":{"line":15,"column":31}},"loc":{"start":{"line":15,"column":37},"end":{"line":15,"column":95}},"line":15},"1":{"name":"(anonymous_1)","decl":{"start":{"line":19,"column":16},"end":{"line":19,"column":17}},"loc":{"start":{"line":19,"column":42},"end":{"line":21,"column":1}},"line":19}},"branchMap":{"0":{"loc":{"start":{"line":15,"column":46},"end":{"line":15,"column":92}},"type":"cond-expr","locations":[{"start":{"line":15,"column":70},"end":{"line":15,"column":73}},{"start":{"line":15,"column":76},"end":{"line":15,"column":92}}],"line":15},"1":{"loc":{"start":{"line":15,"column":46},"end":{"line":15,"column":67}},"type":"binary-expr","locations":[{"start":{"line":15,"column":46},"end":{"line":15,"column":49}},{"start":{"line":15,"column":53},"end":{"line":15,"column":67}}],"line":15}},"s":{"0":1,"1":1,"2":1,"3":1,"4":1,"5":2,"6":1,"7":1,"8":0,"9":1},"f":{"0":2,"1":0},"b":{"0":[0,2],"1":[2,2]},"_coverageSchema":"43e27e138ebf9cfc5966b082cf9a028302ed4184","hash":"3d87d703703eae196a74f7d268997de174441a73","contentHash":"8c71dbbd0518521ec6db09084577530f"},"C:\\Users\\Kazom\\Documents\\andela\\iReporter\\server\\route\\authRoute.js":{"path":"C:\\Users\\Kazom\\Documents\\andela\\iReporter\\server\\route\\authRoute.js","statementMap":{"0":{"start":{"line":3,"column":0},"end":{"line":5,"column":3}},"1":{"start":{"line":7,"column":15},"end":{"line":7,"column":33}},"2":{"start":{"line":9,"column":16},"end":{"line":9,"column":48}},"3":{"start":{"line":11,"column":18},"end":{"line":11,"column":42}},"4":{"start":{"line":13,"column":39},"end":{"line":13,"column":93}},"5":{"start":{"line":15,"column":13},"end":{"line":15,"column":39}},"6":{"start":{"line":17,"column":0},"end":{"line":17,"column":47}},"7":{"start":{"line":18,"column":0},"end":{"line":18,"column":41}},"8":{"start":{"line":20,"column":0},"end":{"line":20,"column":25}}},"fnMap":{"0":{"name":"_interopRequireDefault","decl":{"start":{"line":13,"column":9},"end":{"line":13,"column":31}},"loc":{"start":{"line":13,"column":37},"end":{"line":13,"column":95}},"line":13}},"branchMap":{"0":{"loc":{"start":{"line":13,"column":46},"end":{"line":13,"column":92}},"type":"cond-expr","locations":[{"start":{"line":13,"column":70},"end":{"line":13,"column":73}},{"start":{"line":13,"column":76},"end":{"line":13,"column":92}}],"line":13},"1":{"loc":{"start":{"line":13,"column":46},"end":{"line":13,"column":67}},"type":"binary-expr","locations":[{"start":{"line":13,"column":46},"end":{"line":13,"column":49}},{"start":{"line":13,"column":53},"end":{"line":13,"column":67}}],"line":13}},"s":{"0":1,"1":1,"2":1,"3":1,"4":1,"5":1,"6":1,"7":1,"8":1},"f":{"0":1},"b":{"0":[0,1],"1":[1,1]},"_coverageSchema":"43e27e138ebf9cfc5966b082cf9a028302ed4184","hash":"132000724c8cb4950704e674c8b470b5096ca2e6","contentHash":"94a37d467ff96a7a35d40efb1c0fc055"},"C:\\Users\\Kazom\\Documents\\andela\\iReporter\\server\\controller\\index.js":{"path":"C:\\Users\\Kazom\\Documents\\andela\\iReporter\\server\\controller\\index.js","statementMap":{"0":{"start":{"line":3,"column":0},"end":{"line":5,"column":3}},"1":{"start":{"line":7,"column":19},"end":{"line":7,"column":43}},"2":{"start":{"line":9,"column":0},"end":{"line":17,"column":3}},"3":{"start":{"line":10,"column":2},"end":{"line":10,"column":56}},"4":{"start":{"line":10,"column":49},"end":{"line":10,"column":56}},"5":{"start":{"line":11,"column":2},"end":{"line":16,"column":5}},"6":{"start":{"line":14,"column":6},"end":{"line":14,"column":31}},"7":{"start":{"line":19,"column":12},"end":{"line":19,"column":29}},"8":{"start":{"line":21,"column":0},"end":{"line":29,"column":3}},"9":{"start":{"line":22,"column":2},"end":{"line":22,"column":56}},"10":{"start":{"line":22,"column":49},"end":{"line":22,"column":56}},"11":{"start":{"line":23,"column":2},"end":{"line":28,"column":5}},"12":{"start":{"line":26,"column":6},"end":{"line":26,"column":24}}},"fnMap":{"0":{"name":"(anonymous_0)","decl":{"start":{"line":9,"column":34},"end":{"line":9,"column":35}},"loc":{"start":{"line":9,"column":49},"end":{"line":17,"column":1}},"line":9},"1":{"name":"get","decl":{"start":{"line":13,"column":18},"end":{"line":13,"column":21}},"loc":{"start":{"line":13,"column":24},"end":{"line":15,"column":5}},"line":13},"2":{"name":"(anonymous_2)","decl":{"start":{"line":21,"column":27},"end":{"line":21,"column":28}},"loc":{"start":{"line":21,"column":42},"end":{"line":29,"column":1}},"line":21},"3":{"name":"get","decl":{"start":{"line":25,"column":18},"end":{"line":25,"column":21}},"loc":{"start":{"line":25,"column":24},"end":{"line":27,"column":5}},"line":25}},"branchMap":{"0":{"loc":{"start":{"line":10,"column":2},"end":{"line":10,"column":56}},"type":"if","locations":[{"start":{"line":10,"column":2},"end":{"line":10,"column":56}},{"start":{"line":10,"column":2},"end":{"line":10,"column":56}}],"line":10},"1":{"loc":{"start":{"line":10,"column":6},"end":{"line":10,"column":47}},"type":"binary-expr","locations":[{"start":{"line":10,"column":6},"end":{"line":10,"column":23}},{"start":{"line":10,"column":27},"end":{"line":10,"column":47}}],"line":10},"2":{"loc":{"start":{"line":22,"column":2},"end":{"line":22,"column":56}},"type":"if","locations":[{"start":{"line":22,"column":2},"end":{"line":22,"column":56}},{"start":{"line":22,"column":2},"end":{"line":22,"column":56}}],"line":22},"3":{"loc":{"start":{"line":22,"column":6},"end":{"line":22,"column":47}},"type":"binary-expr","locations":[{"start":{"line":22,"column":6},"end":{"line":22,"column":23}},{"start":{"line":22,"column":27},"end":{"line":22,"column":47}}],"line":22}},"s":{"0":1,"1":1,"2":1,"3":6,"4":0,"5":6,"6":6,"7":1,"8":1,"9":2,"10":0,"11":2,"12":2},"f":{"0":6,"1":6,"2":2,"3":2},"b":{"0":[0,6],"1":[6,6],"2":[0,2],"3":[2,2]},"_coverageSchema":"43e27e138ebf9cfc5966b082cf9a028302ed4184","hash":"f53538d422a6224278eab664919f9a81108e2fd3","contentHash":"02b8f83be5b20602bdbb7310b2594ca4"},"C:\\Users\\Kazom\\Documents\\andela\\iReporter\\server\\controller\\getRedFlags.js":{"path":"C:\\Users\\Kazom\\Documents\\andela\\iReporter\\server\\controller\\getRedFlags.js","statementMap":{"0":{"start":{"line":3,"column":0},"end":{"line":5,"column":3}},"1":{"start":{"line":6,"column":0},"end":{"line":6,"column":146}},"2":{"start":{"line":8,"column":13},"end":{"line":8,"column":32}},"3":{"start":{"line":10,"column":14},"end":{"line":10,"column":34}},"4":{"start":{"line":12,"column":15},"end":{"line":12,"column":46}},"5":{"start":{"line":14,"column":13},"end":{"line":14,"column":32}},"6":{"start":{"line":16,"column":39},"end":{"line":16,"column":93}},"7":{"start":{"line":18,"column":18},"end":{"line":32,"column":1}},"8":{"start":{"line":19,"column":4},"end":{"line":31,"column":5}},"9":{"start":{"line":20,"column":19},"end":{"line":20,"column":28}},"10":{"start":{"line":21,"column":23},"end":{"line":21,"column":36}},"11":{"start":{"line":22,"column":21},"end":{"line":22,"column":32}},"12":{"start":{"line":24,"column":8},"end":{"line":30,"column":9}},"13":{"start":{"line":25,"column":22},"end":{"line":25,"column":347}},"14":{"start":{"line":26,"column":12},"end":{"line":26,"column":59}},"15":{"start":{"line":27,"column":15},"end":{"line":30,"column":9}},"16":{"start":{"line":28,"column":23},"end":{"line":28,"column":370}},"17":{"start":{"line":29,"column":12},"end":{"line":29,"column":68}},"18":{"start":{"line":34,"column":17},"end":{"line":58,"column":1}},"19":{"start":{"line":35,"column":4},"end":{"line":57,"column":5}},"20":{"start":{"line":36,"column":21},"end":{"line":36,"column":44}},"21":{"start":{"line":37,"column":8},"end":{"line":49,"column":9}},"22":{"start":{"line":38,"column":29},"end":{"line":38,"column":38}},"23":{"start":{"line":39,"column":27},"end":{"line":39,"column":46}},"24":{"start":{"line":40,"column":25},"end":{"line":40,"column":42}},"25":{"start":{"line":42,"column":12},"end":{"line":48,"column":13}},"26":{"start":{"line":43,"column":26},"end":{"line":43,"column":418}},"27":{"start":{"line":44,"column":16},"end":{"line":44,"column":71}},"28":{"start":{"line":45,"column":19},"end":{"line":48,"column":13}},"29":{"start":{"line":46,"column":28},"end":{"line":46,"column":443}},"30":{"start":{"line":47,"column":16},"end":{"line":47,"column":81}},"31":{"start":{"line":51,"column":8},"end":{"line":51,"column":29}},"32":{"start":{"line":52,"column":8},"end":{"line":52,"column":58}},"33":{"start":{"line":53,"column":8},"end":{"line":56,"column":11}},"34":{"start":{"line":60,"column":17},"end":{"line":124,"column":1}},"35":{"start":{"line":61,"column":21},"end":{"line":61,"column":62}},"36":{"start":{"line":62,"column":22},"end":{"line":62,"column":31}},"37":{"start":{"line":63,"column":17},"end":{"line":63,"column":35}},"38":{"start":{"line":64,"column":19},"end":{"line":64,"column":39}},"39":{"start":{"line":66,"column":4},"end":{"line":68,"column":5}},"40":{"start":{"line":67,"column":8},"end":{"line":67,"column":100}},"41":{"start":{"line":69,"column":20},"end":{"line":69,"column":40}},"42":{"start":{"line":70,"column":15},"end":{"line":70,"column":30}},"43":{"start":{"line":71,"column":19},"end":{"line":71,"column":38}},"44":{"start":{"line":72,"column":17},"end":{"line":72,"column":34}},"45":{"start":{"line":73,"column":17},"end":{"line":73,"column":34}},"46":{"start":{"line":74,"column":18},"end":{"line":74,"column":36}},"47":{"start":{"line":76,"column":19},"end":{"line":76,"column":57}},"48":{"start":{"line":77,"column":22},"end":{"line":77,"column":24}},"49":{"start":{"line":78,"column":22},"end":{"line":78,"column":24}},"50":{"start":{"line":79,"column":4},"end":{"line":123,"column":5}},"51":{"start":{"line":81,"column":21},"end":{"line":81,"column":23}},"52":{"start":{"line":82,"column":8},"end":{"line":84,"column":9}},"53":{"start":{"line":83,"column":12},"end":{"line":83,"column":118}},"54":{"start":{"line":85,"column":8},"end":{"line":85,"column":36}},"55":{"start":{"line":86,"column":18},"end":{"line":86,"column":143}},"56":{"start":{"line":88,"column":8},"end":{"line":107,"column":11}},"57":{"start":{"line":89,"column":12},"end":{"line":104,"column":13}},"58":{"start":{"line":90,"column":29},"end":{"line":90,"column":31}},"59":{"start":{"line":91,"column":16},"end":{"line":93,"column":17}},"60":{"start":{"line":92,"column":20},"end":{"line":92,"column":128}},"61":{"start":{"line":94,"column":16},"end":{"line":94,"column":44}},"62":{"start":{"line":95,"column":28},"end":{"line":95,"column":169}},"63":{"start":{"line":97,"column":16},"end":{"line":101,"column":19}},"64":{"start":{"line":98,"column":20},"end":{"line":98,"column":88}},"65":{"start":{"line":100,"column":20},"end":{"line":100,"column":69}},"66":{"start":{"line":103,"column":16},"end":{"line":103,"column":84}},"67":{"start":{"line":106,"column":12},"end":{"line":106,"column":61}},"68":{"start":{"line":108,"column":11},"end":{"line":123,"column":5}},"69":{"start":{"line":109,"column":21},"end":{"line":109,"column":23}},"70":{"start":{"line":110,"column":8},"end":{"line":112,"column":9}},"71":{"start":{"line":111,"column":12},"end":{"line":111,"column":122}},"72":{"start":{"line":113,"column":8},"end":{"line":113,"column":36}},"73":{"start":{"line":114,"column":20},"end":{"line":114,"column":140}},"74":{"start":{"line":116,"column":8},"end":{"line":120,"column":11}},"75":{"start":{"line":117,"column":12},"end":{"line":117,"column":80}},"76":{"start":{"line":119,"column":12},"end":{"line":119,"column":61}},"77":{"start":{"line":122,"column":8},"end":{"line":122,"column":76}},"78":{"start":{"line":126,"column":21},"end":{"line":176,"column":1}},"79":{"start":{"line":127,"column":21},"end":{"line":127,"column":29}},"80":{"start":{"line":128,"column":4},"end":{"line":175,"column":5}},"81":{"start":{"line":129,"column":8},"end":{"line":167,"column":9}},"82":{"start":{"line":130,"column":28},"end":{"line":130,"column":51}},"83":{"start":{"line":131,"column":34},"end":{"line":133,"column":14}},"84":{"start":{"line":132,"column":16},"end":{"line":132,"column":45}},"85":{"start":{"line":134,"column":23},"end":{"line":134,"column":25}},"86":{"start":{"line":135,"column":12},"end":{"line":159,"column":13}},"87":{"start":{"line":136,"column":16},"end":{"line":141,"column":19}},"88":{"start":{"line":137,"column":20},"end":{"line":140,"column":21}},"89":{"start":{"line":138,"column":24},"end":{"line":138,"column":62}},"90":{"start":{"line":139,"column":24},"end":{"line":139,"column":38}},"91":{"start":{"line":142,"column":16},"end":{"line":142,"column":37}},"92":{"start":{"line":143,"column":16},"end":{"line":143,"column":66}},"93":{"start":{"line":144,"column":16},"end":{"line":151,"column":19}},"94":{"start":{"line":153,"column":16},"end":{"line":153,"column":37}},"95":{"start":{"line":154,"column":16},"end":{"line":154,"column":66}},"96":{"start":{"line":155,"column":16},"end":{"line":158,"column":19}},"97":{"start":{"line":161,"column":12},"end":{"line":161,"column":33}},"98":{"start":{"line":162,"column":12},"end":{"line":162,"column":62}},"99":{"start":{"line":163,"column":12},"end":{"line":166,"column":15}},"100":{"start":{"line":169,"column":8},"end":{"line":169,"column":29}},"101":{"start":{"line":170,"column":8},"end":{"line":170,"column":58}},"102":{"start":{"line":171,"column":8},"end":{"line":174,"column":11}},"103":{"start":{"line":178,"column":20},"end":{"line":228,"column":1}},"104":{"start":{"line":179,"column":21},"end":{"line":179,"column":29}},"105":{"start":{"line":180,"column":4},"end":{"line":227,"column":5}},"106":{"start":{"line":181,"column":8},"end":{"line":219,"column":9}},"107":{"start":{"line":182,"column":28},"end":{"line":182,"column":51}},"108":{"start":{"line":183,"column":34},"end":{"line":185,"column":14}},"109":{"start":{"line":184,"column":16},"end":{"line":184,"column":45}},"110":{"start":{"line":186,"column":23},"end":{"line":186,"column":25}},"111":{"start":{"line":187,"column":12},"end":{"line":211,"column":13}},"112":{"start":{"line":188,"column":16},"end":{"line":193,"column":19}},"113":{"start":{"line":189,"column":20},"end":{"line":192,"column":21}},"114":{"start":{"line":190,"column":24},"end":{"line":190,"column":60}},"115":{"start":{"line":191,"column":24},"end":{"line":191,"column":38}},"116":{"start":{"line":194,"column":16},"end":{"line":194,"column":37}},"117":{"start":{"line":195,"column":16},"end":{"line":195,"column":66}},"118":{"start":{"line":196,"column":16},"end":{"line":203,"column":19}},"119":{"start":{"line":205,"column":16},"end":{"line":205,"column":37}},"120":{"start":{"line":206,"column":16},"end":{"line":206,"column":66}},"121":{"start":{"line":207,"column":16},"end":{"line":210,"column":19}},"122":{"start":{"line":213,"column":12},"end":{"line":213,"column":33}},"123":{"start":{"line":214,"column":12},"end":{"line":214,"column":62}},"124":{"start":{"line":215,"column":12},"end":{"line":218,"column":15}},"125":{"start":{"line":221,"column":8},"end":{"line":221,"column":29}},"126":{"start":{"line":222,"column":8},"end":{"line":222,"column":58}},"127":{"start":{"line":223,"column":8},"end":{"line":226,"column":11}},"128":{"start":{"line":230,"column":19},"end":{"line":266,"column":1}},"129":{"start":{"line":231,"column":4},"end":{"line":265,"column":5}},"130":{"start":{"line":232,"column":24},"end":{"line":232,"column":47}},"131":{"start":{"line":233,"column":22},"end":{"line":233,"column":24}},"132":{"start":{"line":234,"column":30},"end":{"line":238,"column":10}},"133":{"start":{"line":235,"column":12},"end":{"line":237,"column":13}},"134":{"start":{"line":236,"column":16},"end":{"line":236,"column":30}},"135":{"start":{"line":236,"column":30},"end":{"line":236,"column":42}},"136":{"start":{"line":239,"column":8},"end":{"line":257,"column":9}},"137":{"start":{"line":240,"column":12},"end":{"line":240,"column":46}},"138":{"start":{"line":241,"column":12},"end":{"line":241,"column":33}},"139":{"start":{"line":242,"column":12},"end":{"line":242,"column":62}},"140":{"start":{"line":243,"column":12},"end":{"line":249,"column":15}},"141":{"start":{"line":251,"column":12},"end":{"line":251,"column":33}},"142":{"start":{"line":252,"column":12},"end":{"line":252,"column":62}},"143":{"start":{"line":253,"column":12},"end":{"line":256,"column":15}},"144":{"start":{"line":259,"column":8},"end":{"line":259,"column":29}},"145":{"start":{"line":260,"column":8},"end":{"line":260,"column":58}},"146":{"start":{"line":261,"column":8},"end":{"line":264,"column":11}},"147":{"start":{"line":268,"column":17},"end":{"line":363,"column":1}},"148":{"start":{"line":269,"column":4},"end":{"line":362,"column":5}},"149":{"start":{"line":270,"column":8},"end":{"line":288,"column":11}},"150":{"start":{"line":271,"column":12},"end":{"line":278,"column":13}},"151":{"start":{"line":272,"column":16},"end":{"line":272,"column":37}},"152":{"start":{"line":273,"column":16},"end":{"line":273,"column":66}},"153":{"start":{"line":274,"column":16},"end":{"line":277,"column":19}},"154":{"start":{"line":279,"column":25},"end":{"line":279,"column":48}},"155":{"start":{"line":280,"column":12},"end":{"line":280,"column":33}},"156":{"start":{"line":281,"column":12},"end":{"line":281,"column":62}},"157":{"start":{"line":282,"column":12},"end":{"line":285,"column":15}},"158":{"start":{"line":287,"column":12},"end":{"line":287,"column":84}},"159":{"start":{"line":290,"column":8},"end":{"line":361,"column":11}},"160":{"start":{"line":291,"column":12},"end":{"line":298,"column":13}},"161":{"start":{"line":292,"column":16},"end":{"line":292,"column":37}},"162":{"start":{"line":293,"column":16},"end":{"line":293,"column":66}},"163":{"start":{"line":294,"column":16},"end":{"line":297,"column":19}},"164":{"start":{"line":299,"column":23},"end":{"line":299,"column":34}},"165":{"start":{"line":301,"column":25},"end":{"line":301,"column":27}},"166":{"start":{"line":303,"column":24},"end":{"line":348,"column":13}},"167":{"start":{"line":304,"column":30},"end":{"line":304,"column":37}},"168":{"start":{"line":305,"column":31},"end":{"line":305,"column":47}},"169":{"start":{"line":306,"column":30},"end":{"line":306,"column":45}},"170":{"start":{"line":307,"column":29},"end":{"line":307,"column":43}},"171":{"start":{"line":308,"column":31},"end":{"line":308,"column":47}},"172":{"start":{"line":309,"column":32},"end":{"line":309,"column":49}},"173":{"start":{"line":310,"column":32},"end":{"line":310,"column":49}},"174":{"start":{"line":311,"column":27},"end":{"line":311,"column":39}},"175":{"start":{"line":313,"column":29},"end":{"line":313,"column":31}},"176":{"start":{"line":314,"column":29},"end":{"line":314,"column":31}},"177":{"start":{"line":315,"column":16},"end":{"line":330,"column":17}},"178":{"start":{"line":316,"column":20},"end":{"line":329,"column":21}},"179":{"start":{"line":317,"column":38},"end":{"line":317,"column":45}},"180":{"start":{"line":318,"column":41},"end":{"line":318,"column":59}},"181":{"start":{"line":319,"column":41},"end":{"line":319,"column":59}},"182":{"start":{"line":320,"column":40},"end":{"line":320,"column":57}},"183":{"start":{"line":321,"column":40},"end":{"line":321,"column":57}},"184":{"start":{"line":323,"column":24},"end":{"line":325,"column":25}},"185":{"start":{"line":324,"column":28},"end":{"line":324,"column":90}},"186":{"start":{"line":326,"column":24},"end":{"line":328,"column":25}},"187":{"start":{"line":327,"column":28},"end":{"line":327,"column":90}},"188":{"start":{"line":332,"column":28},"end":{"line":334,"column":18}},"189":{"start":{"line":333,"column":20},"end":{"line":333,"column":57}},"190":{"start":{"line":335,"column":16},"end":{"line":347,"column":17}},"191":{"start":{"line":336,"column":20},"end":{"line":346,"column":23}},"192":{"start":{"line":350,"column":12},"end":{"line":352,"column":13}},"193":{"start":{"line":351,"column":16},"end":{"line":351,"column":25}},"194":{"start":{"line":353,"column":12},"end":{"line":353,"column":33}},"195":{"start":{"line":354,"column":12},"end":{"line":354,"column":62}},"196":{"start":{"line":355,"column":12},"end":{"line":358,"column":15}},"197":{"start":{"line":360,"column":12},"end":{"line":360,"column":84}},"198":{"start":{"line":364,"column":22},"end":{"line":420,"column":1}},"199":{"start":{"line":365,"column":15},"end":{"line":365,"column":26}},"200":{"start":{"line":367,"column":17},"end":{"line":367,"column":19}},"201":{"start":{"line":369,"column":17},"end":{"line":414,"column":5}},"202":{"start":{"line":370,"column":23},"end":{"line":370,"column":30}},"203":{"start":{"line":371,"column":23},"end":{"line":371,"column":40}},"204":{"start":{"line":372,"column":22},"end":{"line":372,"column":38}},"205":{"start":{"line":373,"column":21},"end":{"line":373,"column":36}},"206":{"start":{"line":374,"column":23},"end":{"line":374,"column":40}},"207":{"start":{"line":375,"column":24},"end":{"line":375,"column":42}},"208":{"start":{"line":376,"column":24},"end":{"line":376,"column":42}},"209":{"start":{"line":377,"column":19},"end":{"line":377,"column":32}},"210":{"start":{"line":379,"column":21},"end":{"line":379,"column":23}},"211":{"start":{"line":380,"column":21},"end":{"line":380,"column":23}},"212":{"start":{"line":381,"column":8},"end":{"line":396,"column":9}},"213":{"start":{"line":382,"column":12},"end":{"line":395,"column":13}},"214":{"start":{"line":383,"column":31},"end":{"line":383,"column":38}},"215":{"start":{"line":384,"column":33},"end":{"line":384,"column":52}},"216":{"start":{"line":385,"column":33},"end":{"line":385,"column":52}},"217":{"start":{"line":386,"column":32},"end":{"line":386,"column":50}},"218":{"start":{"line":387,"column":32},"end":{"line":387,"column":50}},"219":{"start":{"line":389,"column":16},"end":{"line":391,"column":17}},"220":{"start":{"line":390,"column":20},"end":{"line":390,"column":82}},"221":{"start":{"line":392,"column":16},"end":{"line":394,"column":17}},"222":{"start":{"line":393,"column":20},"end":{"line":393,"column":82}},"223":{"start":{"line":398,"column":20},"end":{"line":400,"column":10}},"224":{"start":{"line":399,"column":12},"end":{"line":399,"column":49}},"225":{"start":{"line":401,"column":8},"end":{"line":413,"column":9}},"226":{"start":{"line":402,"column":12},"end":{"line":412,"column":15}},"227":{"start":{"line":416,"column":4},"end":{"line":418,"column":5}},"228":{"start":{"line":417,"column":8},"end":{"line":417,"column":18}},"229":{"start":{"line":419,"column":4},"end":{"line":419,"column":18}},"230":{"start":{"line":421,"column":19},"end":{"line":444,"column":1}},"231":{"start":{"line":422,"column":27},"end":{"line":422,"column":59}},"232":{"star
[...]
":{"line":28,"column":24},"end":{"line":28,"column":41}},"16":{"start":{"line":29,"column":23},"end":{"line":29,"column":39}},"17":{"start":{"line":30,"column":26},"end":{"line":30,"column":45}},"18":{"start":{"line":31,"column":23},"end":{"line":31,"column":39}},"19":{"start":{"line":32,"column":31},"end":{"line":32,"column":55}},"20":{"start":{"line":34,"column":18},"end":{"line":34,"column":60}},"21":{"start":{"line":35,"column":8},"end":{"line":87,"column":11}},"22":{"start":{"line":36,"column":12},"end":{"line":38,"column":13}},"23":{"start":{"line":37,"column":16},"end":{"line":37,"column":88}},"24":{"start":{"line":39,"column":22},"end":{"line":39,"column":204}},"25":{"start":{"line":40,"column":31},"end":{"line":40,"column":70}},"26":{"start":{"line":41,"column":12},"end":{"line":84,"column":15}},"27":{"start":{"line":42,"column":26},"end":{"line":42,"column":68}},"28":{"start":{"line":43,"column":16},"end":{"line":81,"column":19}},"29":{"start":{"line":44,"column":40},"end":{"line":44,"column":54}},"30":{"start":{"line":45,"column":33},"end":{"line":45,"column":53}},"31":{"start":{"line":46,"column":32},"end":{"line":46,"column":51}},"32":{"start":{"line":47,"column":35},"end":{"line":47,"column":57}},"33":{"start":{"line":48,"column":33},"end":{"line":48,"column":53}},"34":{"start":{"line":49,"column":35},"end":{"line":49,"column":57}},"35":{"start":{"line":50,"column":38},"end":{"line":50,"column":63}},"36":{"start":{"line":51,"column":36},"end":{"line":51,"column":59}},"37":{"start":{"line":52,"column":35},"end":{"line":52,"column":57}},"38":{"start":{"line":53,"column":38},"end":{"line":53,"column":63}},"39":{"start":{"line":54,"column":43},"end":{"line":54,"column":73}},"40":{"start":{"line":56,"column":20},"end":{"line":78,"column":23}},"41":{"start":{"line":57,"column":24},"end":{"line":57,"column":45}},"42":{"start":{"line":58,"column":24},"end":{"line":58,"column":74}},"43":{"start":{"line":59,"column":24},"end":{"line":75,"column":27}},"44":{"start":{"line":77,"column":24},"end":{"line":77,"column":80}},"45":{"start":{"line":80,"column":20},"end":{"line":80,"column":76}},"46":{"start":{"line":83,"column":16},"end":{"line":83,"column":72}},"47":{"start":{"line":86,"column":12},"end":{"line":86,"column":68}},"48":{"start":{"line":91,"column":12},"end":{"line":148,"column":1}},"49":{"start":{"line":92,"column":22},"end":{"line":92,"column":63}},"50":{"start":{"line":93,"column":4},"end":{"line":95,"column":5}},"51":{"start":{"line":94,"column":8},"end":{"line":94,"column":100}},"52":{"start":{"line":96,"column":4},"end":{"line":147,"column":5}},"53":{"start":{"line":97,"column":20},"end":{"line":97,"column":37}},"54":{"start":{"line":98,"column":23},"end":{"line":98,"column":43}},"55":{"start":{"line":100,"column":18},"end":{"line":100,"column":60}},"56":{"start":{"line":101,"column":8},"end":{"line":146,"column":11}},"57":{"start":{"line":102,"column":12},"end":{"line":145,"column":13}},"58":{"start":{"line":103,"column":37},"end":{"line":103,"column":51}},"59":{"start":{"line":104,"column":29},"end":{"line":104,"column":50}},"60":{"start":{"line":105,"column":29},"end":{"line":105,"column":49}},"61":{"start":{"line":106,"column":35},"end":{"line":106,"column":62}},"62":{"start":{"line":107,"column":31},"end":{"line":107,"column":54}},"63":{"start":{"line":108,"column":29},"end":{"line":108,"column":50}},"64":{"start":{"line":109,"column":31},"end":{"line":109,"column":54}},"65":{"start":{"line":110,"column":34},"end":{"line":110,"column":60}},"66":{"start":{"line":111,"column":32},"end":{"line":111,"column":56}},"67":{"start":{"line":112,"column":31},"end":{"line":112,"column":54}},"68":{"start":{"line":113,"column":34},"end":{"line":113,"column":60}},"69":{"start":{"line":114,"column":39},"end":{"line":114,"column":70}},"70":{"start":{"line":116,"column":16},"end":{"line":142,"column":17}},"71":{"start":{"line":117,"column":20},"end":{"line":139,"column":23}},"72":{"start":{"line":118,"column":24},"end":{"line":118,"column":45}},"73":{"start":{"line":119,"column":24},"end":{"line":119,"column":74}},"74":{"start":{"line":120,"column":24},"end":{"line":136,"column":27}},"75":{"start":{"line":138,"column":24},"end":{"line":138,"column":80}},"76":{"start":{"line":141,"column":20},"end":{"line":141,"column":89}},"77":{"start":{"line":144,"column":16},"end":{"line":144,"column":85}}},"fnMap":{"0":{"name":"_interopRequireDefault","decl":{"start":{"line":18,"column":9},"end":{"line":18,"column":31}},"loc":{"start":{"line":18,"column":37},"end":{"line":18,"column":95}},"line":18},"1":{"name":"signUpUser","decl":{"start":{"line":20,"column":47},"end":{"line":20,"column":57}},"loc":{"start":{"line":20,"column":68},"end":{"line":89,"column":1}},"line":20},"2":{"name":"(anonymous_2)","decl":{"start":{"line":35,"column":57},"end":{"line":35,"column":58}},"loc":{"start":{"line":35,"column":75},"end":{"line":85,"column":9}},"line":35},"3":{"name":"(anonymous_3)","decl":{"start":{"line":41,"column":167},"end":{"line":41,"column":168}},"loc":{"start":{"line":41,"column":185},"end":{"line":82,"column":13}},"line":41},"4":{"name":"(anonymous_4)","decl":{"start":{"line":43,"column":65},"end":{"line":43,"column":66}},"loc":{"start":{"line":43,"column":83},"end":{"line":79,"column":17}},"line":43},"5":{"name":"(anonymous_5)","decl":{"start":{"line":56,"column":144},"end":{"line":56,"column":145}},"loc":{"start":{"line":56,"column":161},"end":{"line":76,"column":21}},"line":56},"6":{"name":"(anonymous_6)","decl":{"start":{"line":76,"column":29},"end":{"line":76,"column":30}},"loc":{"start":{"line":76,"column":46},"end":{"line":78,"column":21}},"line":76},"7":{"name":"(anonymous_7)","decl":{"start":{"line":79,"column":25},"end":{"line":79,"column":26}},"loc":{"start":{"line":79,"column":42},"end":{"line":81,"column":17}},"line":79},"8":{"name":"(anonymous_8)","decl":{"start":{"line":82,"column":21},"end":{"line":82,"column":22}},"loc":{"start":{"line":82,"column":38},"end":{"line":84,"column":13}},"line":82},"9":{"name":"(anonymous_9)","decl":{"start":{"line":85,"column":17},"end":{"line":85,"column":18}},"loc":{"start":{"line":85,"column":34},"end":{"line":87,"column":9}},"line":85},"10":{"name":"login","decl":{"start":{"line":91,"column":37},"end":{"line":91,"column":42}},"loc":{"start":{"line":91,"column":53},"end":{"line":148,"column":1}},"line":91},"11":{"name":"(anonymous_11)","decl":{"start":{"line":101,"column":57},"end":{"line":101,"column":58}},"loc":{"start":{"line":101,"column":75},"end":{"line":146,"column":9}},"line":101},"12":{"name":"(anonymous_12)","decl":{"start":{"line":117,"column":145},"end":{"line":117,"column":146}},"loc":{"start":{"line":117,"column":162},"end":{"line":137,"column":21}},"line":117},"13":{"name":"(anonymous_13)","decl":{"start":{"line":137,"column":29},"end":{"line":137,"column":30}},"loc":{"start":{"line":137,"column":46},"end":{"line":139,"column":21}},"line":137}},"branchMap":{"0":{"loc":{"start":{"line":18,"column":46},"end":{"line":18,"column":92}},"type":"cond-expr","locations":[{"start":{"line":18,"column":70},"end":{"line":18,"column":73}},{"start":{"line":18,"column":76},"end":{"line":18,"column":92}}],"line":18},"1":{"loc":{"start":{"line":18,"column":46},"end":{"line":18,"column":67}},"type":"binary-expr","locations":[{"start":{"line":18,"column":46},"end":{"line":18,"column":49}},{"start":{"line":18,"column":53},"end":{"line":18,"column":67}}],"line":18},"2":{"loc":{"start":{"line":22,"column":4},"end":{"line":24,"column":5}},"type":"if","locations":[{"start":{"line":22,"column":4},"end":{"line":24,"column":5}},{"start":{"line":22,"column":4},"end":{"line":24,"column":5}}],"line":22},"3":{"loc":{"start":{"line":25,"column":4},"end":{"line":88,"column":5}},"type":"if","locations":[{"start":{"line":25,"column":4},"end":{"line":88,"column":5}},{"start":{"line":25,"column":4},"end":{"line":88,"column":5}}],"line":25},"4":{"loc":{"start":{"line":36,"column":12},"end":{"line":38,"column":13}},"type":"if","locations":[{"start":{"line":36,"column":12},"end":{"line":38,"column":13}},{"start":{"line":36,"column":12},"end":{"line":38,"column":13}}],"line":36},"5":{"loc":{"start":{"line":93,"column":4},"end":{"line":95,"column":5}},"type":"if","locations":[{"start":{"line":93,"column":4},"end":{"line":95,"column":5}},{"start":{"line":93,"column":4},"end":{"line":95,"column":5}}],"line":93},"6":{"loc":{"start":{"line":96,"column":4},"end":{"line":147,"column":5}},"type":"if","locations":[{"start":{"line":96,"column":4},"end":{"line":147,"column":5}},{"start":{"line":96,"column":4},"end":{"line":147,"column":5}}],"line":96},"7":{"loc":{"start":{"line":102,"column":12},"end":{"line":145,"column":13}},"type":"if","locations":[{"start":{"line":102,"column":12},"end":{"line":145,"column":13}},{"start":{"line":102,"column":12},"end":{"line":145,"column":13}}],"line":102},"8":{"loc":{"start":{"line":116,"column":16},"end":{"line":142,"column":17}},"type":"if","locations":[{"start":{"line":116,"column":16},"end":{"line":142,"column":17}},{"start":{"line":116,"column":16},"end":{"line":142,"column":17}}],"line":116}},"s":{"0":1,"1":1,"2":1,"3":1,"4":1,"5":1,"6":1,"7":2,"8":1,"9":7,"10":7,"11":0,"12":7,"13":7,"14":7,"15":7,"16":7,"17":7,"18":7,"19":7,"20":7,"21":7,"22":7,"23":0,"24":7,"25":7,"26":7,"27":7,"28":7,"29":7,"30":7,"31":7,"32":7,"33":7,"34":7,"35":7,"36":7,"37":7,"38":7,"39":7,"40":7,"41":7,"42":7,"43":7,"44":0,"45":0,"46":0,"47":0,"48":1,"49":7,"50":7,"51":0,"52":7,"53":7,"54":7,"55":7,"56":7,"57":7,"58":7,"59":7,"60":7,"61":7,"62":7,"63":7,"64":7,"65":7,"66":7,"67":7,"68":7,"69":7,"70":7,"71":7,"72":7,"73":7,"74":7,"75":0,"76":0,"77":0},"f":{"0":2,"1":7,"2":7,"3":7,"4":7,"5":7,"6":0,"7":0,"8":0,"9":0,"10":7,"11":7,"12":7,"13":0},"b":{"0":[1,1],"1":[2,2],"2":[0,7],"3":[7,0],"4":[0,7],"5":[0,7],"6":[7,0],"7":[7,0],"8":[7,0]},"_coverageSchema":"43e27e138ebf9cfc5966b082cf9a028302ed4184","hash":"4303880f192173fc37ca3ba89daf1ed97c734b61","contentHash":"ffc21571b2f7a3399b058e093c84cfdb"},"C:\\Users\\Kazom\\Documents\\andela\\iReporter\\server\\route\\getRedFlagRecords.js":{"path":"C:\\Users\\Kazom\\Documents\\andela\\iReporter\\server\\route\\getRedFlagRecords.js","statementMap":{"0":{"start":{"line":3,"column":0},"end":{"line":5,"column":3}},"1":{"start":{"line":7,"column":15},"end":{"line":7,"column":33}},"2":{"start":{"line":9,"column":16},"end":{"line":9,"column":48}},"3":{"start":{"line":11,"column":12},"end":{"line":11,"column":27}},"4":{"start":{"line":13,"column":13},"end":{"line":13,"column":42}},"5":{"start":{"line":15,"column":18},"end":{"line":15,"column":42}},"6":{"start":{"line":17,"column":18},"end":{"line":17,"column":42}},"7":{"start":{"line":19,"column":39},"end":{"line":19,"column":93}},"8":{"start":{"line":21,"column":13},"end":{"line":21,"column":39}},"9":{"start":{"line":23,"column":0},"end":{"line":23,"column":66}},"10":{"start":{"line":24,"column":0},"end":{"line":24,"column":68}},"11":{"start":{"line":25,"column":0},"end":{"line":25,"column":66}},"12":{"start":{"line":26,"column":0},"end":{"line":26,"column":58}},"13":{"start":{"line":27,"column":0},"end":{"line":27,"column":56}},"14":{"start":{"line":28,"column":0},"end":{"line":28,"column":48}},"15":{"start":{"line":30,"column":0},"end":{"line":30,"column":25}}},"fnMap":{"0":{"name":"_interopRequireDefault","decl":{"start":{"line":19,"column":9},"end":{"line":19,"column":31}},"loc":{"start":{"line":19,"column":37},"end":{"line":19,"column":95}},"line":19}},"branchMap":{"0":{"loc":{"start":{"line":19,"column":46},"end":{"line":19,"column":92}},"type":"cond-expr","locations":[{"start":{"line":19,"column":70},"end":{"line":19,"column":73}},{"start":{"line":19,"column":76},"end":{"line":19,"column":92}}],"line":19},"1":{"loc":{"start":{"line":19,"column":46},"end":{"line":19,"column":67}},"type":"binary-expr","locations":[{"start":{"line":19,"column":46},"end":{"line":19,"column":49}},{"start":{"line":19,"column":53},"end":{"line":19,"column":67}}],"line":19}},"s":{"0":1,"1":1,"2":1,"3":1,"4":1,"5":1,"6":1,"7":2,"8":1,"9":1,"10":1,"11":1,"12":1,"13":1,"14":1,"15":1},"f":{"0":2},"b":{"0":[0,2],"1":[2,2]},"_coverageSchema":"43e27e138ebf9cfc5966b082cf9a028302ed4184","hash":"1c2032640f3322d3b6986a831b5d78d3d1a6ff71","contentHash":"b5b9a792ee70d793d18c20c4571587f9"},"C:\\Users\\Kazom\\Documents\\andela\\iReporter\\server\\middleware\\index.js":{"path":"C:\\Users\\Kazom\\Documents\\andela\\iReporter\\server\\middleware\\index.js","statementMap":{"0":{"start":{"line":3,"column":0},"end":{"line":5,"column":3}},"1":{"start":{"line":7,"column":22},"end":{"line":7,"column":49}},"2":{"start":{"line":9,"column":0},"end":{"line":17,"column":3}},"3":{"start":{"line":10,"column":2},"end":{"line":10,"column":56}},"4":{"start":{"line":10,"column":49},"end":{"line":10,"column":56}},"5":{"start":{"line":11,"column":2},"end":{"line":16,"column":5}},"6":{"start":{"line":14,"column":6},"end":{"line":14,"column":34}}},"fnMap":{"0":{"name":"(anonymous_0)","decl":{"start":{"line":9,"column":37},"end":{"line":9,"column":38}},"loc":{"start":{"line":9,"column":52},"end":{"line":17,"column":1}},"line":9},"1":{"name":"get","decl":{"start":{"line":13,"column":18},"end":{"line":13,"column":21}},"loc":{"start":{"line":13,"column":24},"end":{"line":15,"column":5}},"line":13}},"branchMap":{"0":{"loc":{"start":{"line":10,"column":2},"end":{"line":10,"column":56}},"type":"if","locations":[{"start":{"line":10,"column":2},"end":{"line":10,"column":56}},{"start":{"line":10,"column":2},"end":{"line":10,"column":56}}],"line":10},"1":{"loc":{"start":{"line":10,"column":6},"end":{"line":10,"column":47}},"type":"binary-expr","locations":[{"start":{"line":10,"column":6},"end":{"line":10,"column":23}},{"start":{"line":10,"column":27},"end":{"line":10,"column":47}}],"line":10}},"s":{"0":1,"1":1,"2":1,"3":1,"4":0,"5":1,"6":3},"f":{"0":1,"1":3},"b":{"0":[0,1],"1":[1,1]},"_coverageSchema":"43e27e138ebf9cfc5966b082cf9a028302ed4184","hash":"1cacbe9806aaa6e8d842bf693f5015e12a2e1755","contentHash":"026c30fec322b81bcd303a9d4cbaf956"},"C:\\Users\\Kazom\\Documents\\andela\\iReporter\\server\\middleware\\Authentication.js":{"path":"C:\\Users\\Kazom\\Documents\\andela\\iReporter\\server\\middleware\\Authentication.js","statementMap":{"0":{"start":{"line":3,"column":0},"end":{"line":5,"column":3}},"1":{"start":{"line":6,"column":0},"end":{"line":6,"column":32}},"2":{"start":{"line":8,"column":14},"end":{"line":8,"column":268}},"3":{"start":{"line":8,"column":101},"end":{"line":8,"column":119}},"4":{"start":{"line":8,"column":141},"end":{"line":8,"column":266}},"5":{"start":{"line":10,"column":20},"end":{"line":10,"column":43}},"6":{"start":{"line":12,"column":21},"end":{"line":12,"column":58}},"7":{"start":{"line":14,"column":39},"end":{"line":14,"column":93}},"8":{"start":{"line":16,"column":18},"end":{"line":35,"column":1}},"9":{"start":{"line":17,"column":14},"end":{"line":17,"column":71}},"10":{"start":{"line":18,"column":23},"end":{"line":18,"column":69}},"11":{"start":{"line":20,"column":4},"end":{"line":34,"column":5}},"12":{"start":{"line":21,"column":8},"end":{"line":23,"column":11}},"13":{"start":{"line":24,"column":11},"end":{"line":34,"column":5}},"14":{"start":{"line":25,"column":8},"end":{"line":33,"column":11}},"15":{"start":{"line":26,"column":12},"end":{"line":30,"column":13}},"16":{"start":{"line":27,"column":16},"end":{"line":29,"column":19}},"17":{"start":{"line":31,"column":12},"end":{"line":31,"column":33}},"18":{"start":{"line":32,"column":12},"end":{"line":32,"column":19}}},"fnMap":{"0":{"name":"(anonymous_0)","decl":{"start":{"line":8,"column":84},"end":{"line":8,"column":85}},"loc":{"start":{"line":8,"column":99},"end":{"line":8,"column":121}},"line":8},"1":{"name":"(anonymous_1)","decl":{"start":{"line":8,"column":124},"end":{"line":8,"column":125}},"loc":{"start":{"line":8,"column":139},"end":{"line":8,"column":268}},"line":8},"2":{"name":"_interopRequireDefault","decl":{"start":{"line":14,"column":9},"end":{"line":14,"column":31}},"loc":{"start":{"line":14,"column":37},"end":{"line":14,"column":95}},"line":14},"3":{"name":"VerifyToken","decl":{"start":{"line":16,"column":49},"end":{"line":16,"column":60}},"loc":{"start":{"line":16,"column":77},"end":{"line":35,"column":1}},"line":16},"4":{"name":"(anonymous_4)","decl":{"start":{"line":25,"column":57},"end":{"line":25,"column":58}},"loc":{"start":{"line":25,"column":82},"end":{"line":33,"column":9}},"line":25}},"branchMap":{"0":{"loc":{"start":{"line":8,"column":14},"end":{"line":8,"column":268}},"type":"cond-expr","locations":[{"start":{"line":8,"column":84},"end":{"line":8,"column":121}},{"start":{"line":8,"column":124},"end":{"line":8,"column":268}}],"line":8},"1":{"loc":{"start":{"line":8,"column":14},"end":{"line":8,"column":81}},"type":"binary-expr","locations":[{"start":{"line":8,"column":14},"end":{"line":8,"column":42}},{"start":{"line":8,"column":46},"end":{"line":8,"column":81}}],"line":8},"2":{"loc":{"start":{"line":8,"column":148},"end":{"line":8,"column":265}},"type":"cond-expr","locations":[{"start":{"line":8,"column":244},"end":{"line":8,"column":252}},{"start":{"line":8,"column":255},"end":{"line":8,"column":265}}],"line":8},"3":{"loc":{"start":{"line":8,"column":148},"end":{"line":8,"column":241}},"type":"binary-expr","locations":[{"start":{"line":8,"column":148},"end":{"line":8,"column":151}},{"start":{"line":8,"column":155},"end":{"line":8,"column":183}},{"start":{"line":8,"column":187},"end":{"line":8,"column":213}},{"start":{"line":8,"column":217},"end":{"line":8,"column":241}}],"line":8},"4":{"loc":{"start":{"line":14,"column":46},"end":{"line":14,"column":92}},"type":"cond-expr","locations":[{"start":{"line":14,"column":70},"end":{"line":14,"column":73}},{"start":{"line":14,"column":76},"end":{"line":14,"column":92}}],"line":14},"5":{"loc":{"start":{"line":14,"column":46},"end":{"line":14,"column":67}},"type":"binary-expr","locations":[{"start":{"line":14,"column":46},"end":{"line":14,"column":49}},{"start":{"line":14,"column":53},"end":{"line":14,"column":67}}],"line":14},"6":{"loc":{"start":{"line":17,"column":14},"end":{"line":17,"column":71}},"type":"binary-expr","locations":[{"start":{"line":17,"column":14},"end":{"line":17,"column":36}},{"start":{"line":17,"column":40},"end":{"line":17,"column":71}}],"line":17},"7":{"loc":{"start":{"line":18,"column":23},"end":{"line":18,"column":69}},"type":"binary-expr","locations":[{"start":{"line":18,"column":23},"end":{"line":18,"column":37}},{"start":{"line":18,"column":41},"end":{"line":18,"column":69}}],"line":18},"8":{"loc":{"start":{"line":20,"column":4},"end":{"line":34,"column":5}},"type":"if","locations":[{"start":{"line":20,"column":4},"end":{"line":34,"column":5}},{"start":{"line":20,"column":4},"end":{"line":34,"column":5}}],"line":20},"9":{"loc":{"start":{"line":24,"column":11},"end":{"line":34,"column":5}},"type":"if","locations":[{"start":{"line":24,"column":11},"end":{"line":34,"column":5}},{"start":{"line":24,"column":11},"end":{"line":34,"column":5}}],"line":24},"10":{"loc":{"start":{"line":24,"column":16},"end":{"line":24,"column":89}},"type":"cond-expr","locations":[{"start":{"line":24,"column":54},"end":{"line":24,"column":65}},{"start":{"line":24,"column":68},"end":{"line":24,"column":89}}],"line":24},"11":{"loc":{"start":{"line":26,"column":12},"end":{"line":30,"column":13}},"type":"if","locations":[{"start":{"line":26,"column":12},"end":{"line":30,"column":13}},{"start":{"line":26,"column":12},"end":{"line":30,"column":13}}],"line":26}},"s":{"0":1,"1":1,"2":1,"3":15,"4":0,"5":1,"6":1,"7":1,"8":1,"9":15,"10":15,"11":15,"12":0,"13":15,"14":15,"15":15,"16":0,"17":15,"18":15},"f":{"0":15,"1":0,"2":1,"3":15,"4":15},"b":{"0":[1,0],"1":[1,1],"2":[0,0],"3":[0,0,0,0],"4":[0,1],"5":[1,1],"6":[15,0],"7":[15,15],"8":[0,15],"9":[15,0],"10":[0,15],"11":[0,15]},"_coverageSchema":"43e27e138ebf9cfc5966b082cf9a028302ed4184","hash":"d1969cf63c142a4b2f56bd48037256e4280a44c4","contentHash":"16703c29ed47c95bd192c2cae4a8c5ac"}}