{"C:\\Users\\Kazom\\Documents\\andela\\iReporter\\server\\test\\test.js":{"path":"C:\\Users\\Kazom\\Documents\\andela\\iReporter\\server\\test\\test.js","statementMap":{"0":{"start":{"line":3,"column":13},"end":{"line":3,"column":32}},"1":{"start":{"line":5,"column":14},"end":{"line":5,"column":44}},"2":{"start":{"line":7,"column":12},"end":{"line":7,"column":27}},"3":{"start":{"line":9,"column":13},"end":{"line":9,"column":42}},"4":{"start":{"line":11,"column":16},"end":{"line":11,"column":36}},"5":{"start":{"line":13,"column":17},"end":{"line":13,"column":50}},"6":{"start":{"line":15,"column":10},"end":{"line":15,"column":23}},"7":{"start":{"line":17,"column":11},"end":{"line":17,"column":38}},"8":{"start":{"line":19,"column":12},"end":{"line":19,"column":27}},"9":{"start":{"line":21,"column":13},"end":{"line":21,"column":42}},"10":{"start":{"line":23,"column":14},"end":{"line":23,"column":34}},"11":{"start":{"line":25,"column":15},"end":{"line":25,"column":46}},"12":{"start":{"line":27,"column":39},"end":{"line":27,"column":93}},"13":{"start":{"line":29,"column":13},"end":{"line":29,"column":36}},"14":{"start":{"line":30,"column":13},"end":{"line":30,"column":34}},"15":{"start":{"line":31,"column":0},"end":{"line":31,"column":39}},"16":{"start":{"line":33,"column":16},"end":{"line":42,"column":1}},"17":{"start":{"line":44,"column":15},"end":{"line":47,"column":1}},"18":{"start":{"line":49,"column":17},"end":{"line":56,"column":1}},"19":{"start":{"line":58,"column":0},"end":{"line":325,"column":3}},"20":{"start":{"line":59,"column":4},"end":{"line":92,"column":7}},"21":{"start":{"line":60,"column":8},"end":{"line":65,"column":11}},"22":{"start":{"line":61,"column":12},"end":{"line":64,"column":15}},"23":{"start":{"line":62,"column":16},"end":{"line":62,"column":47}},"24":{"start":{"line":63,"column":16},"end":{"line":63,"column":23}},"25":{"start":{"line":66,"column":8},"end":{"line":71,"column":11}},"26":{"start":{"line":67,"column":12},"end":{"line":70,"column":15}},"27":{"start":{"line":68,"column":16},"end":{"line":68,"column":60}},"28":{"start":{"line":69,"column":16},"end":{"line":69,"column":23}},"29":{"start":{"line":72,"column":8},"end":{"line":77,"column":11}},"30":{"start":{"line":73,"column":12},"end":{"line":76,"column":15}},"31":{"start":{"line":74,"column":16},"end":{"line":74,"column":58}},"32":{"start":{"line":75,"column":16},"end":{"line":75,"column":23}},"33":{"start":{"line":78,"column":8},"end":{"line":84,"column":11}},"34":{"start":{"line":79,"column":12},"end":{"line":83,"column":15}},"35":{"start":{"line":81,"column":16},"end":{"line":81,"column":48}},"36":{"start":{"line":82,"column":16},"end":{"line":82,"column":23}},"37":{"start":{"line":86,"column":8},"end":{"line":91,"column":11}},"38":{"start":{"line":87,"column":12},"end":{"line":90,"column":15}},"39":{"start":{"line":88,"column":16},"end":{"line":88,"column":56}},"40":{"start":{"line":89,"column":16},"end":{"line":89,"column":23}},"41":{"start":{"line":93,"column":4},"end":{"line":126,"column":7}},"42":{"start":{"line":94,"column":8},"end":{"line":99,"column":11}},"43":{"start":{"line":95,"column":12},"end":{"line":98,"column":15}},"44":{"start":{"line":96,"column":16},"end":{"line":96,"column":47}},"45":{"start":{"line":97,"column":16},"end":{"line":97,"column":23}},"46":{"start":{"line":100,"column":8},"end":{"line":105,"column":11}},"47":{"start":{"line":101,"column":12},"end":{"line":104,"column":15}},"48":{"start":{"line":102,"column":16},"end":{"line":102,"column":60}},"49":{"start":{"line":103,"column":16},"end":{"line":103,"column":23}},"50":{"start":{"line":106,"column":8},"end":{"line":111,"column":11}},"51":{"start":{"line":107,"column":12},"end":{"line":110,"column":15}},"52":{"start":{"line":108,"column":16},"end":{"line":108,"column":60}},"53":{"start":{"line":109,"column":16},"end":{"line":109,"column":23}},"54":{"start":{"line":112,"column":8},"end":{"line":118,"column":11}},"55":{"start":{"line":113,"column":12},"end":{"line":117,"column":15}},"56":{"start":{"line":115,"column":16},"end":{"line":115,"column":48}},"57":{"start":{"line":116,"column":16},"end":{"line":116,"column":23}},"58":{"start":{"line":120,"column":8},"end":{"line":125,"column":11}},"59":{"start":{"line":121,"column":12},"end":{"line":124,"column":15}},"60":{"start":{"line":122,"column":16},"end":{"line":122,"column":58}},"61":{"start":{"line":123,"column":16},"end":{"line":123,"column":23}},"62":{"start":{"line":127,"column":4},"end":{"line":160,"column":7}},"63":{"start":{"line":128,"column":8},"end":{"line":133,"column":11}},"64":{"start":{"line":129,"column":12},"end":{"line":132,"column":15}},"65":{"start":{"line":130,"column":16},"end":{"line":130,"column":47}},"66":{"start":{"line":131,"column":16},"end":{"line":131,"column":23}},"67":{"start":{"line":134,"column":8},"end":{"line":139,"column":11}},"68":{"start":{"line":135,"column":12},"end":{"line":138,"column":15}},"69":{"start":{"line":136,"column":16},"end":{"line":136,"column":60}},"70":{"start":{"line":137,"column":16},"end":{"line":137,"column":23}},"71":{"start":{"line":140,"column":8},"end":{"line":145,"column":11}},"72":{"start":{"line":141,"column":12},"end":{"line":144,"column":15}},"73":{"start":{"line":142,"column":16},"end":{"line":142,"column":58}},"74":{"start":{"line":143,"column":16},"end":{"line":143,"column":23}},"75":{"start":{"line":146,"column":8},"end":{"line":152,"column":11}},"76":{"start":{"line":147,"column":12},"end":{"line":151,"column":15}},"77":{"start":{"line":149,"column":16},"end":{"line":149,"column":48}},"78":{"start":{"line":150,"column":16},"end":{"line":150,"column":23}},"79":{"start":{"line":154,"column":8},"end":{"line":159,"column":11}},"80":{"start":{"line":155,"column":12},"end":{"line":158,"column":15}},"81":{"start":{"line":156,"column":16},"end":{"line":156,"column":56}},"82":{"start":{"line":157,"column":16},"end":{"line":157,"column":23}},"83":{"start":{"line":161,"column":4},"end":{"line":194,"column":7}},"84":{"start":{"line":162,"column":8},"end":{"line":167,"column":11}},"85":{"start":{"line":163,"column":12},"end":{"line":166,"column":15}},"86":{"start":{"line":164,"column":16},"end":{"line":164,"column":47}},"87":{"start":{"line":165,"column":16},"end":{"line":165,"column":23}},"88":{"start":{"line":168,"column":8},"end":{"line":173,"column":11}},"89":{"start":{"line":169,"column":12},"end":{"line":172,"column":15}},"90":{"start":{"line":170,"column":16},"end":{"line":170,"column":60}},"91":{"start":{"line":171,"column":16},"end":{"line":171,"column":23}},"92":{"start":{"line":174,"column":8},"end":{"line":179,"column":11}},"93":{"start":{"line":175,"column":12},"end":{"line":178,"column":15}},"94":{"start":{"line":176,"column":16},"end":{"line":176,"column":58}},"95":{"start":{"line":177,"column":16},"end":{"line":177,"column":23}},"96":{"start":{"line":180,"column":8},"end":{"line":186,"column":11}},"97":{"start":{"line":181,"column":12},"end":{"line":185,"column":15}},"98":{"start":{"line":183,"column":16},"end":{"line":183,"column":48}},"99":{"start":{"line":184,"column":16},"end":{"line":184,"column":23}},"100":{"start":{"line":188,"column":8},"end":{"line":193,"column":11}},"101":{"start":{"line":189,"column":12},"end":{"line":192,"column":15}},"102":{"start":{"line":190,"column":16},"end":{"line":190,"column":56}},"103":{"start":{"line":191,"column":16},"end":{"line":191,"column":23}},"104":{"start":{"line":195,"column":4},"end":{"line":228,"column":7}},"105":{"start":{"line":196,"column":8},"end":{"line":201,"column":11}},"106":{"start":{"line":197,"column":12},"end":{"line":200,"column":15}},"107":{"start":{"line":198,"column":16},"end":{"line":198,"column":47}},"108":{"start":{"line":199,"column":16},"end":{"line":199,"column":23}},"109":{"start":{"line":202,"column":8},"end":{"line":207,"column":11}},"110":{"start":{"line":203,"column":12},"end":{"line":206,"column":15}},"111":{"start":{"line":204,"column":16},"end":{"line":204,"column":60}},"112":{"start":{"line":205,"column":16},"end":{"line":205,"column":23}},"113":{"start":{"line":208,"column":8},"end":{"line":213,"column":11}},"114":{"start":{"line":209,"column":12},"end":{"line":212,"column":15}},"115":{"start":{"line":210,"column":16},"end":{"line":210,"column":58}},"116":{"start":{"line":211,"column":16},"end":{"line":211,"column":23}},"117":{"start":{"line":214,"column":8},"end":{"line":220,"column":11}},"118":{"start":{"line":215,"column":12},"end":{"line":219,"column":15}},"119":{"start":{"line":217,"column":16},"end":{"line":217,"column":48}},"120":{"start":{"line":218,"column":16},"end":{"line":218,"column":23}},"121":{"start":{"line":222,"column":8},"end":{"line":227,"column":11}},"122":{"start":{"line":223,"column":12},"end":{"line":226,"column":15}},"123":{"start":{"line":224,"column":16},"end":{"line":224,"column":56}},"124":{"start":{"line":225,"column":16},"end":{"line":225,"column":23}},"125":{"start":{"line":229,"column":4},"end":{"line":262,"column":7}},"126":{"start":{"line":230,"column":8},"end":{"line":235,"column":11}},"127":{"start":{"line":231,"column":12},"end":{"line":234,"column":15}},"128":{"start":{"line":232,"column":16},"end":{"line":232,"column":47}},"129":{"start":{"line":233,"column":16},"end":{"line":233,"column":23}},"130":{"start":{"line":236,"column":8},"end":{"line":241,"column":11}},"131":{"start":{"line":237,"column":12},"end":{"line":240,"column":15}},"132":{"start":{"line":238,"column":16},"end":{"line":238,"column":60}},"133":{"start":{"line":239,"column":16},"end":{"line":239,"column":23}},"134":{"start":{"line":242,"column":8},"end":{"line":247,"column":11}},"135":{"start":{"line":243,"column":12},"end":{"line":246,"column":15}},"136":{"start":{"line":244,"column":16},"end":{"line":244,"column":58}},"137":{"start":{"line":245,"column":16},"end":{"line":245,"column":23}},"138":{"start":{"line":248,"column":8},"end":{"line":254,"column":11}},"139":{"start":{"line":249,"column":12},"end":{"line":253,"column":15}},"140":{"start":{"line":251,"column":16},"end":{"line":251,"column":48}},"141":{"start":{"line":252,"column":16},"end":{"line":252,"column":23}},"142":{"start":{"line":256,"column":8},"end":{"line":261,"column":11}},"143":{"start":{"line":257,"column":12},"end":{"line":260,"column":15}},"144":{"start":{"line":258,"column":16},"end":{"line":258,"column":56}},"145":{"start":{"line":259,"column":16},"end":{"line":259,"column":23}},"146":{"start":{"line":263,"column":4},"end":{"line":324,"column":7}},"147":{"start":{"line":264,"column":8},"end":{"line":271,"column":11}},"148":{"start":{"line":265,"column":22},"end":{"line":265,"column":426}},"149":{"start":{"line":266,"column":12},"end":{"line":270,"column":15}},"150":{"start":{"line":267,"column":16},"end":{"line":267,"column":30}},"151":{"start":{"line":269,"column":16},"end":{"line":269,"column":30}},"152":{"start":{"line":272,"column":8},"end":{"line":279,"column":11}},"153":{"start":{"line":273,"column":22},"end":{"line":273,"column":62}},"154":{"start":{"line":274,"column":12},"end":{"line":278,"column":15}},"155":{"start":{"line":275,"column":16},"end":{"line":275,"column":30}},"156":{"start":{"line":277,"column":16},"end":{"line":277,"column":30}},"157":{"start":{"line":280,"column":8},"end":{"line":285,"column":11}},"158":{"start":{"line":281,"column":12},"end":{"line":284,"column":15}},"159":{"start":{"line":282,"column":16},"end":{"line":282,"column":47}},"160":{"start":{"line":283,"column":16},"end":{"line":283,"column":23}},"161":{"start":{"line":286,"column":8},"end":{"line":291,"column":11}},"162":{"start":{"line":287,"column":12},"end":{"line":290,"column":15}},"163":{"start":{"line":288,"column":16},"end":{"line":288,"column":60}},"164":{"start":{"line":289,"column":16},"end":{"line":289,"column":23}},"165":{"start":{"line":293,"column":8},"end":{"line":299,"column":11}},"166":{"start":{"line":294,"column":12},"end":{"line":298,"column":15}},"167":{"start":{"line":296,"column":16},"end":{"line":296,"column":48}},"168":{"start":{"line":297,"column":16},"end":{"line":297,"column":23}},"169":{"start":{"line":300,"column":8},"end":{"line":305,"column":11}},"170":{"start":{"line":301,"column":12},"end":{"line":304,"column":15}},"171":{"start":{"line":302,"column":16},"end":{"line":302,"column":58}},"172":{"start":{"line":303,"column":16},"end":{"line":303,"column":23}},"173":{"start":{"line":306,"column":8},"end":{"line":311,"column":11}},"174":{"start":{"line":307,"column":12},"end":{"line":310,"column":15}},"175":{"start":{"line":308,"column":16},"end":{"line":308,"column":56}},"176":{"start":{"line":309,"column":16},"end":{"line":309,"column":23}},"177":{"start":{"line":312,"column":8},"end":{"line":317,"column":11}},"178":{"start":{"line":313,"column":12},"end":{"line":316,"column":15}},"179":{"start":{"line":314,"column":16},"end":{"line":314,"column":67}},"180":{"start":{"line":315,"column":16},"end":{"line":315,"column":23}},"181":{"start":{"line":318,"column":8},"end":{"line":323,"column":11}},"182":{"start":{"line":319,"column":12},"end":{"line":322,"column":15}},"183":{"start":{"line":320,"column":16},"end":{"line":320,"column":66}},"184":{"start":{"line":321,"column":16},"end":{"line":321,"column":23}}},"fnMap":{"0":{"name":"_interopRequireDefault","decl":{"start":{"line":27,"column":9},"end":{"line":27,"column":31}},"loc":{"start":{"line":27,"column":37},"end":{"line":27,"column":95}},"line":27},"1":{"name":"(anonymous_1)","decl":{"start":{"line":58,"column":46},"end":{"line":58,"column":47}},"loc":{"start":{"line":58,"column":58},"end":{"line":325,"column":1}},"line":58},"2":{"name":"(anonymous_2)","decl":{"start":{"line":59,"column":51},"end":{"line":59,"column":52}},"loc":{"start":{"line":59,"column":63},"end":{"line":92,"column":5}},"line":59},"3":{"name":"(anonymous_3)","decl":{"start":{"line":60,"column":43},"end":{"line":60,"column":44}},"loc":{"start":{"line":60,"column":59},"end":{"line":65,"column":9}},"line":60},"4":{"name":"(anonymous_4)","decl":{"start":{"line":61,"column":134},"end":{"line":61,"column":135}},"loc":{"start":{"line":61,"column":154},"end":{"line":64,"column":13}},"line":61},"5":{"name":"(anonymous_5)","decl":{"start":{"line":66,"column":47},"end":{"line":66,"column":48}},"loc":{"start":{"line":66,"column":63},"end":{"line":71,"column":9}},"line":66},"6":{"name":"(anonymous_6)","decl":{"start":{"line":67,"column":134},"end":{"line":67,"column":135}},"loc":{"start":{"line":67,"column":154},"end":{"line":70,"column":13}},"line":67},"7":{"name":"(anonymous_7)","decl":{"start":{"line":72,"column":45},"end":{"line":72,"column":46}},"loc":{"start":{"line":72,"column":61},"end":{"line":77,"column":9}},"line":72},"8":{"name":"(anonymous_8)","decl":{"start":{"line":73,"column":94},"end":{"line":73,"column":95}},"loc":{"start":{"line":73,"column":114},"end":{"line":76,"column":13}},"line":73},"9":{"name":"(anonymous_9)","decl":{"start":{"line":78,"column":51},"end":{"line":78,"column":52}},"loc":{"start":{"line":78,"column":67},"end":{"line":84,"column":9}},"line":78},"10":{"name":"(anonymous_10)","decl":{"start":{"line":79,"column":134},"end":{"line":79,"column":135}},"loc":{"start":{"line":79,"column":154},"end":{"line":83,"column":13}},"line":79},"11":{"name":"(anonymous_11)","decl":{"start":{"line":86,"column":38},"end":{"line":86,"column":39}},"loc":{"start":{"line":86,"column":54},"end":{"line":91,"column":9}},"line":86},"12":{"name":"(anonymous_12)","decl":{"start":{"line":87,"column":134},"end":{"line":87,"column":135}},"loc":{"start":{"line":87,"column":154},"end":{"line":90,"column":13}},"line":87},"13":{"name":"(anonymous_13)","decl":{"start":{"line":93,"column":49},"end":{"line":93,"column":50}},"loc":{"start":{"line":93,"column":61},"end":{"line":126,"column":5}},"line":93},"14":{"name":"(anonymous_14)","decl":{"start":{"line":94,"column":43},"end":{"line":94,"column":44}},"loc":{"start":{"line":94,"column":59},"end":{"line":99,"column":9}},"line":94},"15":{"name":"(anonymous_15)","decl":{"start":{"line":95,"column":137},"end":{"line":95,"column":138}},"loc":{"start":{"line":95,"column":157},"end":{"line":98,"column":13}},"line":95},"16":{"name":"(anonymous_16)","decl":{"start":{"line":100,"column":47},"end":{"line":100,"column":48}},"loc":{"start":{"line":100,"column":63},"end":{"line":105,"column":9}},"line":100},"17":{"name":"(anonymous_17)","decl":{"start":{"line":101,"column":137},"end":{"line":101,"column":138}},"loc":{"start":{"line":101,"column":157},"end":{"line":104,"column":13}},"line":101},"18":{"name":"(anonymous_18)","decl":{"start":{"line":106,"column":47},"end":{"line":106,"column":48}},"loc":{"start":{"line":106,"column":63},"end":{"line":111,"column":9}},"line":106},"19":{"name":"(anonymous_19)","decl":{"start":{"line":107,"column":97},"end":{"line":107,"column":98}},"loc":{"start":{"line":107,"column":117},"end":{"line":110,"column":13}},"line":107},"20":{"name":"(anonymous_20)","decl":{"start":{"line":112,"column":51},"end":{"line":112,"column":52}},"loc":{"start":{"line":112,"column":67},"end":{"line":118,"column":9}},"line":112},"21":{"name":"(anonymous_21)","decl":{"start":{"line":113,"column":137},"end":{"line":113,"column":138}},"loc":{"start":{"line":113,"column":157},"end":{"line":117,"column":13}},"line":113},"22":{"name":"(anonymous_22)","decl":{"start":{"line":120,"column":40},"end":{"line":120,"column":41}},"loc":{"start":{"line":120,"column":56},"end":{"line":125,"column":9}},"line":120},"23":{"name":"(anonymous_23)","decl":{"start":{"line":121,"column":137},"end":{"line":121,"column":138}},"loc":{"start":{"line":121,"column":157},"end":{"line":124,"column":13}},"line":121},"24":{"name":"(anonymous_24)","decl":{"start":{"line":127,"column":48},"end":{"line":127,"column":49}},"loc":{"start":{"line":127,"column":60},"end":{"line":160,"column":5}},"line":127},"25":{"name":"(anonymous_25)","decl":{"start":{"line":128,"column":43},"end":{"line":128,"column":44}},"loc":{"start":{"line":128,"column":59},"end":{"line":133,"column":9}},"line":128},"26":{"name":"(anonymous_26)","decl":{"start":{"line":129,"column":151},"end":{"line":129,"column":152}},"loc":{"start":{"line":129,"column":171},"end":{"line":132,"column":13}},"line":129},"27":{"name":"(anonymous_27)","decl":{"start":{"line":134,"column":47},"end":{"line":134,"column":48}},"loc":{"start":{"line":134,"column":63},"end":{"line":139,"column":9}},"line":134},"28":{"name":"(anonymous_28)","decl":{"start":{"line":135,"column":151},"end":{"line":135,"column":152}},"loc":{"start":{"line":135,"column":171},"end":{"line":138,"column":13}},"line":135},"29":{"name":"(anonymous_29)","decl":{"start":{"line":140,"column":45},"end":{"line":140,"column":46}},"loc":{"start":{"line":140,"column":61},"end":{"line":145,"column":9}},"line":140},"30":{"name":"(anonymous_30)","decl":{"start":{"line":141,"column":151},"end":{"line":141,"column":152}},"loc":{"start":{"line":141,"column":171},"end":{"line":144,"column":13}},"line":141},"31":{"name":"(anonymous_31)","decl":{"start":{"line":146,"column":51},"end":{"line":146,"column":52}},"loc":{"start":{"line":146,"column":67},"end":{"line":152,"column":9}},"line":146},"32":{"name":"(anonymous_32)","decl":{"start":{"line":147,"column":151},"end":{"line":147,"column":152}},"loc":{"start":{"line":147,"column":171},"end":{"line":151,"column":13}},"line":147},"33":{"name":"(anonymous_33)","decl":{"start":{"line":154,"column":38},"end":{"line":154,"column":39}},"loc":{"start":{"line":154,"column":54},"end":{"line":159,"column":9}},"line":154},"34":{"name":"(anonymous_34)","decl":{"start":{"line":155,"column":151},"end":{"line":155,"column":152}},"loc":{"start":{"line":155,"column":171},"end":{"line":158,"column":13}},"line":155},"35":{"name":"(anonymous_35)","decl":{"start":{"line":161,"column":51},"end":{"line":161,"column":52}},"loc":{"start":{"line":161,"column":63},"end":{"line":194,"column":5}},"line":161},"36":{"name":"(anonymous_36)","decl":{"start":{"line":162,"column":43},"end":{"line":162,"column":44}},"loc":{"start":{"line":162,"column":59},"end":{"line":167,"column":9}},"line":162},"37":{"name":"(anonymous_37)","decl":{"start":{"line":163,"column":163},"end":{"line":163,"column":164}},"loc":{"start":{"line":163,"column":183},"end":{"line":166,"column":13}},"line":163},"38":{"name":"(anonymous_38)","decl":{"start":{"line":168,"column":47},"end":{"line":168,"column":48}},"loc":{"start":{"line":168,"column":63},"end":{"line":173,"column":9}},"line":168},"39":{"name":"(anonymous_39)","decl":{"start":{"line":169,"column":163},"end":{"line":169,"column":164}},"loc":{"start":{"line":169,"column":183},"end":{"line":172,"column":13}},"line":169},"40":{"name":"(anonymous_40)","decl":{"start":{"line":174,"column":45},"end":{"line":174,"column":46}},"loc":{"start":{"line":174,"column":61},"end":{"line":179,"column":9}},"line":174},"41":{"name":"(anonymous_41)","decl":{"start":{"line":175,"column":163},"end":{"line":175,"column":164}},"loc":{"start":{"line":175,"column":183},"end":{"line":178,"column":13}},"line":175},"42":{"name":"(anonymous_42)","decl":{"start":{"line":180,"column":51},"end":{"line":180,"column":52}},"loc":{"start":{"line":180,"column":67},"end":{"line":186,"column":9}},"line":180},"43":{"name":"(anonymous_43)","decl":{"start":{"line":181,"column":163},"end":{"line":181,"column":164}},"loc":{"start":{"line":181,"column":183},"end":{"line":185,"column":13}},"line":181},"44":{"name":"(anonymous_44)","decl":{"start":{"line":188,"column":38},"end":{"line":188,"column":39}},"loc":{"start":{"line":188,"column":54},"end":{"line":193,"column":9}},"line":188},"45":{"name":"(anonymous_45)","decl":{"start":{"line":189,"column":163},"end":{"line":189,"column":164}},"loc":{"start":{"line":189,"column":183},"end":{"line":192,"column":13}},"line":189},"46":{"name":"(anonymous_46)","decl":{"start":{"line":195,"column":51},"end":{"line":195,"column":52}},"loc":{"start":{"line":195,"column":63},"end":{"line":228,"column":5}},"line":195},"47":{"name":"(anonymous_47)","decl":{"start":{"line":196,"column":43},"end":{"line":196,"column":44}},"loc":{"start":{"line":196,"column":59},"end":{"line":201,"column":9}},"line":196},"48":{"name":"(anonymous_48)","decl":{"start":{"line":197,"column":162},"end":{"line":197,"column":163}},"loc":{"start":{"line":197,"column":182},"end":{"line":200,"column":13}},"line":197},"49":{"name":"(anonymous_49)","decl":{"start":{"line":202,"column":47},"end":{"line":202,"column":48}},"loc":{"start":{"line":202,"column":63},"end":{"line":207,"column":9}},"line":202},"50":{"name":"(anonymous_50)","decl":{"start":{"line":203,"column":162},"end":{"line":203,"column":163}},"loc":{"start":{"line":203,"column":182},"end":{"line":206,"column":13}},"line":203},"51":{"name":"(anonymous_51)","decl":{"start":{"line":208,"column":45},"end":{"line":208,"column":46}},"loc":{"start":{"line":208,"column":61},"end":{"line":213,"column":9}},"line":208},"52":{"name":"(anonymous_52)","decl":{"start":{"line":209,"column":162},"end":{"line":209,"column":163}},"loc":{"start":{"line":209,"column":182},"end":{"line":212,"column":13}},"line":209},"53":{"name":"(anonymous_53)","decl":{"start":{"line":214,"column":51},"end":{"line":214,"column":52}},"loc":{"start":{"line":214,"column":67},"end":{"line":220,"column":9}},"line":214},"54":{"name":"(anonymous_54)","decl":{"start":{"line":215,"column":162},"end":{"line":215,"column":163}},"loc":{"start":{"line":215,"column":182},"end":{"line":219,"column":13}},"line":215},"55":{"name":"(anonymous_55)","decl":{"start":{"line":222,"column":38},"end":{"line":222,"column":39}},"loc":{"start":{"line":222,"column":54},"end":{"line":227,"column":9}},"line":222},"56":{"name":"(anonymous_56)","decl":{"start":{"line":223,"column":162},"end":{"line":223,"column":163}},"loc":{"start":{"line":223,"column":182},"end":{"line":226,"column":13}},"line":223},"57":{"name":"(anonymous_57)","decl":{"start":{"line":229,"column":51},"end":{"line":229,"column":52}},"loc":{"start":{"line":229,"column":63},"end":{"line":262,"column":5}},"line":229},"58":{"name":"(anonymous_58)","decl":{"start":{"line":230,"column":43},"end":{"line":230,"column":44}},"loc":{"start":{"line":230,"column":59},"end":{"line":235,"column":9}},"line":230},"59":{"name":"(anonymous_59)","decl":{"start":{"line":231,"column":140},"end":{"line":231,"column":141}},"loc":{"start":{"line":231,"column":160},"end":{"line":234,"column":13}},"line":231},"60":{"name":"(anonymous_60)","decl":{"start":{"line":236,"column":47},"end":{"line":236,"column":48}},"loc":{"start":{"line":236,"column":63},"end":{"line":241,"column":9}},"line":236},"61":{"name":"(anonymous_61)","decl":{"start":{"line":237,"column":140},"end":{"line":237,"column":141}},"loc":{"start":{"line":237,"column":160},"end":{"line":240,"column":13}},"line":237},"62":{"name":"(anonymous_62)","decl":{"start":{"line":242,"column":45},"end":{"line":242,"column":46}},"loc":{"start":{"line":242,"column":61},"end":{"line":247,"column":9}},"line":242},"63":{"name":"(anonymous_63)","decl":{"start":{"line":243,"column":140},"end":{"line":243,"column":141}},"loc":{"start":{"line":243,"column":160},"end":{"line":246,"column":13}},"line":243},"64":{"name":"(anonymous_64)","decl":{"start":{"line":248,"column":51},"end":{"line":248,"column":52}},"loc":{"start":{"line":248,"column":67},"end":{"line":254,"column":9}},"line":248},"65":{"name":"(anonymous_65)","decl":{"start":{"line":249,"column":140},"end":{"line":249,"column":141}},"loc":{"start":{"line":249,"column":160},"end":{"line":253,"column":13}},"line":249},"66":{"name":"(anonymous_66)","decl":{"start":{"line":256,"column":38},"end":{"line":256,"column":39}},"loc":{"start":{"line":256,"column":54},"end":{"line":261,"column":9}},"line":256},"67":{"name":"(anonymous_67)","decl":{"start":{"line":257,"column":140},"end":{"line":257,"column":141}},"loc":{"start":{"line":257,"column":160},"end":{"line":260,"column":13}},"line":257},"68":{"name":"(anonymous_68)","decl":{"start":{"line":263,"column":41},"end":{"line":263,"column":42}},"loc":{"start":{"line":263,"column":53},"end":{"line":324,"column":5}},"line":263},"69":{"name":"(anonymous_69)","decl":{"start":{"line":264,"column":19},"end":{"line":264,"column":20}},"loc":{"start":{"line":264,"column":35},"end":{"line":271,"column":9}},"line":264},"70":{"name":"(anonymous_70)","decl":{"start":{"line":266,"column":52},"end":{"line":266,"column":53}},"loc":{"start":{"line":266,"column":70},"end":{"line":268,"column":13}},"line":266},"71":{"name":"(anonymous_71)","decl":{"start":{"line":268,"column":21},"end":{"line":268,"column":22}},"loc":{"start":{"line":268,"column":36},"end":{"line":270,"column":13}},"line":268},"72":{"name":"(anonymous_72)","decl":{"start":{"line":272,"column":18},"end":{"line":272,"column":19}},"loc":{"start":{"line":272,"column":34},"end":{"line":279,"column":9}},"line":272},"73":{"name":"(anonymous_73)","decl":{"start":{"line":274,"column":52},"end":{"line":274,"column":53}},"loc":{"start":{"line":274,"column":70},"end":{"line":276,"column":13}},"line":274},"74":{"name":"(anonymous_74)","decl":{"start":{"line":276,"column":21},"end":{"line":276,"column":22}},"loc":{"start":{"line":276,"column":36},"end":{"line":278,"column":13}},"line":276},"75":{"name":"(anonymous_75)","decl":{"start":{"line":280,"column":43},"end":{"line":280,"column":44}},"loc":{"start":{"line":280,"column":59},"end":{"line":285,"column":9}},"line":280},"76":{"name":"(anonymous_76)","decl":{"start":{"line":281,"column":114},"end":{"line":281,"column":115}},"loc":{"start":{"line":281,"column":134},"end":{"line":284,"column":13}},"line":281},"77":{"name":"(anonymous_77)","decl":{"start":{"line":286,"column":47},"end":{"line":286,"column":48}},"loc":{"start":{"line":286,"column":63},"end":{"line":291,"column":9}},"line":286},"78":{"name":"(anonymous_78)","decl":{"start":{"line":287,"column":114},"end":{"line":287,"column":115}},"loc":{"start":{"line":287,"column":134},"end":{"line":290,"column":13}},"line":287},"79":{"name":"(anonymous_79)","decl":{"start":{"line":293,"column":51},"end":{"line":293,"column":52}},"loc":{"start":{"line":293,"column":67},"end":{"line":299,"column":9}},"line":293},"80":{"name":"(anonymous_80)","decl":{"start":{"line":294,"column":114},"end":{"line":294,"column":115}},"loc":{"start":{"line":294,"column":134},"end":{"line":298,"column":13}},"line":294},"81":{"name":"(anonymous_81)","decl":{"start":{"line":300,"column":45},"end":{"line":300,"column":46}},"loc":{"start":{"line":300,"column":61},"end":{"line":305,"column":9}},"line":300},"82":{"name":"(anonymous_82)","decl":{"start":{"line":301,"column":114},"end":{"line":301,"column":115}},"loc":{"start":{"line":301,"column":134},"end":{"line":304,"column":13}},"line":301},"83":{"name":"(anonymous_83)","decl":{"start":{"line":306,"column":38},"end":{"line":306,"column":39}},"loc":{"start":{"line":306,"column":54},"end":{"line":311,"column":9}},"line":306},"84":{"name":"(anonymous_84)","decl":{"start":{"line":307,"column":114},"end":{"line":307,"column":115}},"loc":{"start":{"line":307,"column":134},"end":{"line":310,"column":13}},"line":307},"85":{"name":"(anonymous_85)","decl":{"start":{"line":312,"column":46},"end":{"line":312,"column":47}},"loc":{"start":{"line":312,"column":62},"end":{"line":317,"column":9}},"line":312},"86":{"name":"(anonymous_86)","decl":{"start":{"line":313,"column":114},"end":{"line":313,"column":115}},"loc":{"start":{"line":313,"column":134},"end":{"line":316,"column":13}},"line":313},"87":{"name":"(anonymous_87)","decl":{"start":{"line":318,"column":45},"end":{"line":318,"column":46}},"loc":{"start":{"line":318,"column":61},"end":{"line":323,"column":9}},"line":318},"88":{"name":"(anonymous_88)","decl":{"start":{"line":319,"column":114},"end":{"line":319,"column":115}},"loc":{"start":{"line":319,"column":134},"end":{"line":322,"column":13}},"line":319}},"branchMap":{"0":{"loc":{"start":{"line":27,"column":46},"end":{"line":27,"column":92}},"type":"cond-expr","locations":[{"start":{"line":27,"column":70},"end":{"line":27,"column":73}},{"start":{"line":27,"column":76},"end":{"line":27,"column":92}}],"line":27},"1":{"loc":{"start":{"line":27,"column":46},"end":{"line":27,"column":67}},"type":"binary-expr","locations":[{"start":{"line":27,"column":46},"end":{"line":27,"column":49}},{"start":{"line":27,"column":53},"end":{"line":27,"column":67}}],"line":27}},"s":{"0":1,"1":1,"2":1,"3":1,"4":1,"5":1,"6":1,"7":1,"8":1,"9":1,"10":1,"11":1,"12":6,"13":1,"14":1,"15":1,"16":1,"17":1,"18":1,"19":1,"20":1,"21":1,"22":1,"23":1,"24":1,"25":1,"26":1,"27":1,"28":1,"29":1,"30":1,"31":1,"32":1,"33":1,"34":1,"35":1,"36":1,"37":1,"38":1,"39":1,"40":1,"41":1,"42":1,"43":1,"44":1,"45":1,"46":1,"47":1,"48":1,"49":1,"50":1,"51":1,"52":1,"53":1,"54":1,"55":1,"56":1,"57":1,"58":1,"59":1,"60":1,"61":1,"62":1,"63":1,"64":1,"65":1,"66":1,"67":1,"68":1,"69":1,"70":1,"71":1,"72":1,"73":1,"74":1,"75":1,"76":1,"77":1,"78":1,"79":1,"80":1,"81":1,"82":1,"83":1,"84":1,"85":1,"86":1,"87":1,"88":1,"89":1,"90":1,"91":1,"92":1,"93":1,"94":1,"95":1,"96":1,"97":1,"98":1,"99":1,"100":1,"101":1,"102":1,"103":1,"104":1,"105":1,"106":1,"107":1,"108":1,"109":1,"110":1,"111":1,"112":1,"113":1,"114":1,"115":1,"116":1,"117":1,"118":1,"119":1,"120":1,"121":1,"122":1,"123":1,"124":1,"125":1,"126":1,"127":1,"128":1,"129":1,"130":1,"131":1,"132":1,"133":1,"134":1,"135":1,"136":1,"137":1,"138":1,"139":1,"140":1,"141":1,"142":1,"143":1,"144":1,"145":1,"146":1,"147":1,"148":7,"149":7,"150":7,"151":0,"152":1,"153":7,"154":7,"155":7,"156":0,"157":1,"158":1,"159":1,"160":1,"161":1,"162":1,"163":1,"164":1,"165":1,"166":1,"167":1,"168":1,"169":1,"170":1,"171":1,"172":1,"173":1,"174":1,"175":1,"176":1,"177":1,"178":1,"179":1,"180":1,"181":1,"182":1,"183":1,"184":1},"f":{"0":6,"1":1,"2":1,"3":1,"4":1,"5":1,"6":1,"7":1,"8":1,"9":1,"10":1,"11":1,"12":1,"13":1,"14":1,"15":1,"16":1,"17":1,"18":1,"19":1,"20":1,"21":1,"22":1,"23":1,"24":1,"25":1,"26":1,"27":1,"28":1,"29":1,"30":1,"31":1,"32":1,"33":1,"34":1,"35":1,"36":1,"37":1,"38":1,"39":1,"40":1,"41":1,"42":1,"43":1,"44":1,"45":1,"46":1,"47":1,"48":1,"49":1,"50":1,"51":1,"52":1,"53":1,"54":1,"55":1,"56":1,"57":1,"58":1,"59":1,"60":1,"61":1,"62":1,"63":1,"64":1,"65":1,"66":1,"67":1,"68":1,"69":7,"70":7,"71":0,"72":7,"73":7,"74":0,"75":1,"76":1,"77":1,"78":1,"79":1,"80":1,"81":1,"82":1,"83":1,"84":1,"85":1,"86":1,"87":1,"88":1},"b":{"0":[2,4],"1":[6,6]},"_coverageSchema":"43e27e138ebf9cfc5966b082cf9a028302ed4184","hash":"ba908111e144de4530365abd391be21550fb6826","contentHash":"17c348d19899f9d21c9f98b90489f520"},"C:\\Users\\Kazom\\Documents\\andela\\iReporter\\server\\index.js":{"path":"C:\\Users\\Kazom\\Documents\\andela\\iReporter\\server\\index.js","statementMap":{"0":{"start":{"line":3,"column":0},"end":{"line":5,"column":3}},"1":{"start":{"line":7,"column":15},"end":{"line":7,"column":33}},"2":{"start":{"line":9,"column":16},"end":{"line":9,"column":48}},"3":{"start":{"line":11,"column":14},"end":{"line":11,"column":34}},"4":{"start":{"line":13,"column":15},"end":{"line":13,"column":46}},"5":{"start":{"line":15,"column":18},"end":{"line":15,"column":40}},"6":{"start":{"line":17,"column":19},"end":{"line":17,"column":54}},"7":{"start":{"line":19,"column":12},"end":{"line":19,"column":27}},"8":{"start":{"line":21,"column":13},"end":{"line":21,"column":42}},"9":{"start":{"line":23,"column":12},"end":{"line":23,"column":27}},"10":{"start":{"line":25,"column":13},"end":{"line":25,"column":42}},"11":{"start":{"line":27,"column":13},"end":{"line":27,"column":31}},"12":{"start":{"line":29,"column":14},"end":{"line":29,"column":44}},"13":{"start":{"line":31,"column":17},"end":{"line":31,"column":45}},"14":{"start":{"line":33,"column":18},"end":{"line":33,"column":52}},"15":{"start":{"line":35,"column":25},"end":{"line":35,"column":61}},"16":{"start":{"line":37,"column":26},"end":{"line":37,"column":68}},"17":{"start":{"line":39,"column":39},"end":{"line":39,"column":93}},"18":{"start":{"line":41,"column":0},"end":{"line":41,"column":27}},"19":{"start":{"line":43,"column":17},"end":{"line":43,"column":43}},"20":{"start":{"line":44,"column":10},"end":{"line":44,"column":34}},"21":{"start":{"line":45,"column":0},"end":{"line":45,"column":72}},"22":{"start":{"line":46,"column":0},"end":{"line":46,"column":40}},"23":{"start":{"line":47,"column":0},"end":{"line":47,"column":62}},"24":{"start":{"line":48,"column":0},"end":{"line":48,"column":37}},"25":{"start":{"line":50,"column":0},"end":{"line":50,"column":58}},"26":{"start":{"line":51,"column":0},"end":{"line":51,"column":45}},"27":{"start":{"line":53,"column":11},"end":{"line":53,"column":35}},"28":{"start":{"line":54,"column":13},"end":{"line":54,"column":45}},"29":{"start":{"line":55,"column":9},"end":{"line":55,"column":47}},"30":{"start":{"line":56,"column":0},"end":{"line":58,"column":3}},"31":{"start":{"line":57,"column":4},"end":{"line":57,"column":52}},"32":{"start":{"line":60,"column":0},"end":{"line":62,"column":3}},"33":{"start":{"line":61,"column":4},"end":{"line":61,"column":55}},"34":{"start":{"line":64,"column":0},"end":{"line":64,"column":25}}},"fnMap":{"0":{"name":"_interopRequireDefault","decl":{"start":{"line":39,"column":9},"end":{"line":39,"column":31}},"loc":{"start":{"line":39,"column":37},"end":{"line":39,"column":95}},"line":39},"1":{"name":"(anonymous_1)","decl":{"start":{"line":56,"column":20},"end":{"line":56,"column":21}},"loc":{"start":{"line":56,"column":38},"end":{"line":58,"column":1}},"line":56},"2":{"name":"(anonymous_2)","decl":{"start":{"line":60,"column":20},"end":{"line":60,"column":21}},"loc":{"start":{"line":60,"column":32},"end":{"line":62,"column":1}},"line":60}},"branchMap":{"0":{"loc":{"start":{"line":39,"column":46},"end":{"line":39,"column":92}},"type":"cond-expr","locations":[{"start":{"line":39,"column":70},"end":{"line":39,"column":73}},{"start":{"line":39,"column":76},"end":{"line":39,"column":92}}],"line":39},"1":{"loc":{"start":{"line":39,"column":46},"end":{"line":39,"column":67}},"type":"binary-expr","locations":[{"start":{"line":39,"column":46},"end":{"line":39,"column":49}},{"start":{"line":39,"column":53},"end":{"line":39,"column":67}}],"line":39},"2":{"loc":{"start":{"line":53,"column":11},"end":{"line":53,"column":35}},"type":"binary-expr","locations":[{"start":{"line":53,"column":11},"end":{"line":53,"column":27}},{"start":{"line":53,"column":31},"end":{"line":53,"column":35}}],"line":53}},"s":{"0":1,"1":1,"2":1,"3":1,"4":1,"5":1,"6":1,"7":1,"8":1,"9":1,"10":1,"11":1,"12":1,"13":1,"14":1,"15":1,"16":1,"17":8,"18":1,"19":1,"20":1,"21":1,"22":1,"23":1,"24":1,"25":1,"26":1,"27":1,"28":1,"29":1,"30":1,"31":0,"32":1,"33":1,"34":1},"f":{"0":8,"1":0,"2":1},"b":{"0":[3,5],"1":[8,8],"2":[1,0]},"_coverageSchema":"43e27e138ebf9cfc5966b082cf9a028302ed4184","hash":"f9608cd7b81703d8e690c3955bfe1f72f402f029","contentHash":"03e3c7b724b86f26014f4c2bea839c41"},"C:\\Users\\Kazom\\Documents\\andela\\iReporter\\server\\route\\index.js":{"path":"C:\\Users\\Kazom\\Documents\\andela\\iReporter\\server\\route\\index.js","statementMap":{"0":{"start":{"line":3,"column":0},"end":{"line":5,"column":3}},"1":{"start":{"line":7,"column":15},"end":{"line":7,"column":33}},"2":{"start":{"line":9,"column":16},"end":{"line":9,"column":48}},"3":{"start":{"line":11,"column":12},"end":{"line":11,"column":27}},"4":{"start":{"line":13,"column":13},"end":{"line":13,"column":42}},"5":{"start":{"line":15,"column":39},"end":{"line":15,"column":93}},"6":{"start":{"line":17,"column":13},"end":{"line":17,"column":39}},"7":{"start":{"line":19,"column":0},"end":{"line":21,"column":3}},"8":{"start":{"line":20,"column":2},"end":{"line":20,"column":31}},"9":{"start":{"line":23,"column":0},"end":{"line":23,"column":25}}},"fnMap":{"0":{"name":"_interopRequireDefault","decl":{"start":{"line":15,"column":9},"end":{"line":15,"column":31}},"loc":{"start":{"line":15,"column":37},"end":{"line":15,"column":95}},"line":15},"1":{"name":"(anonymous_1)","decl":{"start":{"line":19,"column":16},"end":{"line":19,"column":17}},"loc":{"start":{"line":19,"column":42},"end":{"line":21,"column":1}},"line":19}},"branchMap":{"0":{"loc":{"start":{"line":15,"column":46},"end":{"line":15,"column":92}},"type":"cond-expr","locations":[{"start":{"line":15,"column":70},"end":{"line":15,"column":73}},{"start":{"line":15,"column":76},"end":{"line":15,"column":92}}],"line":15},"1":{"loc":{"start":{"line":15,"column":46},"end":{"line":15,"column":67}},"type":"binary-expr","locations":[{"start":{"line":15,"column":46},"end":{"line":15,"column":49}},{"start":{"line":15,"column":53},"end":{"line":15,"column":67}}],"line":15}},"s":{"0":1,"1":1,"2":1,"3":1,"4":1,"5":2,"6":1,"7":1,"8":0,"9":1},"f":{"0":2,"1":0},"b":{"0":[0,2],"1":[2,2]},"_coverageSchema":"43e27e138ebf9cfc5966b082cf9a028302ed4184","hash":"3d87d703703eae196a74f7d268997de174441a73","contentHash":"8c71dbbd0518521ec6db09084577530f"},"C:\\Users\\Kazom\\Documents\\andela\\iReporter\\server\\route\\authRoute.js":{"path":"C:\\Users\\Kazom\\Documents\\andela\\iReporter\\server\\route\\authRoute.js","statementMap":{"0":{"start":{"line":3,"column":0},"end":{"line":5,"column":3}},"1":{"start":{"line":7,"column":15},"end":{"line":7,"column":33}},"2":{"start":{"line":9,"column":16},"end":{"line":9,"column":48}},"3":{"start":{"line":11,"column":18},"end":{"line":11,"column":42}},"4":{"start":{"line":13,"column":39},"end":{"line":13,"column":93}},"5":{"start":{"line":15,"column":13},"end":{"line":15,"column":39}},"6":{"start":{"line":17,"column":0},"end":{"line":17,"column":47}},"7":{"start":{"line":19,"column":0},"end":{"line":19,"column":25}}},"fnMap":{"0":{"name":"_interopRequireDefault","decl":{"start":{"line":13,"column":9},"end":{"line":13,"column":31}},"loc":{"start":{"line":13,"column":37},"end":{"line":13,"column":95}},"line":13}},"branchMap":{"0":{"loc":{"start":{"line":13,"column":46},"end":{"line":13,"column":92}},"type":"cond-expr","locations":[{"start":{"line":13,"column":70},"end":{"line":13,"column":73}},{"start":{"line":13,"column":76},"end":{"line":13,"column":92}}],"line":13},"1":{"loc":{"start":{"line":13,"column":46},"end":{"line":13,"column":67}},"type":"binary-expr","locations":[{"start":{"line":13,"column":46},"end":{"line":13,"column":49}},{"start":{"line":13,"column":53},"end":{"line":13,"column":67}}],"line":13}},"s":{"0":1,"1":1,"2":1,"3":1,"4":1,"5":1,"6":1,"7":1},"f":{"0":1},"b":{"0":[0,1],"1":[1,1]},"_coverageSchema":"43e27e138ebf9cfc5966b082cf9a028302ed4184","hash":"aa4c16e7793a7108496a198b844ddd8900e7688d","contentHash":"648948088d9c02cfb05c0c5fd7579d02"},"C:\\Users\\Kazom\\Documents\\andela\\iReporter\\server\\controller\\index.js":{"path":"C:\\Users\\Kazom\\Documents\\andela\\iReporter\\server\\controller\\index.js","statementMap":{"0":{"start":{"line":3,"column":0},"end":{"line":5,"column":3}},"1":{"start":{"line":7,"column":19},"end":{"line":7,"column":43}},"2":{"start":{"line":9,"column":0},"end":{"line":17,"column":3}},"3":{"start":{"line":10,"column":2},"end":{"line":10,"column":56}},"4":{"start":{"line":10,"column":49},"end":{"line":10,"column":56}},"5":{"start":{"line":11,"column":2},"end":{"line":16,"column":5}},"6":{"start":{"line":14,"column":6},"end":{"line":14,"column":31}},"7":{"start":{"line":19,"column":12},"end":{"line":19,"column":29}},"8":{"start":{"line":21,"column":0},"end":{"line":29,"column":3}},"9":{"start":{"line":22,"column":2},"end":{"line":22,"column":56}},"10":{"start":{"line":22,"column":49},"end":{"line":22,"column":56}},"11":{"start":{"line":23,"column":2},"end":{"line":28,"column":5}},"12":{"start":{"line":26,"column":6},"end":{"line":26,"column":24}}},"fnMap":{"0":{"name":"(anonymous_0)","decl":{"start":{"line":9,"column":34},"end":{"line":9,"column":35}},"loc":{"start":{"line":9,"column":49},"end":{"line":17,"column":1}},"line":9},"1":{"name":"get","decl":{"start":{"line":13,"column":18},"end":{"line":13,"column":21}},"loc":{"start":{"line":13,"column":24},"end":{"line":15,"column":5}},"line":13},"2":{"name":"(anonymous_2)","decl":{"start":{"line":21,"column":27},"end":{"line":21,"column":28}},"loc":{"start":{"line":21,"column":42},"end":{"line":29,"column":1}},"line":21},"3":{"name":"get","decl":{"start":{"line":25,"column":18},"end":{"line":25,"column":21}},"loc":{"start":{"line":25,"column":24},"end":{"line":27,"column":5}},"line":25}},"branchMap":{"0":{"loc":{"start":{"line":10,"column":2},"end":{"line":10,"column":56}},"type":"if","locations":[{"start":{"line":10,"column":2},"end":{"line":10,"column":56}},{"start":{"line":10,"column":2},"end":{"line":10,"column":56}}],"line":10},"1":{"loc":{"start":{"line":10,"column":6},"end":{"line":10,"column":47}},"type":"binary-expr","locations":[{"start":{"line":10,"column":6},"end":{"line":10,"column":23}},{"start":{"line":10,"column":27},"end":{"line":10,"column":47}}],"line":10},"2":{"loc":{"start":{"line":22,"column":2},"end":{"line":22,"column":56}},"type":"if","locations":[{"start":{"line":22,"column":2},"end":{"line":22,"column":56}},{"start":{"line":22,"column":2},"end":{"line":22,"column":56}}],"line":22},"3":{"loc":{"start":{"line":22,"column":6},"end":{"line":22,"column":47}},"type":"binary-expr","locations":[{"start":{"line":22,"column":6},"end":{"line":22,"column":23}},{"start":{"line":22,"column":27},"end":{"line":22,"column":47}}],"line":22}},"s":{"0":1,"1":1,"2":1,"3":6,"4":0,"5":6,"6":6,"7":1,"8":1,"9":1,"10":0,"11":1,"12":1},"f":{"0":6,"1":6,"2":1,"3":1},"b":{"0":[0,6],"1":[6,6],"2":[0,1],"3":[1,1]},"_coverageSchema":"43e27e138ebf9cfc5966b082cf9a028302ed4184","hash":"f53538d422a6224278eab664919f9a81108e2fd3","contentHash":"90679313655e5100de9813b59c1366ba"},"C:\\Users\\Kazom\\Documents\\andela\\iReporter\\server\\controller\\getRedFlags.js":{"path":"C:\\Users\\Kazom\\Documents\\andela\\iReporter\\server\\controller\\getRedFlags.js","statementMap":{"0":{"start":{"line":3,"column":0},"end":{"line":5,"column":3}},"1":{"start":{"line":6,"column":0},"end":{"line":6,"column":146}},"2":{"start":{"line":8,"column":13},"end":{"line":8,"column":32}},"3":{"start":{"line":10,"column":18},"end":{"line":17,"column":1}},"4":{"start":{"line":11,"column":4},"end":{"line":11,"column":25}},"5":{"start":{"line":12,"column":4},"end":{"line":12,"column":54}},"6":{"start":{"line":13,"column":4},"end":{"line":16,"column":7}},"7":{"start":{"line":19,"column":17},"end":{"line":48,"column":1}},"8":{"start":{"line":20,"column":4},"end":{"line":47,"column":5}},"9":{"start":{"line":21,"column":21},"end":{"line":21,"column":44}},"10":{"start":{"line":22,"column":29},"end":{"line":24,"column":10}},"11":{"start":{"line":23,"column":12},"end":{"line":23,"column":40}},"12":{"start":{"line":25,"column":8},"end":{"line":39,"column":9}},"13":{"start":{"line":26,"column":12},"end":{"line":26,"column":33}},"14":{"start":{"line":27,"column":12},"end":{"line":27,"column":62}},"15":{"start":{"line":28,"column":12},"end":{"line":31,"column":15}},"16":{"start":{"line":33,"column":12},"end":{"line":33,"column":33}},"17":{"start":{"line":34,"column":12},"end":{"line":34,"column":62}},"18":{"start":{"line":35,"column":12},"end":{"line":38,"column":15}},"19":{"start":{"line":41,"column":8},"end":{"line":41,"column":29}},"20":{"start":{"line":42,"column":8},"end":{"line":42,"column":58}},"21":{"start":{"line":43,"column":8},"end":{"line":46,"column":11}},"22":{"start":{"line":50,"column":17},"end":{"line":92,"column":1}},"23":{"start":{"line":51,"column":21},"end":{"line":51,"column":29}},"24":{"start":{"line":52,"column":4},"end":{"line":91,"column":5}},"25":{"start":{"line":53,"column":8},"end":{"line":83,"column":9}},"26":{"start":{"line":54,"column":21},"end":{"line":54,"column":47}},"27":{"start":{"line":55,"column":28},"end":{"line":55,"column":48}},"28":{"start":{"line":56,"column":28},"end":{"line":56,"column":48}},"29":{"start":{"line":57,"column":23},"end":{"line":57,"column":38}},"30":{"start":{"line":58,"column":27},"end":{"line":58,"column":46}},"31":{"start":{"line":59,"column":25},"end":{"line":59,"column":42}},"32":{"start":{"line":60,"column":25},"end":{"line":60,"column":42}},"33":{"start":{"line":61,"column":25},"end":{"line":61,"column":42}},"34":{"start":{"line":62,"column":26},"end":{"line":62,"column":44}},"35":{"start":{"line":64,"column":32},"end":{"line":64,"column":166}},"36":{"start":{"line":65,"column":12},"end":{"line":65,"column":47}},"37":{"start":{"line":66,"column":12},"end":{"line":66,"column":33}},"38":{"start":{"line":67,"column":12},"end":{"line":67,"column":62}},"39":{"start":{"line":68,"column":12},"end":{"line":75,"column":15}},"40":{"start":{"line":77,"column":12},"end":{"line":77,"column":33}},"41":{"start":{"line":78,"column":12},"end":{"line":78,"column":62}},"42":{"start":{"line":79,"column":12},"end":{"line":82,"column":15}},"43":{"start":{"line":85,"column":8},"end":{"line":85,"column":29}},"44":{"start":{"line":86,"column":8},"end":{"line":86,"column":58}},"45":{"start":{"line":87,"column":8},"end":{"line":90,"column":11}},"46":{"start":{"line":94,"column":21},"end":{"line":144,"column":1}},"47":{"start":{"line":95,"column":21},"end":{"line":95,"column":29}},"48":{"start":{"line":96,"column":4},"end":{"line":143,"column":5}},"49":{"start":{"line":97,"column":8},"end":{"line":135,"column":9}},"50":{"start":{"line":98,"column":28},"end":{"line":98,"column":51}},"51":{"start":{"line":99,"column":34},"end":{"line":101,"column":14}},"52":{"start":{"line":100,"column":16},"end":{"line":100,"column":45}},"53":{"start":{"line":102,"column":23},"end":{"line":102,"column":25}},"54":{"start":{"line":103,"column":12},"end":{"line":127,"column":13}},"55":{"start":{"line":104,"column":16},"end":{"line":109,"column":19}},"56":{"start":{"line":105,"column":20},"end":{"line":108,"column":21}},"57":{"start":{"line":106,"column":24},"end":{"line":106,"column":62}},"58":{"start":{"line":107,"column":24},"end":{"line":107,"column":38}},"59":{"start":{"line":110,"column":16},"end":{"line":110,"column":37}},"60":{"start":{"line":111,"column":16},"end":{"line":111,"column":66}},"61":{"start":{"line":112,"column":16},"end":{"line":119,"column":19}},"62":{"start":{"line":121,"column":16},"end":{"line":121,"column":37}},"63":{"start":{"line":122,"column":16},"end":{"line":122,"column":66}},"64":{"start":{"line":123,"column":16},"end":{"line":126,"column":19}},"65":{"start":{"line":129,"column":12},"end":{"line":129,"column":33}},"66":{"start":{"line":130,"column":12},"end":{"line":130,"column":62}},"67":{"start":{"line":131,"column":12},"end":{"line":134,"column":15}},"68":{"start":{"line":137,"column":8},"end":{"line":137,"column":29}},"69":{"start":{"line":138,"column":8},"end":{"line":138,"column":58}},"70":{"start":{"line":139,"column":8},"end":{"line":142,"column":11}},"71":{"start":{"line":146,"column":20},"end":{"line":196,"column":1}},"72":{"start":{"line":147,"column":21},"end":{"line":147,"column":29}},"73":{"start":{"line":148,"column":4},"end":{"line":195,"column":5}},"74":{"start":{"line":149,"column":8},"end":{"line":187,"column":9}},"75":{"start":{"line":150,"column":28},"end":{"line":150,"column":51}},"76":{"start":{"line":151,"column":34},"end":{"line":153,"column":14}},"77":{"start":{"line":152,"column":16},"end":{"line":152,"column":45}},"78":{"start":{"line":154,"column":23},"end":{"line":154,"column":25}},"79":{"start":{"line":155,"column":12},"end":{"line":179,"column":13}},"80":{"start":{"line":156,"column":16},"end":{"line":161,"column":19}},"81":{"start":{"line":157,"column":20},"end":{"line":160,"column":21}},"82":{"start":{"line":158,"column":24},"end":{"line":158,"column":60}},"83":{"start":{"line":159,"column":24},"end":{"line":159,"column":38}},"84":{"start":{"line":162,"column":16},"end":{"line":162,"column":37}},"85":{"start":{"line":163,"column":16},"end":{"line":163,"column":66}},"86":{"start":{"line":164,"column":16},"end":{"line":171,"column":19}},"87":{"start":{"line":173,"column":16},"end":{"line":173,"column":37}},"88":{"start":{"line":174,"column":16},"end":{"line":174,"column":66}},"89":{"start":{"line":175,"column":16},"end":{"line":178,"column":19}},"90":{"start":{"line":181,"column":12},"end":{"line":181,"column":33}},"91":{"start":{"line":182,"column":12},"end":{"line":182,"column":62}},"92":{"start":{"line":183,"column":12},"end":{"line":186,"column":15}},"93":{"start":{"line":189,"column":8},"end":{"line":189,"column":29}},"94":{"start":{"line":190,"column":8},"end":{"line":190,"column":58}},"95":{"start":{"line":191,"column":8},"end":{"line":194,"column":11}},"96":{"start":{"line":198,"column":19},"end":{"line":234,"column":1}},"97":{"start":{"line":199,"column":4},"end":{"line":233,"column":5}},"98":{"start":{"line":200,"column":24},"end":{"line":200,"column":47}},"99":{"start":{"line":201,"column":22},"end":{"line":201,"column":24}},"100":{"start":{"line":202,"column":30},"end":{"line":206,"column":10}},"101":{"start":{"line":203,"column":12},"end":{"line":205,"column":13}},"102":{"start":{"line":204,"column":16},"end":{"line":204,"column":30}},"103":{"start":{"line":204,"column":30},"end":{"line":204,"column":42}},"104":{"start":{"line":207,"column":8},"end":{"line":225,"column":9}},"105":{"start":{"line":208,"column":12},"end":{"line":208,"column":46}},"106":{"start":{"line":209,"column":12},"end":{"line":209,"column":33}},"107":{"start":{"line":210,"column":12},"end":{"line":210,"column":62}},"108":{"start":{"line":211,"column":12},"end":{"line":217,"column":15}},"109":{"start":{"line":219,"column":12},"end":{"line":219,"column":33}},"110":{"start":{"line":220,"column":12},"end":{"line":220,"column":62}},"111":{"start":{"line":221,"column":12},"end":{"line":224,"column":15}},"112":{"start":{"line":227,"column":8},"end":{"line":227,"column":29}},"113":{"start":{"line":228,"column":8},"end":{"line":228,"column":58}},"114":{"start":{"line":229,"column":8},"end":{"line":232,"column":11}}},"fnMap":{"0":{"name":"getRedFlags","decl":{"start":{"line":10,"column":49},"end":{"line":10,"column":60}},"loc":{"start":{"line":10,"column":71},"end":{"line":17,"column":1}},"line":10},"1":{"name":"getARecord","decl":{"start":{"line":19,"column":47},"end":{"line":19,"column":57}},"loc":{"start":{"line":19,"column":68},"end":{"line":48,"column":1}},"line":19},"2":{"name":"(anonymous_2)","decl":{"start":{"line":22,"column":51},"end":{"line":22,"column":52}},"loc":{"start":{"line":22,"column":69},"end":{"line":24,"column":9}},"line":22},"3":{"name":"postRecord","decl":{"start":{"line":50,"column":47},"end":{"line":50,"column":57}},"loc":{"start":{"line":50,"column":68},"end":{"line":92,"column":1}},"line":50},"4":{"name":"updateLocation","decl":{"start":{"line":94,"column":55},"end":{"line":94,"column":69}},"loc":{"start":{"line":94,"column":80},"end":{"line":144,"column":1}},"line":94},"5":{"name":"(anonymous_5)","decl":{"start":{"line":99,"column":56},"end":{"line":99,"column":57}},"loc":{"start":{"line":99,"column":72},"end":{"line":101,"column":13}},"line":99},"6":{"name":"(anonymous_6)","decl":{"start":{"line":104,"column":39},"end":{"line":104,"column":40}},"loc":{"start":{"line":104,"column":57},"end":{"line":109,"column":17}},"line":104},"7":{"name":"updateComment","decl":{"start":{"line":146,"column":53},"end":{"line":146,"column":66}},"loc":{"start":{"line":146,"column":77},"end":{"line":196,"column":1}},"line":146},"8":{"name":"(anonymous_8)","decl":{"start":{"line":151,"column":56},"end":{"line":151,"column":57}},"loc":{"start":{"line":151,"column":72},"end":{"line":153,"column":13}},"line":151},"9":{"name":"(anonymous_9)","decl":{"start":{"line":156,"column":39},"end":{"line":156,"column":40}},"loc":{"start":{"line":156,"column":57},"end":{"line":161,"column":17}},"line":156},"10":{"name":"deleteRecord","decl":{"start":{"line":198,"column":51},"end":{"line":198,"column":63}},"loc":{"start":{"line":198,"column":74},"end":{"line":234,"column":1}},"line":198},"11":{"name":"(anonymous_11)","decl":{"start":{"line":202,"column":52},"end":{"line":202,"column":53}},"loc":{"start":{"line":202,"column":73},"end":{"line":206,"column":9}},"line":202}},"branchMap":{"0":{"loc":{"start":{"line":20,"column":4},"end":{"line":47,"column":5}},"type":"if","locations":[{"start":{"line":20,"column":4},"end":{"line":47,"column":5}},{"start":{"line":20,"column":4},"end":{"line":47,"column":5}}],"line":20},"1":{"loc":{"start":{"line":25,"column":8},"end":{"line":39,"column":9}},"type":"if","locations":[{"start":{"line":25,"column":8},"end":{"line":39,"column":9}},{"start":{"line":25,"column":8},"end":{"line":39,"column":9}}],"line":25},"2":{"loc":{"start":{"line":52,"column":4},"end":{"line":91,"column":5}},"type":"if","locations":[{"start":{"line":52,"column":4},"end":{"line":91,"column":5}},{"start":{"line":52,"column":4},"end":{"line":91,"column":5}}],"line":52},"3":{"loc":{"start":{"line":53,"column":8},"end":{"line":83,"column":9}},"type":"if","locations":[{"start":{"line":53,"column":8},"end":{"line":83,"column":9}},{"start":{"line":53,"column":8},"end":{"line":83,"column":9}}],"line":53},"4":{"loc":{"start":{"line":53,"column":12},"end":{"line":53,"column":129}},"type":"binary-expr","locations":[{"start":{"line":53,"column":12},"end":{"line":53,"column":53}},{"start":{"line":53,"column":57},"end":{"line":53,"column":82}},{"start":{"line":53,"column":86},"end":{"line":53,"column":129}}],"line":53},"5":{"loc":{"start":{"line":96,"column":4},"end":{"line":143,"column":5}},"type":"if","locations":[{"start":{"line":96,"column":4},"end":{"line":143,"column":5}},{"start":{"line":96,"column":4},"end":{"line":143,"column":5}}],"line":96},"6":{"loc":{"start":{"line":96,"column":8},"end":{"line":96,"column":118}},"type":"binary-expr","locations":[{"start":{"line":96,"column":8},"end":{"line":96,"column":41}},{"start":{"line":96,"column":45},"end":{"line":96,"column":87}},{"start":{"line":96,"column":91},"end":{"line":96,"column":118}}],"line":96},"7":{"loc":{"start":{"line":97,"column":8},"end":{"line":135,"column":9}},"type":"if","locations":[{"start":{"line":97,"column":8},"end":{"line":135,"column":9}},{"start":{"line":97,"column":8},"end":{"line":135,"column":9}}],"line":97},"8":{"loc":{"start":{"line":103,"column":12},"end":{"line":127,"column":13}},"type":"if","locations":[{"start":{"line":103,"column":12},"end":{"line":127,"column":13}},{"start":{"line":103,"column":12},"end":{"line":127,"column":13}}],"line":103},"9":{"loc":{"start":{"line":105,"column":20},"end":{"line":108,"column":21}},"type":"if","locations":[{"start":{"line":105,"column":20},"end":{"line":108,"column":21}},{"start":{"line":105,"column":20},"end":{"line":108,"column":21}}],"line":105},"10":{"loc":{"start":{"line":148,"column":4},"end":{"line":195,"column":5}},"type":"if","locations":[{"start":{"line":148,"column":4},"end":{"line":195,"column":5}},{"start":{"line":148,"column":4},"end":{"line":195,"column":5}}],"line":148},"11":{"loc":{"start":{"line":148,"column":8},"end":{"line":148,"column":116}},"type":"binary-expr","locations":[{"start":{"line":148,"column":8},"end":{"line":148,"column":41}},{"start":{"line":148,"column":45},"end":{"line":148,"column":86}},{"start":{"line":148,"column":90},"end":{"line":148,"column":116}}],"line":148},"12":{"loc":{"start":{"line":149,"column":8},"end":{"line":187,"column":9}},"type":"if","locations":[{"start":{"line":149,"column":8},"end":{"line":187,"column":9}},{"start":{"line":149,"column":8},"end":{"line":187,"column":9}}],"line":149},"13":{"loc":{"start":{"line":155,"column":12},"end":{"line":179,"column":13}},"type":"if","locations":[{"start":{"line":155,"column":12},"end":{"line":179,"column":13}},{"start":{"line":155,"column":12},"end":{"line":179,"column":13}}],"line":155},"14":{"loc":{"start":{"line":157,"column":20},"end":{"line":160,"column":21}},"type":"if","locations":[{"start":{"line":157,"column":20},"end":{"line":160,"column":21}},{"start":{"line":157,"column":20},"end":{"line":160,"column":21}}],"line":157},"15":{"loc":{"start":{"line":199,"column":4},"end":{"line":233,"column":5}},"type":"if","locations":[{"start":{"line":199,"column":4},"end":{"line":233,"column":5}},{"start":{"line":199,"column":4},"end":{"line":233,"column":5}}],"line":199},"16":{"loc":{"start":{"line":203,"column":12},"end":{"line":205,"column":13}},"type":"if","locations":[{"start":{"line":203,"column":12},"end":{"line":205,"column":13}},{"start":{"line":203,"column":12},"end":{"line":205,"column":13}}],"line":203},"17":{"loc":{"start":{"line":207,"column":8},"end":{"line":225,"column":9}},"type":"if","locations":[{"start":{"line":207,"column":8},"end":{"line":225,"column":9}},{"start":{"line":207,"column":8},"end":{"line":225,"column":9}}],"line":207}},"s":{"0":1,"1":1,"2":1,"3":1,"4":5,"5":5,"6":5,"7":1,"8":5,"9":5,"10":5,"11":30,"12":5,"13":5,"14":5,"15":5,"16":0,"17":0,"18":0,"19":0,"20":0,"21":0,"22":1,"23":5,"24":5,"25":5,"26":5,"27":5,"28":5,"29":5,"30":5,"31":5,"32":5,"33":5,"34":5,"35":5,"36":5,"37":5,"38":5,"39":5,"40":0,"41":0,"42":0,"43":0,"44":0,"45":0,"46":1,"47":5,"48":5,"49":5,"50":5,"51":5,"52":55,"53":5,"54":5,"55":5,"56":55,"57":5,"58":5,"59":5,"60":5,"61":5,"62":0,"63":0,"64":0,"65":0,"66":0,"67":0,"68":0,"69":0,"70":0,"71":1,"72":5,"73":5,"74":5,"75":5,"76":5,"77":55,"78":5,"79":5,"80":5,"81":55,"82":5,"83":5,"84":5,"85":5,"86":5,"87":0,"88":0,"89":0,"90":0,"91":0,"92":0,"93":0,"94":0,"95":0,"96":1,"97":5,"98":5,"99":5,"100":5,"101":45,"102":5,"103":5,"104":5,"105":5,"106":5,"107":5,"108":5,"109":0,"110":0,"111":0,"112":0,"113":0,"114":0},"f":{"0":5,"1":5,"2":30,"3":5,"4":5,"5":55,"6":55,"7":5,"8":55,"9":55,"10":5,"11":45},"b":{"0":[5,0],"1":[5,0],"2":[5,0],"3":[5,0],"4":[5,5,5],"5":[5,0],"6":[5,5,5],"7":[5,0],"8":[5,0],"9":[5,50],"10":[5,0],"11":[5,5,5],"12":[5,0],"13":[5,0],"14":[5,50],"15":[5,0],"16":[5,40],"17":[5,0]},"_coverageSchema":"43e27e138ebf9cfc5966b082cf9a028302ed4184","hash":"1a9b90f21b423a6776edb77fe99804bee217f2d0","contentHash":"4c9dcf0cc2c48a5e57aa3bd21f640523"},"C:\\Users\\Kazom\\Documents\\andela\\iReporter\\server\\model\\index.js":{"path":"C:\\Users\\Kazom\\Documents\\andela\\iReporter\\server\\model\\index.js","statementMap":{"0":{"start":{"line":3,"column":0},"end":{"line":5,"column":3}},"1":{"start":{"line":7,"column":17},"end":{"line":7,"column":39}},"2":{"start":{"line":9,"column":0},"end":{"line":17,"column":3}},"3":{"start":{"line":10,"column":2},"end":{"line":10,"column":56}},"4":{"start":{"line":10,"column":49},"end":{"line":10,"column":56}},"5":{"start":{"line":11,"column":2},"end":{"line":16,"column":5}},"6":{"start":{"line":14,"column":6},"end":{"line":14,"column":29}}},"fnMap":{"0":{"name":"(anonymous_0)","decl":{"start":{"line":9,"column":32},"end":{"line":9,"column":33}},"loc":{"start":{"line":9,"column":47},"end":{"line":17,"column":1}},"line":9},"1":{"name":"get","decl":{"start":{"line":13,"column":18},"end":{"line":13,"column":21}},"loc":{"start":{"line":13,"column":24},"end":{"line":15,"column":5}},"line":13}},"branchMap":{"0":{"loc":{"start":{"line":10,"column":2},"end":{"line":10,"column":56}},"type":"if","locations":[{"start":{"line":10,"column":2},"end":{"line":10,"column":56}},{"start":{"line":10,"column":2},"end":{"line":10,"column":56}}],"line":10},"1":{"loc":{"start":{"line":10,"column":6},"end":{"line":10,"column":47}},"type":"binary-expr","locations":[{"start":{"line":10,"column":6},"end":{"line":10,"column":23}},{"start":{"line":10,"column":27},"end":{"line":10,"column":47}}],"line":10}},"s":{"0":1,"1":1,"2":1,"3":1,"4":0,"5":1,"6":50},"f":{"0":1,"1":50},"b":{"0":[0,1],"1":[1,1]},"_coverageSchema":"43e27e138ebf9cfc5966b082cf9a028302ed4184","hash":"33b1144cf7f55f78a0a984e8f096ae2e7f5879bf","contentHash":"43db00702a6c53b9b385c25aa7cd3b4f"},"C:\\Users\\Kazom\\Documents\\andela\\iReporter\\server\\model\\resources.js":{"path":"C:\\Users\\Kazom\\Documents\\andela\\iReporter\\server\\model\\resources.js","statementMap":{"0":{"start":{"line":3,"column":0},"end":{"line":5,"column":3}},"1":{"start":{"line":6,"column":14},"end":{"line":66,"column":2}}},"fnMap":{},"branchMap":{},"s":{"0":1,"1":1},"f":{},"b":{},"_coverageSchema":"43e27e138ebf9cfc5966b082cf9a028302ed4184","hash":"593a75d7341038598032cc0712ba0c3c8195f6d5","contentHash":"7cc5337068623282db399cebc35ccd2c"},"C:\\Users\\Kazom\\Documents\\andela\\iReporter\\server\\controller\\Auth.js":{"path":"C:\\Users\\Kazom\\Documents\\andela\\iReporter\\server\\controller\\Auth.js","statementMap":{"0":{"start":{"line":3,"column":0},"end":{"line":5,"column":3}},"1":{"start":{"line":6,"column":0},"end":{"line":6,"column":31}},"2":{"start":{"line":8,"column":14},"end":{"line":8,"column":31}},"3":{"start":{"line":10,"column":15},"end":{"line":10,"column":46}},"4":{"start":{"line":12,"column":14},"end":{"line":12,"column":34}},"5":{"start":{"line":14,"column":15},"end":{"line":14,"column":46}},"6":{"start":{"line":16,"column":39},"end":{"line":16,"column":93}},"7":{"start":{"line":18,"column":17},"end":{"line":87,"column":1}},"8":{"start":{"line":19,"column":18},"end":{"line":19,"column":59}},"9":{"start":{"line":20,"column":4},"end":{"line":22,"column":5}},"10":{"start":{"line":21,"column":8},"end":{"line":21,"column":100}},"11":{"start":{"line":23,"column":4},"end":{"line":86,"column":5}},"12":{"start":{"line":24,"column":20},"end":{"line":24,"column":33}},"13":{"start":{"line":25,"column":23},"end":{"line":25,"column":39}},"14":{"start":{"line":26,"column":24},"end":{"line":26,"column":41}},"15":{"start":{"line":27,"column":23},"end":{"line":27,"column":39}},"16":{"start":{"line":28,"column":26},"end":{"line":28,"column":45}},"17":{"start":{"line":29,"column":23},"end":{"line":29,"column":39}},"18":{"start":{"line":30,"column":31},"end":{"line":30,"column":55}},"19":{"start":{"line":32,"column":18},"end":{"line":32,"column":60}},"20":{"start":{"line":33,"column":8},"end":{"line":85,"column":11}},"21":{"start":{"line":34,"column":12},"end":{"line":36,"column":13}},"22":{"start":{"line":35,"column":16},"end":{"line":35,"column":88}},"23":{"start":{"line":37,"column":22},"end":{"line":37,"column":186}},"24":{"start":{"line":38,"column":31},"end":{"line":38,"column":70}},"25":{"start":{"line":39,"column":12},"end":{"line":82,"column":15}},"26":{"start":{"line":40,"column":26},"end":{"line":40,"column":68}},"27":{"start":{"line":41,"column":16},"end":{"line":79,"column":19}},"28":{"start":{"line":42,"column":40},"end":{"line":42,"column":54}},"29":{"start":{"line":43,"column":33},"end":{"line":43,"column":53}},"30":{"start":{"line":44,"column":32},"end":{"line":44,"column":51}},"31":{"start":{"line":45,"column":35},"end":{"line":45,"column":57}},"32":{"start":{"line":46,"column":33},"end":{"line":46,"column":53}},"33":{"start":{"line":47,"column":35},"end":{"line":47,"column":57}},"34":{"start":{"line":48,"column":38},"end":{"line":48,"column":63}},"35":{"start":{"line":49,"column":36},"end":{"line":49,"column":59}},"36":{"start":{"line":50,"column":35},"end":{"line":50,"column":57}},"37":{"start":{"line":51,"column":38},"end":{"line":51,"column":63}},"38":{"start":{"line":52,"column":43},"end":{"line":52,"column":73}},"39":{"start":{"line":54,"column":20},"end":{"line":76,"column":23}},"40":{"start":{"line":55,"column":24},"end":{"line":55,"column":45}},"41":{"start":{"line":56,"column":24},"end":{"line":56,"column":74}},"42":{"start":{"line":57,"column":24},"end":{"line":73,"column":27}},"43":{"start":{"line":75,"column":24},"end":{"line":75,"column":80}},"44":{"start":{"line":78,"column":20},"end":{"line":78,"column":76}},"45":{"start":{"line":81,"column":16},"end":{"line":81,"column":72}},"46":{"start":{"line":84,"column":12},"end":{"line":84,"column":68}}},"fnMap":{"0":{"name":"_interopRequireDefault","decl":{"start":{"line":16,"column":9},"end":{"line":16,"column":31}},"loc":{"start":{"line":16,"column":37},"end":{"line":16,"column":95}},"line":16},"1":{"name":"signUpUser","decl":{"start":{"line":18,"column":47},"end":{"line":18,"column":57}},"loc":{"start":{"line":18,"column":68},"end":{"line":87,"column":1}},"line":18},"2":{"name":"(anonymous_2)","decl":{"start":{"line":33,"column":57},"end":{"line":33,"column":58}},"loc":{"start":{"line":33,"column":75},"end":{"line":83,"column":9}},"line":33},"3":{"name":"(anonymous_3)","decl":{"start":{"line":39,"column":172},"end":{"line":39,"column":173}},"loc":{"start":{"line":39,"column":190},"end":{"line":80,"column":13}},"line":39},"4":{"name":"(anonymous_4)","decl":{"start":{"line":41,"column":65},"end":{"line":41,"column":66}},"loc":{"start":{"line":41,"column":83},"end":{"line":77,"column":17}},"line":41},"5":{"name":"(anonymous_5)","decl":{"start":{"line":54,"column":144},"end":{"line":54,"column":145}},"loc":{"start":{"line":54,"column":161},"end":{"line":74,"column":21}},"line":54},"6":{"name":"(anonymous_6)","decl":{"start":{"line":74,"column":29},"end":{"line":74,"column":30}},"loc":{"start":{"line":74,"column":46},"end":{"line":76,"column":21}},"line":74},"7":{"name":"(anonymous_7)","decl":{"start":{"line":77,"column":25},"end":{"line":77,"column":26}},"loc":{"start":{"line":77,"column":42},"end":{"line":79,"column":17}},"line":77},"8":{"name":"(anonymous_8)","decl":{"start":{"line":80,"column":21},"end":{"line":80,"column":22}},"loc":{"start":{"line":80,"column":38},"end":{"line":82,"column":13}},"line":80},"9":{"name":"(anonymous_9)","decl":{"start":{"line":83,"column":17},"end":{"line":83,"column":18}},"loc":{"start":{"line":83,"column":34},"end":{"line":85,"column":9}},"line":83}},"branchMap":{"0":{"loc":{"start":{"line":16,"column":46},"end":{"line":16,"column":92}},"type":"cond-expr","locations":[{"start":{"line":16,"column":70},"end":{"line":16,"column":73}},{"start":{"line":16,"column":76},"end":{"line":16,"column":92}}],"line":16},"1":{"loc":{"start":{"line":16,"column":46},"end":{"line":16,"column":67}},"type":"binary-expr","locations":[{"start":{"line":16,"column":46},"end":{"line":16,"column":49}},{"start":{"line":16,"column":53},"end":{"line":16,"column":67}}],"line":16},"2":{"loc":{"start":{"line":20,"column":4},"end":{"line":22,"column":5}},"type":"if","locations":[{"start":{"line":20,"column":4},"end":{"line":22,"column":5}},{"start":{"line":20,"column":4},"end":{"line":22,"column":5}}],"line":20},"3":{"loc":{"start":{"line":23,"column":4},"end":{"line":86,"column":5}},"type":"if","locations":[{"start":{"line":23,"column":4},"end":{"line":86,"column":5}},{"start":{"line":23,"column":4},"end":{"line":86,"column":5}}],"line":23},"4":{"loc":{"start":{"line":34,"column":12},"end":{"line":36,"column":13}},"type":"if","locations":[{"start":{"line":34,"column":12},"end":{"line":36,"column":13}},{"start":{"line":34,"column":12},"end":{"line":36,"column":13}}],"line":34}},"s":{"0":1,"1":1,"2":1,"3":1,"4":1,"5":1,"6":2,"7":1,"8":7,"9":7,"10":0,"11":7,"12":7,"13":7,"14":7,"15":7,"16":7,"17":7,"18":7,"19":7,"20":7,"21":7,"22":0,"23":7,"24":7,"25":7,"26":7,"27":7,"28":7,"29":7,"30":7,"31":7,"32":7,"33":7,"34":7,"35":7,"36":7,"37":7,"38":7,"39":7,"40":7,"41":7,"42":7,"43":0,"44":0,"45":0,"46":0},"f":{"0":2,"1":7,"2":7,"3":7,"4":7,"5":7,"6":0,"7":0,"8":0,"9":0},"b":{"0":[1,1],"1":[2,2],"2":[0,7],"3":[7,0],"4":[0,7]},"_coverageSchema":"43e27e138ebf9cfc5966b082cf9a028302ed4184","hash":"38f190a4959f6a37ccb6bc66f00c622271617fc6","contentHash":"e21804af78f8ef2d01ef8a34de877876"},"C:\\Users\\Kazom\\Documents\\andela\\iReporter\\server\\Helper.js":{"path":"C:\\Users\\Kazom\\Documents\\andela\\iReporter\\server\\Helper.js","statementMap":{"0":{"start":{"line":3,"column":0},"end":{"line":5,"column":3}},"1":{"start":{"line":7,"column":14},"end":{"line":7,"column":268}},"2":{"start":{"line":7,"column":101},"end":{"line":7,"column":119}},"3":{"start":{"line":7,"column":141},"end":{"line":7,"column":266}},"4":{"start":{"line":9,"column":19},"end":{"line":9,"column":563}},"5":{"start":{"line":9,"column":76},"end":{"line":9,"column":347}},"6":{"start":{"line":9,"column":134},"end":{"line":9,"column":142}},"7":{"start":{"line":9,"column":144},"end":{"line":9,"column":199}},"8":{"start":{"line":9,"column":200},"end":{"line":9,"column":231}},"9":{"start":{"line":9,"column":232},"end":{"line":9,"column":286}},"10":{"start":{"line":9,"column":259},"end":{"line":9,"column":286}},"11":{"start":{"line":9,"column":287},"end":{"line":9,"column":345}},"12":{"start":{"line":9,"column":350},"end":{"line":9,"column":559}},"13":{"start":{"line":9,"column":407},"end":{"line":9,"column":475}},"14":{"start":{"line":9,"column":423},"end":{"line":9,"column":475}},"15":{"start":{"line":9,"column":476},"end":{"line":9,"column":536}},"16":{"start":{"line":9,"column":493},"end":{"line":9,"column":536}},"17":{"start":{"line":9,"column":537},"end":{"line":9,"column":556}},"18":{"start":{"line":11,"column":17},"end":{"line":11,"column":37}},"19":{"start":{"line":13,"column":18},"end":{"line":13,"column":52}},"20":{"start":{"line":15,"column":26},"end":{"line":15,"column":57}},"21":{"start":{"line":17,"column":27},"end":{"line":17,"column":70}},"22":{"start":{"line":19,"column":20},"end":{"line":19,"column":43}},"23":{"start":{"line":21,"column":21},"end":{"line":21,"column":58}},"24":{"start":{"line":23,"column":39},"end":{"line":23,"column":93}},"25":{"start":{"line":25,"column":50},"end":{"line":25,"column":151}},"26":{"start":{"line":25,"column":92},"end":{"line":25,"column":149}},"27":{"start":{"line":34,"column":13},"end":{"line":224,"column":3}},"28":{"start":{"line":36,"column":8},"end":{"line":36,"column":38}},"29":{"start":{"line":38,"column":8},"end":{"line":38,"column":57}},"30":{"start":{"line":39,"column":8},"end":{"line":39,"column":55}},"31":{"start":{"line":40,"column":8},"end":{"line":40,"column":55}},"32":{"start":{"line":43,"column":4},"end":{"line":221,"column":8}},"33":{"start":{"line":46,"column":12},"end":{"line":56,"column":13}},"34":{"start":{"line":48,"column":16},"end":{"line":52,"column":19}},"35":{"start":{"line":49,"column":20},"end":{"line":51,"column":21}},"36":{"start":{"line":50,"column":24},"end":{"line":50,"column":51}},"37":{"start":{"line":53,"column":16},"end":{"line":53,"column":27}},"38":{"start":{"line":55,"column":16},"end":{"line":55,"column":26}},"39":{"start":{"line":61,"column":12},"end":{"line":81,"column":13}},"40":{"start":{"line":62,"column":16},"end":{"line":62,"column":29}},"41":{"start":{"line":64,"column":33},"end":{"line":64,"column":49}},"42":{"start":{"line":65,"column":31},"end":{"line":65,"column":37}},"43":{"start":{"line":66,"column":16},"end":{"line":76,"column":17}},"44":{"start":{"line":67,"column":20},"end":{"line":67,"column":37}},"45":{"start":{"line":68,"column":20},"end":{"line":72,"column":21}},"46":{"start":{"line":69,"column":24},"end":{"line":71,"column":25}},"47":{"start":{"line":70,"column":28},"end":{"line":70,"column":44}},"48":{"start":{"line":73,"column":20},"end":{"line":75,"column":21}},"49":{"start":{"line":74,"column":24},"end":{"line":74,"column":37}},"50":{"start":{"line":77,"column":16},"end":{"line":79,"column":17}},"51":{"start":{"line":78,"column":20},"end":{"line":78,"column":32}},"52":{"start":{"line":80,"column":16},"end":{"line":80,"column":29}},"53":{"start":{"line":86,"column":12},"end":{"line":124,"column":13}},"54":{"start":{"line":88,"column":27},"end":{"line":88,"column":43}},"55":{"start":{"line":89,"column":16},"end":{"line":120,"column":17}},"56":{"start":{"line":90,"column":20},"end":{"line":97,"column":21}},"57":{"start":{"line":91,"column":24},"end":{"line":96,"column":25}},"58":{"start":{"line":92,"column":28},"end":{"line":92,"column":49}},"59":{"start":{"line":93,"column":28},"end":{"line":93,"column":78}},"60":{"start":{"line":94,"column":28},"end":{"line":94,"column":107}},"61":{"start":{"line":95,"column":28},"end":{"line":95,"column":41}},"62":{"start":{"line":98,"column":20},"end":{"line":105,"column":21}},"63":{"start":{"line":99,"column":24},"end":{"line":104,"column":25}},"64":{"start":{"line":100,"column":28},"end":{"line":100,"column":49}},"65":{"start":{"line":101,"column":28},"end":{"line":101,"column":78}},"66":{"start":{"line":102,"column":28},"end":{"line":102,"column":107}},"67":{"start":{"line":103,"column":28},"end":{"line":103,"column":41}},"68":{"start":{"line":106,"column":20},"end":{"line":119,"column":21}},"69":{"start":{"line":108,"column":24},"end":{"line":113,"column":25}},"70":{"start":{"line":109,"column":28},"end":{"line":109,"column":49}},"71":{"start":{"line":110,"column":28},"end":{"line":110,"column":78}},"72":{"start":{"line":111,"column":28},"end":{"line":111,"column":102}},"73":{"start":{"line":112,"column":28},"end":{"line":112,"column":41}},"74":{"start":{"line":114,"column":27},"end":{"line":119,"column":21}},"75":{"start":{"line":115,"column":24},"end":{"line":115,"column":45}},"76":{"start":{"line":116,"column":24},"end":{"line":116,"column":74}},"77":{"start":{"line":117,"column":24},"end":{"line":117,"column":69}},"78":{"start":{"line":118,"column":24},"end":{"line":118,"column":37}},"79":{"start":{"line":121,"column":16},"end":{"line":121,"column":28}},"80":{"start":{"line":123,"column":16},"end":{"line":123,"column":29}},"81":{"start":{"line":135,"column":12},"end":{"line":143,"column":15}},"82":{"start":{"line":136,"column":16},"end":{"line":142,"column":19}},"83":{"start":{"line":137,"column":20},"end":{"line":141,"column":21}},"84":{"start":{"line":138,"column":24},"end":{"line":138,"column":36}},"85":{"start":{"line":140,"column":24},"end":{"line":140,"column":46}},"86":{"start":{"line":156,"column":24},"end":{"line":156,"column":28}},"87":{"start":{"line":158,"column":12},"end":{"line":184,"column":15}},"88":{"start":{"line":159,"column":16},"end":{"line":183,"column":19}},"89":{"start":{"line":160,"column":20},"end":{"line":180,"column":21}},"90":{"start":{"line":161,"column":24},"end":{"line":169,"column":27}},"91":{"start":{"line":162,"column":28},"end":{"line":162,"column":45}},"92":{"start":{"line":163,"column":28},"end":{"line":168,"column":29}},"93":{"start":{"line":164,"column":32},"end":{"line":164,"column":49}},"94":{"start":{"line":165,"column":32},"end":{"line":165,"column":44}},"95":{"start":{"line":167,"column":32},"end":{"line":167,"column":48}},"96":{"start":{"line":171,"column":24},"end":{"line":179,"column":27}},"97":{"start":{"line":172,"column":28},"end":{"line":172,"column":45}},"98":{"start":{"line":173,"column":28},"end":{"line":178,"column":29}},"99":{"start":{"line":174,"column":32},"end":{"line":174,"column":49}},"100":{"start":{"line":175,"column":32},"end":{"line":175,"column":44}},"101":{"start":{"line":177,"column":32},"end":{"line":177,"column":48}},"102":{"start":{"line":182,"column":20},"end":{"line":182,"column":32}},"103":{"start":{"line":197,"column":22},"end":{"line":197,"column":79}},"104":{"start":{"line":198,"column":12},"end":{"line":206,"column":15}},"105":{"start":{"line":199,"column":16},"end":{"line":205,"column":19}},"106":{"start":{"line":200,"column":20},"end":{"line":204,"column":21}},"107":{"start":{"line":201,"column":24},"end":{"line":201,"column":36}},"108":{"start":{"line":203,"column":24},"end":{"line":203,"column":39}},"109":{"start":{"line":211,"column":12},"end":{"line":216,"column":13}},"110":{"start":{"line":212,"column":16},"end":{"line":212,"column":44}},"111":{"start":{"line":213,"column":16},"end":{"line":213,"column":66}},"112":{"start":{"line":214,"column":16},"end":{"line":214,"column":44}},"113":{"start":{"line":215,"column":16},"end":{"line":215,"column":72}},"114":{"start":{"line":217,"column":12},"end":{"line":217,"column":40}},"115":{"start":{"line":218,"column":12},"end":{"line":218,"column":62}},"116":{"start":{"line":219,"column":12},"end":{"line":219,"column":50}},"117":{"start":{"line":223,"column":4},"end":{"line":223,"column":18}},"118":{"start":{"line":226,"column":0},"end":{"line":226,"column":31}}},"fnMap":{"0":{"name":"(anonymous_0)","decl":{"start":{"line":7,"column":84},"end":{"line":7,"column":85}},"loc":{"start":{"line":7,"column":99},"end":{"line":7,"column":121}},"line":7},"1":{"name":"(anonymous_1)","decl":{"start":{"line":7,"column":124},"end":{"line":7,"column":125}},"loc":{"start":{"line":7,"column":139},"end":{"line":7,"column":268}},"line":7},"2":{"name":"(anonymous_2)","decl":{"start":{"line":9,"column":19},"end":{"line":9,"column":20}},"loc":{"start":{"line":9,"column":31},"end":{"line":9,"column":561}},"line":9},"3":{"name":"defineProperties","decl":{"start":{"line":9,"column":42},"end":{"line":9,"column":58}},"loc":{"start":{"line":9,"column":74},"end":{"line":9,"column":349}},"line":9},"4":{"name":"(anonymous_4)","decl":{"start":{"line":9,"column":357},"end":{"line":9,"column":358}},"loc":{"start":{"line":9,"column":405},"end":{"line":9,"column":558}},"line":9},"5":{"name":"_interopRequireDefault","decl":{"start":{"line":23,"column":9},"end":{"line":23,"column":31}},"loc":{"start":{"line":23,"column":37},"end":{"line":23,"column":95}},"line":23},"6":{"name":"_classCallCheck","decl":{"start":{"line":25,"column":9},"end":{"line":25,"column":24}},"loc":{"start":{"line":25,"column":48},"end":{"line":25,"column":153}},"line":25},"7":{"name":"(anonymous_7)","decl":{"start":{"line":34,"column":13},"end":{"line":34,"column":14}},"loc":{"start":{"line":34,"column":25},"end":{"line":224,"column":1}},"line":34},"8":{"name":"Helper","decl":{"start":{"line":35,"column":13},"end":{"line":35,"column":19}},"loc":{"start":{"line":35,"column":22},"end":{"line":41,"column":5}},"line":35},"9":{"name":"trimWhiteSpace","decl":{"start":{"line":45,"column":24},"end":{"line":45,"column":38}},"loc":{"start":{"line":45,"column":44},"end":{"line":57,"column":9}},"line":45},"10":{"name":"(anonymous_10)","decl":{"start":{"line":48,"column":41},"end":{"line":48,"column":42}},"loc":{"start":{"line":48,"column":56},"end":{"line":52,"column":17}},"line":48},"11":{"name":"validateKey","decl":{"start":{"line":60,"column":24},"end":{"line":60,"column":35}},"loc":{"start":{"line":60,"column":47},"end":{"line":82,"column":9}},"line":60},"12":{"name":"validateInput","decl":{"start":{"line":85,"column":24},"end":{"line":85,"column":37}},"loc":{"start":{"line":85,"column":48},"end":{"line":125,"column":9}},"line":85},"13":{"nam
[...]
":{"line":134,"column":24},"end":{"line":134,"column":35}},"loc":{"start":{"line":134,"column":38},"end":{"line":144,"column":9}},"line":134},"14":{"name":"(anonymous_14)","decl":{"start":{"line":135,"column":31},"end":{"line":135,"column":32}},"loc":{"start":{"line":135,"column":58},"end":{"line":143,"column":13}},"line":135},"15":{"name":"(anonymous_15)","decl":{"start":{"line":136,"column":53},"end":{"line":136,"column":54}},"loc":{"start":{"line":136,"column":82},"end":{"line":142,"column":17}},"line":136},"16":{"name":"executeQuery","decl":{"start":{"line":155,"column":24},"end":{"line":155,"column":36}},"loc":{"start":{"line":155,"column":50},"end":{"line":185,"column":9}},"line":155},"17":{"name":"(anonymous_17)","decl":{"start":{"line":158,"column":31},"end":{"line":158,"column":32}},"loc":{"start":{"line":158,"column":58},"end":{"line":184,"column":13}},"line":158},"18":{"name":"(anonymous_18)","decl":{"start":{"line":159,"column":41},"end":{"line":159,"column":42}},"loc":{"start":{"line":159,"column":65},"end":{"line":181,"column":17}},"line":159},"19":{"name":"(anonymous_19)","decl":{"start":{"line":161,"column":50},"end":{"line":161,"column":51}},"loc":{"start":{"line":161,"column":73},"end":{"line":169,"column":25}},"line":161},"20":{"name":"(anonymous_20)","decl":{"start":{"line":171,"column":42},"end":{"line":171,"column":43}},"loc":{"start":{"line":171,"column":65},"end":{"line":179,"column":25}},"line":171},"21":{"name":"(anonymous_21)","decl":{"start":{"line":181,"column":25},"end":{"line":181,"column":26}},"loc":{"start":{"line":181,"column":40},"end":{"line":183,"column":17}},"line":181},"22":{"name":"assignToken","decl":{"start":{"line":196,"column":24},"end":{"line":196,"column":35}},"loc":{"start":{"line":196,"column":45},"end":{"line":207,"column":9}},"line":196},"23":{"name":"(anonymous_23)","decl":{"start":{"line":198,"column":31},"end":{"line":198,"column":32}},"loc":{"start":{"line":198,"column":58},"end":{"line":206,"column":13}},"line":198},"24":{"name":"(anonymous_24)","decl":{"start":{"line":199,"column":83},"end":{"line":199,"column":84}},"loc":{"start":{"line":199,"column":105},"end":{"line":205,"column":17}},"line":199},"25":{"name":"displayMessage","decl":{"start":{"line":210,"column":24},"end":{"line":210,"column":38}},"loc":{"start":{"line":210,"column":74},"end":{"line":220,"column":9}},"line":210}},"branchMap":{"0":{"loc":{"start":{"line":7,"column":14},"end":{"line":7,"column":268}},"type":"cond-expr","locations":[{"start":{"line":7,"column":84},"end":{"line":7,"column":121}},{"start":{"line":7,"column":124},"end":{"line":7,"column":268}}],"line":7},"1":{"loc":{"start":{"line":7,"column":14},"end":{"line":7,"column":81}},"type":"binary-expr","locations":[{"start":{"line":7,"column":14},"end":{"line":7,"column":42}},{"start":{"line":7,"column":46},"end":{"line":7,"column":81}}],"line":7},"2":{"loc":{"start":{"line":7,"column":148},"end":{"line":7,"column":265}},"type":"cond-expr","locations":[{"start":{"line":7,"column":244},"end":{"line":7,"column":252}},{"start":{"line":7,"column":255},"end":{"line":7,"column":265}}],"line":7},"3":{"loc":{"start":{"line":7,"column":148},"end":{"line":7,"column":241}},"type":"binary-expr","locations":[{"start":{"line":7,"column":148},"end":{"line":7,"column":151}},{"start":{"line":7,"column":155},"end":{"line":7,"column":183}},{"start":{"line":7,"column":187},"end":{"line":7,"column":213}},{"start":{"line":7,"column":217},"end":{"line":7,"column":241}}],"line":7},"4":{"loc":{"start":{"line":9,"column":168},"end":{"line":9,"column":198}},"type":"binary-expr","locations":[{"start":{"line":9,"column":168},"end":{"line":9,"column":189}},{"start":{"line":9,"column":193},"end":{"line":9,"column":198}}],"line":9},"5":{"loc":{"start":{"line":9,"column":232},"end":{"line":9,"column":286}},"type":"if","locations":[{"start":{"line":9,"column":232},"end":{"line":9,"column":286}},{"start":{"line":9,"column":232},"end":{"line":9,"column":286}}],"line":9},"6":{"loc":{"start":{"line":9,"column":407},"end":{"line":9,"column":475}},"type":"if","locations":[{"start":{"line":9,"column":407},"end":{"line":9,"column":475}},{"start":{"line":9,"column":407},"end":{"line":9,"column":475}}],"line":9},"7":{"loc":{"start":{"line":9,"column":476},"end":{"line":9,"column":536}},"type":"if","locations":[{"start":{"line":9,"column":476},"end":{"line":9,"column":536}},{"start":{"line":9,"column":476},"end":{"line":9,"column":536}}],"line":9},"8":{"loc":{"start":{"line":23,"column":46},"end":{"line":23,"column":92}},"type":"cond-expr","locations":[{"start":{"line":23,"column":70},"end":{"line":23,"column":73}},{"start":{"line":23,"column":76},"end":{"line":23,"column":92}}],"line":23},"9":{"loc":{"start":{"line":23,"column":46},"end":{"line":23,"column":67}},"type":"binary-expr","locations":[{"start":{"line":23,"column":46},"end":{"line":23,"column":49}},{"start":{"line":23,"column":53},"end":{"line":23,"column":67}}],"line":23},"10":{"loc":{"start":{"line":25,"column":50},"end":{"line":25,"column":151}},"type":"if","locations":[{"start":{"line":25,"column":50},"end":{"line":25,"column":151}},{"start":{"line":25,"column":50},"end":{"line":25,"column":151}}],"line":25},"11":{"loc":{"start":{"line":46,"column":12},"end":{"line":56,"column":13}},"type":"if","locations":[{"start":{"line":46,"column":12},"end":{"line":56,"column":13}},{"start":{"line":46,"column":12},"end":{"line":56,"column":13}}],"line":46},"12":{"loc":{"start":{"line":46,"column":16},"end":{"line":46,"column":167}},"type":"binary-expr","locations":[{"start":{"line":46,"column":16},"end":{"line":46,"column":42}},{"start":{"line":46,"column":46},"end":{"line":46,"column":56}},{"start":{"line":46,"column":60},"end":{"line":46,"column":130}},{"start":{"line":46,"column":134},"end":{"line":46,"column":167}}],"line":46},"13":{"loc":{"start":{"line":46,"column":61},"end":{"line":46,"column":116}},"type":"cond-expr","locations":[{"start":{"line":46,"column":90},"end":{"line":46,"column":101}},{"start":{"line":46,"column":104},"end":{"line":46,"column":116}}],"line":46},"14":{"loc":{"start":{"line":49,"column":20},"end":{"line":51,"column":21}},"type":"if","locations":[{"start":{"line":49,"column":20},"end":{"line":51,"column":21}},{"start":{"line":49,"column":20},"end":{"line":51,"column":21}}],"line":49},"15":{"loc":{"start":{"line":49,"column":24},"end":{"line":49,"column":73}},"type":"binary-expr","locations":[{"start":{"line":49,"column":24},"end":{"line":49,"column":41}},{"start":{"line":49,"column":45},"end":{"line":49,"column":73}}],"line":49},"16":{"loc":{"start":{"line":61,"column":12},"end":{"line":81,"column":13}},"type":"if","locations":[{"start":{"line":61,"column":12},"end":{"line":81,"column":13}},{"start":{"line":61,"column":12},"end":{"line":81,"column":13}}],"line":61},"17":{"loc":{"start":{"line":61,"column":16},"end":{"line":61,"column":79}},"type":"binary-expr","locations":[{"start":{"line":61,"column":16},"end":{"line":61,"column":42}},{"start":{"line":61,"column":46},"end":{"line":61,"column":79}}],"line":61},"18":{"loc":{"start":{"line":69,"column":24},"end":{"line":71,"column":25}},"type":"if","locations":[{"start":{"line":69,"column":24},"end":{"line":71,"column":25}},{"start":{"line":69,"column":24},"end":{"line":71,"column":25}}],"line":69},"19":{"loc":{"start":{"line":73,"column":20},"end":{"line":75,"column":21}},"type":"if","locations":[{"start":{"line":73,"column":20},"end":{"line":75,"column":21}},{"start":{"line":73,"column":20},"end":{"line":75,"column":21}}],"line":73},"20":{"loc":{"start":{"line":77,"column":16},"end":{"line":79,"column":17}},"type":"if","locations":[{"start":{"line":77,"column":16},"end":{"line":79,"column":17}},{"start":{"line":77,"column":16},"end":{"line":79,"column":17}}],"line":77},"21":{"loc":{"start":{"line":86,"column":12},"end":{"line":124,"column":13}},"type":"if","locations":[{"start":{"line":86,"column":12},"end":{"line":124,"column":13}},{"start":{"line":86,"column":12},"end":{"line":124,"column":13}}],"line":86},"22":{"loc":{"start":{"line":86,"column":16},"end":{"line":86,"column":167}},"type":"binary-expr","locations":[{"start":{"line":86,"column":16},"end":{"line":86,"column":42}},{"start":{"line":86,"column":46},"end":{"line":86,"column":56}},{"start":{"line":86,"column":60},"end":{"line":86,"column":130}},{"start":{"line":86,"column":134},"end":{"line":86,"column":167}}],"line":86},"23":{"loc":{"start":{"line":86,"column":61},"end":{"line":86,"column":116}},"type":"cond-expr","locations":[{"start":{"line":86,"column":90},"end":{"line":86,"column":101}},{"start":{"line":86,"column":104},"end":{"line":86,"column":116}}],"line":86},"24":{"loc":{"start":{"line":90,"column":20},"end":{"line":97,"column":21}},"type":"if","locations":[{"start":{"line":90,"column":20},"end":{"line":97,"column":21}},{"start":{"line":90,"column":20},"end":{"line":97,"column":21}}],"line":90},"25":{"loc":{"start":{"line":90,"column":24},"end":{"line":90,"column":73}},"type":"binary-expr","locations":[{"start":{"line":90,"column":24},"end":{"line":90,"column":47}},{"start":{"line":90,"column":51},"end":{"line":90,"column":73}}],"line":90},"26":{"loc":{"start":{"line":91,"column":24},"end":{"line":96,"column":25}},"type":"if","locations":[{"start":{"line":91,"column":24},"end":{"line":96,"column":25}},{"start":{"line":91,"column":24},"end":{"line":96,"column":25}}],"line":91},"27":{"loc":{"start":{"line":91,"column":28},"end":{"line":91,"column":139}},"type":"binary-expr","locations":[{"start":{"line":91,"column":28},"end":{"line":91,"column":63}},{"start":{"line":91,"column":67},"end":{"line":91,"column":86}},{"start":{"line":91,"column":90},"end":{"line":91,"column":139}}],"line":91},"28":{"loc":{"start":{"line":98,"column":20},"end":{"line":105,"column":21}},"type":"if","locations":[{"start":{"line":98,"column":20},"end":{"line":105,"column":21}},{"start":{"line":98,"column":20},"end":{"line":105,"column":21}}],"line":98},"29":{"loc":{"start":{"line":99,"column":24},"end":{"line":104,"column":25}},"type":"if","locations":[{"start":{"line":99,"column":24},"end":{"line":104,"column":25}},{"start":{"line":99,"column":24},"end":{"line":104,"column":25}}],"line":99},"30":{"loc":{"start":{"line":99,"column":28},"end":{"line":99,"column":162}},"type":"binary-expr","locations":[{"start":{"line":99,"column":28},"end":{"line":99,"column":63}},{"start":{"line":99,"column":67},"end":{"line":99,"column":86}},{"start":{"line":99,"column":90},"end":{"line":99,"column":134}},{"start":{"line":99,"column":138},"end":{"line":99,"column":162}}],"line":99},"31":{"loc":{"start":{"line":106,"column":20},"end":{"line":119,"column":21}},"type":"if","locations":[{"start":{"line":106,"column":20},"end":{"line":119,"column":21}},{"start":{"line":106,"column":20},"end":{"line":119,"column":21}}],"line":106},"32":{"loc":{"start":{"line":108,"column":24},"end":{"line":113,"column":25}},"type":"if","locations":[{"start":{"line":108,"column":24},"end":{"line":113,"column":25}},{"start":{"line":108,"column":24},"end":{"line":113,"column":25}}],"line":108},"33":{"loc":{"start":{"line":114,"column":27},"end":{"line":119,"column":21}},"type":"if","locations":[{"start":{"line":114,"column":27},"end":{"line":119,"column":21}},{"start":{"line":114,"column":27},"end":{"line":119,"column":21}}],"line":114},"34":{"loc":{"start":{"line":114,"column":31},"end":{"line":114,"column":89}},"type":"binary-expr","locations":[{"start":{"line":114,"column":31},"end":{"line":114,"column":66}},{"start":{"line":114,"column":70},"end":{"line":114,"column":89}}],"line":114},"35":{"loc":{"start":{"line":137,"column":20},"end":{"line":141,"column":21}},"type":"if","locations":[{"start":{"line":137,"column":20},"end":{"line":141,"column":21}},{"start":{"line":137,"column":20},"end":{"line":141,"column":21}}],"line":137},"36":{"loc":{"start":{"line":160,"column":20},"end":{"line":180,"column":21}},"type":"if","locations":[{"start":{"line":160,"column":20},"end":{"line":180,"column":21}},{"start":{"line":160,"column":20},"end":{"line":180,"column":21}}],"line":160},"37":{"loc":{"start":{"line":160,"column":24},"end":{"line":160,"column":74}},"type":"binary-expr","locations":[{"start":{"line":160,"column":24},"end":{"line":160,"column":53}},{"start":{"line":160,"column":57},"end":{"line":160,"column":74}}],"line":160},"38":{"loc":{"start":{"line":163,"column":28},"end":{"line":168,"column":29}},"type":"if","locations":[{"start":{"line":163,"column":28},"end":{"line":168,"column":29}},{"start":{"line":163,"column":28},"end":{"line":168,"column":29}}],"line":163},"39":{"loc":{"start":{"line":173,"column":28},"end":{"line":178,"column":29}},"type":"if","locations":[{"start":{"line":173,"column":28},"end":{"line":178,"column":29}},{"start":{"line":173,"column":28},"end":{"line":178,"column":29}}],"line":173},"40":{"loc":{"start":{"line":197,"column":22},"end":{"line":197,"column":79}},"type":"binary-expr","locations":[{"start":{"line":197,"column":22},"end":{"line":197,"column":44}},{"start":{"line":197,"column":48},"end":{"line":197,"column":79}}],"line":197},"41":{"loc":{"start":{"line":200,"column":20},"end":{"line":204,"column":21}},"type":"if","locations":[{"start":{"line":200,"column":20},"end":{"line":204,"column":21}},{"start":{"line":200,"column":20},"end":{"line":204,"column":21}}],"line":200},"42":{"loc":{"start":{"line":211,"column":12},"end":{"line":216,"column":13}},"type":"if","locations":[{"start":{"line":211,"column":12},"end":{"line":216,"column":13}},{"start":{"line":211,"column":12},"end":{"line":216,"column":13}}],"line":211}},"s":{"0":1,"1":1,"2":28,"3":0,"4":1,"5":1,"6":7,"7":7,"8":7,"9":7,"10":7,"11":7,"12":1,"13":1,"14":1,"15":1,"16":0,"17":1,"18":1,"19":1,"20":1,"21":1,"22":1,"23":1,"24":3,"25":1,"26":0,"27":1,"28":1,"29":1,"30":1,"31":1,"32":1,"33":7,"34":7,"35":42,"36":42,"37":7,"38":0,"39":7,"40":0,"41":7,"42":7,"43":7,"44":42,"45":42,"46":252,"47":42,"48":42,"49":0,"50":7,"51":7,"52":0,"53":7,"54":7,"55":7,"56":42,"57":14,"58":0,"59":0,"60":0,"61":0,"62":42,"63":7,"64":0,"65":0,"66":0,"67":0,"68":42,"69":7,"70":0,"71":0,"72":0,"73":0,"74":35,"75":0,"76":0,"77":0,"78":0,"79":7,"80":0,"81":35,"82":35,"83":35,"84":0,"85":35,"86":35,"87":35,"88":35,"89":35,"90":21,"91":21,"92":21,"93":0,"94":0,"95":21,"96":14,"97":14,"98":14,"99":0,"100":0,"101":14,"102":0,"103":7,"104":7,"105":7,"106":7,"107":0,"108":7,"109":0,"110":0,"111":0,"112":0,"113":0,"114":0,"115":0,"116":0,"117":1,"118":1},"f":{"0":28,"1":0,"2":1,"3":1,"4":1,"5":3,"6":1,"7":1,"8":1,"9":7,"10":42,"11":7,"12":7,"13":35,"14":35,"15":35,"16":35,"17":35,"18":35,"19":21,"20":14,"21":0,"22":7,"23":7,"24":7,"25":0},"b":{"0":[1,0],"1":[1,1],"2":[0,0],"3":[0,0,0,0],"4":[7,7],"5":[7,0],"6":[1,0],"7":[0,1],"8":[1,2],"9":[3,3],"10":[0,1],"11":[7,0],"12":[7,7,7,7],"13":[0,7],"14":[42,0],"15":[42,42],"16":[0,7],"17":[7,0],"18":[42,210],"19":[0,42],"20":[7,0],"21":[7,0],"22":[7,7,7,7],"23":[0,7],"24":[14,28],"25":[42,35],"26":[0,14],"27":[14,14,14],"28":[7,35],"29":[0,7],"30":[7,7,7,7],"31":[7,35],"32":[0,7],"33":[0,35],"34":[35,35],"35":[0,35],"36":[21,14],"37":[35,21],"38":[0,21],"39":[0,14],"40":[7,0],"41":[0,7],"42":[0,0]},"_coverageSchema":"43e27e138ebf9cfc5966b082cf9a028302ed4184","hash":"f97950181460ea85af811c0a2f0a67aeaf1f07fd","contentHash":"70f4225b5e8006cedb061e86ffe1bacc"},"C:\\Users\\Kazom\\Documents\\andela\\iReporter\\server\\DatabaseConnection.js":{"path":"C:\\Users\\Kazom\\Documents\\andela\\iReporter\\server\\DatabaseConnection.js","statementMap":{"0":{"start":{"line":3,"column":0},"end":{"line":5,"column":3}},"1":{"start":{"line":7,"column":10},"end":{"line":7,"column":23}},"2":{"start":{"line":9,"column":11},"end":{"line":9,"column":38}},"3":{"start":{"line":11,"column":39},"end":{"line":11,"column":93}},"4":{"start":{"line":21,"column":0},"end":{"line":21,"column":27}},"5":{"start":{"line":22,"column":11},"end":{"line":22,"column":17}},"6":{"start":{"line":23,"column":0},"end":{"line":37,"column":1}},"7":{"start":{"line":24,"column":4},"end":{"line":27,"column":7}},"8":{"start":{"line":28,"column":7},"end":{"line":37,"column":1}},"9":{"start":{"line":29,"column":4},"end":{"line":32,"column":7}},"10":{"start":{"line":34,"column":4},"end":{"line":36,"column":7}},"11":{"start":{"line":38,"column":0},"end":{"line":38,"column":23}}},"fnMap":{"0":{"name":"_interopRequireDefault","decl":{"start":{"line":11,"column":9},"end":{"line":11,"column":31}},"loc":{"start":{"line":11,"column":37},"end":{"line":11,"column":95}},"line":11}},"branchMap":{"0":{"loc":{"start":{"line":11,"column":46},"end":{"line":11,"column":92}},"type":"cond-expr","locations":[{"start":{"line":11,"column":70},"end":{"line":11,"column":73}},{"start":{"line":11,"column":76},"end":{"line":11,"column":92}}],"line":11},"1":{"loc":{"start":{"line":11,"column":46},"end":{"line":11,"column":67}},"type":"binary-expr","locations":[{"start":{"line":11,"column":46},"end":{"line":11,"column":49}},{"start":{"line":11,"column":53},"end":{"line":11,"column":67}}],"line":11},"2":{"loc":{"start":{"line":23,"column":0},"end":{"line":37,"column":1}},"type":"if","locations":[{"start":{"line":23,"column":0},"end":{"line":37,"column":1}},{"start":{"line":23,"column":0},"end":{"line":37,"column":1}}],"line":23},"3":{"loc":{"start":{"line":28,"column":7},"end":{"line":37,"column":1}},"type":"if","locations":[{"start":{"line":28,"column":7},"end":{"line":37,"column":1}},{"start":{"line":28,"column":7},"end":{"line":37,"column":1}}],"line":28}},"s":{"0":1,"1":1,"2":1,"3":1,"4":1,"5":1,"6":1,"7":0,"8":1,"9":1,"10":0,"11":1},"f":{"0":1},"b":{"0":[0,1],"1":[1,1],"2":[0,1],"3":[1,0]},"_coverageSchema":"43e27e138ebf9cfc5966b082cf9a028302ed4184","hash":"aab781c7de256e7dd5250e274695688ea9cebd80","contentHash":"bf7b6dd2881620266bc53e3143d17038"},"C:\\Users\\Kazom\\Documents\\andela\\iReporter\\server\\route\\getRedFlagRecords.js":{"path":"C:\\Users\\Kazom\\Documents\\andela\\iReporter\\server\\route\\getRedFlagRecords.js","statementMap":{"0":{"start":{"line":3,"column":0},"end":{"line":5,"column":3}},"1":{"start":{"line":7,"column":15},"end":{"line":7,"column":33}},"2":{"start":{"line":9,"column":16},"end":{"line":9,"column":48}},"3":{"start":{"line":11,"column":12},"end":{"line":11,"column":27}},"4":{"start":{"line":13,"column":13},"end":{"line":13,"column":42}},"5":{"start":{"line":15,"column":18},"end":{"line":15,"column":42}},"6":{"start":{"line":17,"column":39},"end":{"line":17,"column":93}},"7":{"start":{"line":19,"column":13},"end":{"line":19,"column":39}},"8":{"start":{"line":21,"column":0},"end":{"line":21,"column":41}},"9":{"start":{"line":22,"column":0},"end":{"line":22,"column":43}},"10":{"start":{"line":23,"column":0},"end":{"line":23,"column":41}},"11":{"start":{"line":24,"column":0},"end":{"line":24,"column":58}},"12":{"start":{"line":25,"column":0},"end":{"line":25,"column":56}},"13":{"start":{"line":26,"column":0},"end":{"line":26,"column":48}},"14":{"start":{"line":28,"column":0},"end":{"line":28,"column":25}}},"fnMap":{"0":{"name":"_interopRequireDefault","decl":{"start":{"line":17,"column":9},"end":{"line":17,"column":31}},"loc":{"start":{"line":17,"column":37},"end":{"line":17,"column":95}},"line":17}},"branchMap":{"0":{"loc":{"start":{"line":17,"column":46},"end":{"line":17,"column":92}},"type":"cond-expr","locations":[{"start":{"line":17,"column":70},"end":{"line":17,"column":73}},{"start":{"line":17,"column":76},"end":{"line":17,"column":92}}],"line":17},"1":{"loc":{"start":{"line":17,"column":46},"end":{"line":17,"column":67}},"type":"binary-expr","locations":[{"start":{"line":17,"column":46},"end":{"line":17,"column":49}},{"start":{"line":17,"column":53},"end":{"line":17,"column":67}}],"line":17}},"s":{"0":1,"1":1,"2":1,"3":1,"4":1,"5":1,"6":2,"7":1,"8":1,"9":1,"10":1,"11":1,"12":1,"13":1,"14":1},"f":{"0":2},"b":{"0":[0,2],"1":[2,2]},"_coverageSchema":"43e27e138ebf9cfc5966b082cf9a028302ed4184","hash":"f4eef0d1f6bc94520c09a27a072111f4970a6800","contentHash":"d6e2e644299dd498e90de031fc6d6e12"}}