{"C:\\Users\\Kazom\\Documents\\andela\\iReporter\\server\\index.js":{"path":"C:\\Users\\Kazom\\Documents\\andela\\iReporter\\server\\index.js","statementMap":{"0":{"start":{"line":3,"column":0},"end":{"line":5,"column":3}},"1":{"start":{"line":7,"column":15},"end":{"line":7,"column":33}},"2":{"start":{"line":9,"column":16},"end":{"line":9,"column":48}},"3":{"start":{"line":11,"column":14},"end":{"line":11,"column":34}},"4":{"start":{"line":13,"column":15},"end":{"line":13,"column":46}},"5":{"start":{"line":15,"column":18},"end":{"line":15,"column":40}},"6":{"start":{"line":17,"column":19},"end":{"line":17,"column":54}},"7":{"start":{"line":19,"column":12},"end":{"line":19,"column":27}},"8":{"start":{"line":21,"column":13},"end":{"line":21,"column":42}},"9":{"start":{"line":23,"column":12},"end":{"line":23,"column":27}},"10":{"start":{"line":25,"column":13},"end":{"line":25,"column":42}},"11":{"start":{"line":27,"column":14},"end":{"line":27,"column":31}},"12":{"start":{"line":29,"column":15},"end":{"line":29,"column":46}},"13":{"start":{"line":31,"column":17},"end":{"line":31,"column":45}},"14":{"start":{"line":33,"column":18},"end":{"line":33,"column":52}},"15":{"start":{"line":35,"column":20},"end":{"line":35,"column":51}},"16":{"start":{"line":37,"column":21},"end":{"line":37,"column":58}},"17":{"start":{"line":39,"column":25},"end":{"line":39,"column":61}},"18":{"start":{"line":41,"column":26},"end":{"line":41,"column":68}},"19":{"start":{"line":43,"column":39},"end":{"line":43,"column":93}},"20":{"start":{"line":45,"column":0},"end":{"line":45,"column":26}},"21":{"start":{"line":47,"column":10},"end":{"line":47,"column":34}},"22":{"start":{"line":48,"column":0},"end":{"line":48,"column":72}},"23":{"start":{"line":49,"column":0},"end":{"line":49,"column":40}},"24":{"start":{"line":50,"column":0},"end":{"line":50,"column":62}},"25":{"start":{"line":51,"column":0},"end":{"line":51,"column":37}},"26":{"start":{"line":53,"column":0},"end":{"line":53,"column":53}},"27":{"start":{"line":54,"column":0},"end":{"line":54,"column":62}},"28":{"start":{"line":55,"column":0},"end":{"line":55,"column":45}},"29":{"start":{"line":57,"column":0},"end":{"line":61,"column":3}},"30":{"start":{"line":58,"column":4},"end":{"line":60,"column":7}},"31":{"start":{"line":63,"column":11},"end":{"line":63,"column":35}},"32":{"start":{"line":64,"column":13},"end":{"line":64,"column":45}},"33":{"start":{"line":65,"column":9},"end":{"line":65,"column":47}},"34":{"start":{"line":66,"column":0},"end":{"line":68,"column":3}},"35":{"start":{"line":67,"column":4},"end":{"line":67,"column":52}},"36":{"start":{"line":70,"column":0},"end":{"line":72,"column":3}},"37":{"start":{"line":71,"column":4},"end":{"line":71,"column":55}},"38":{"start":{"line":74,"column":0},"end":{"line":74,"column":25}}},"fnMap":{"0":{"name":"_interopRequireDefault","decl":{"start":{"line":43,"column":9},"end":{"line":43,"column":31}},"loc":{"start":{"line":43,"column":37},"end":{"line":43,"column":95}},"line":43},"1":{"name":"(anonymous_1)","decl":{"start":{"line":57,"column":13},"end":{"line":57,"column":14}},"loc":{"start":{"line":57,"column":33},"end":{"line":61,"column":1}},"line":57},"2":{"name":"(anonymous_2)","decl":{"start":{"line":66,"column":20},"end":{"line":66,"column":21}},"loc":{"start":{"line":66,"column":38},"end":{"line":68,"column":1}},"line":66},"3":{"name":"(anonymous_3)","decl":{"start":{"line":70,"column":20},"end":{"line":70,"column":21}},"loc":{"start":{"line":70,"column":32},"end":{"line":72,"column":1}},"line":70}},"branchMap":{"0":{"loc":{"start":{"line":43,"column":46},"end":{"line":43,"column":92}},"type":"cond-expr","locations":[{"start":{"line":43,"column":70},"end":{"line":43,"column":73}},{"start":{"line":43,"column":76},"end":{"line":43,"column":92}}],"line":43},"1":{"loc":{"start":{"line":43,"column":46},"end":{"line":43,"column":67}},"type":"binary-expr","locations":[{"start":{"line":43,"column":46},"end":{"line":43,"column":49}},{"start":{"line":43,"column":53},"end":{"line":43,"column":67}}],"line":43},"2":{"loc":{"start":{"line":63,"column":11},"end":{"line":63,"column":35}},"type":"binary-expr","locations":[{"start":{"line":63,"column":11},"end":{"line":63,"column":27}},{"start":{"line":63,"column":31},"end":{"line":63,"column":35}}],"line":63}},"s":{"0":1,"1":1,"2":1,"3":1,"4":1,"5":1,"6":1,"7":1,"8":1,"9":1,"10":1,"11":1,"12":1,"13":1,"14":1,"15":1,"16":1,"17":1,"18":1,"19":9,"20":1,"21":1,"22":1,"23":1,"24":1,"25":1,"26":1,"27":1,"28":1,"29":1,"30":0,"31":1,"32":1,"33":1,"34":1,"35":0,"36":1,"37":1,"38":1},"f":{"0":9,"1":0,"2":0,"3":1},"b":{"0":[3,6],"1":[9,9],"2":[1,0]},"_coverageSchema":"43e27e138ebf9cfc5966b082cf9a028302ed4184","hash":"6e7111896826ba264b1dc31d5fb5a6deec22237a","contentHash":"48b89ffbb1b76108c6339887ee3d4955"},"C:\\Users\\Kazom\\Documents\\andela\\iReporter\\server\\route\\authRoute.js":{"path":"C:\\Users\\Kazom\\Documents\\andela\\iReporter\\server\\route\\authRoute.js","statementMap":{"0":{"start":{"line":3,"column":0},"end":{"line":5,"column":3}},"1":{"start":{"line":7,"column":15},"end":{"line":7,"column":33}},"2":{"start":{"line":9,"column":16},"end":{"line":9,"column":48}},"3":{"start":{"line":11,"column":22},"end":{"line":11,"column":61}},"4":{"start":{"line":13,"column":23},"end":{"line":13,"column":62}},"5":{"start":{"line":15,"column":39},"end":{"line":15,"column":93}},"6":{"start":{"line":17,"column":11},"end":{"line":17,"column":41}},"7":{"start":{"line":18,"column":13},"end":{"line":18,"column":39}},"8":{"start":{"line":20,"column":0},"end":{"line":20,"column":40}},"9":{"start":{"line":21,"column":0},"end":{"line":21,"column":34}},"10":{"start":{"line":23,"column":0},"end":{"line":23,"column":25}}},"fnMap":{"0":{"name":"_interopRequireDefault","decl":{"start":{"line":15,"column":9},"end":{"line":15,"column":31}},"loc":{"start":{"line":15,"column":37},"end":{"line":15,"column":95}},"line":15}},"branchMap":{"0":{"loc":{"start":{"line":15,"column":46},"end":{"line":15,"column":92}},"type":"cond-expr","locations":[{"start":{"line":15,"column":70},"end":{"line":15,"column":73}},{"start":{"line":15,"column":76},"end":{"line":15,"column":92}}],"line":15},"1":{"loc":{"start":{"line":15,"column":46},"end":{"line":15,"column":67}},"type":"binary-expr","locations":[{"start":{"line":15,"column":46},"end":{"line":15,"column":49}},{"start":{"line":15,"column":53},"end":{"line":15,"column":67}}],"line":15}},"s":{"0":1,"1":1,"2":1,"3":1,"4":1,"5":2,"6":1,"7":1,"8":1,"9":1,"10":1},"f":{"0":2},"b":{"0":[1,1],"1":[2,2]},"_coverageSchema":"43e27e138ebf9cfc5966b082cf9a028302ed4184","hash":"4aacdcd6773794fd9841072a3448cc2b96fac1df","contentHash":"ef92b31cddfec0fc43abd222f340fb12"},"C:\\Users\\Kazom\\Documents\\andela\\iReporter\\server\\controller\\authController.js":{"path":"C:\\Users\\Kazom\\Documents\\andela\\iReporter\\server\\controller\\authController.js","statementMap":{"0":{"start":{"line":3,"column":0},"end":{"line":5,"column":3}},"1":{"start":{"line":7,"column":19},"end":{"line":7,"column":563}},"2":{"start":{"line":7,"column":76},"end":{"line":7,"column":347}},"3":{"start":{"line":7,"column":134},"end":{"line":7,"column":142}},"4":{"start":{"line":7,"column":144},"end":{"line":7,"column":199}},"5":{"start":{"line":7,"column":200},"end":{"line":7,"column":231}},"6":{"start":{"line":7,"column":232},"end":{"line":7,"column":286}},"7":{"start":{"line":7,"column":259},"end":{"line":7,"column":286}},"8":{"start":{"line":7,"column":287},"end":{"line":7,"column":345}},"9":{"start":{"line":7,"column":350},"end":{"line":7,"column":559}},"10":{"start":{"line":7,"column":407},"end":{"line":7,"column":475}},"11":{"start":{"line":7,"column":423},"end":{"line":7,"column":475}},"12":{"start":{"line":7,"column":476},"end":{"line":7,"column":536}},"13":{"start":{"line":7,"column":493},"end":{"line":7,"column":536}},"14":{"start":{"line":7,"column":537},"end":{"line":7,"column":556}},"15":{"start":{"line":9,"column":14},"end":{"line":9,"column":31}},"16":{"start":{"line":11,"column":15},"end":{"line":11,"column":46}},"17":{"start":{"line":13,"column":14},"end":{"line":13,"column":34}},"18":{"start":{"line":15,"column":15},"end":{"line":15,"column":46}},"19":{"start":{"line":17,"column":17},"end":{"line":17,"column":46}},"20":{"start":{"line":19,"column":39},"end":{"line":19,"column":93}},"21":{"start":{"line":21,"column":50},"end":{"line":21,"column":151}},"22":{"start":{"line":21,"column":92},"end":{"line":21,"column":149}},"23":{"start":{"line":23,"column":11},"end":{"line":170,"column":3}},"24":{"start":{"line":25,"column":8},"end":{"line":25,"column":36}},"25":{"start":{"line":27,"column":8},"end":{"line":27,"column":53}},"26":{"start":{"line":28,"column":8},"end":{"line":28,"column":43}},"27":{"start":{"line":31,"column":4},"end":{"line":167,"column":8}},"28":{"start":{"line":34,"column":26},"end":{"line":34,"column":67}},"29":{"start":{"line":35,"column":12},"end":{"line":37,"column":13}},"30":{"start":{"line":36,"column":16},"end":{"line":36,"column":108}},"31":{"start":{"line":38,"column":12},"end":{"line":103,"column":13}},"32":{"start":{"line":39,"column":28},"end":{"line":39,"column":41}},"33":{"start":{"line":40,"column":31},"end":{"line":40,"column":47}},"34":{"start":{"line":41,"column":32},"end":{"line":41,"column":49}},"35":{"start":{"line":42,"column":31},"end":{"line":42,"column":47}},"36":{"start":{"line":43,"column":34},"end":{"line":43,"column":53}},"37":{"start":{"line":44,"column":31},"end":{"line":44,"column":47}},"38":{"start":{"line":45,"column":39},"end":{"line":45,"column":63}},"39":{"start":{"line":47,"column":26},"end":{"line":47,"column":68}},"40":{"start":{"line":48,"column":16},"end":{"line":102,"column":19}},"41":{"start":{"line":49,"column":20},"end":{"line":51,"column":21}},"42":{"start":{"line":50,"column":24},"end":{"line":50,"column":96}},"43":{"start":{"line":52,"column":30},"end":{"line":52,"column":242}},"44":{"start":{"line":53,"column":39},"end":{"line":53,"column":78}},"45":{"start":{"line":54,"column":20},"end":{"line":99,"column":23}},"46":{"start":{"line":55,"column":34},"end":{"line":55,"column":76}},"47":{"start":{"line":56,"column":24},"end":{"line":96,"column":27}},"48":{"start":{"line":57,"column":48},"end":{"line":57,"column":62}},"49":{"start":{"line":58,"column":41},"end":{"line":58,"column":61}},"50":{"start":{"line":59,"column":40},"end":{"line":59,"column":59}},"51":{"start":{"line":60,"column":43},"end":{"line":60,"column":65}},"52":{"start":{"line":61,"column":41},"end":{"line":61,"column":61}},"53":{"start":{"line":62,"column":43},"end":{"line":62,"column":65}},"54":{"start":{"line":63,"column":46},"end":{"line":63,"column":71}},"55":{"start":{"line":64,"column":44},"end":{"line":64,"column":67}},"56":{"start":{"line":65,"column":43},"end":{"line":65,"column":65}},"57":{"start":{"line":66,"column":46},"end":{"line":66,"column":71}},"58":{"start":{"line":67,"column":51},"end":{"line":67,"column":81}},"59":{"start":{"line":69,"column":28},"end":{"line":93,"column":31}},"60":{"start":{"line":72,"column":32},"end":{"line":72,"column":53}},"61":{"start":{"line":73,"column":32},"end":{"line":73,"column":82}},"62":{"start":{"line":74,"column":32},"end":{"line":90,"column":35}},"63":{"start":{"line":92,"column":32},"end":{"line":92,"column":88}},"64":{"start":{"line":95,"column":28},"end":{"line":95,"column":84}},"65":{"start":{"line":98,"column":24},"end":{"line":98,"column":80}},"66":{"start":{"line":101,"column":20},"end":{"line":101,"column":76}},"67":{"start":{"line":108,"column":30},"end":{"line":108,"column":71}},"68":{"start":{"line":109,"column":12},"end":{"line":111,"column":13}},"69":{"start":{"line":110,"column":16},"end":{"line":110,"column":108}},"70":{"start":{"line":112,"column":12},"end":{"line":165,"column":13}},"71":{"start":{"line":113,"column":28},"end":{"line":113,"column":45}},"72":{"start":{"line":114,"column":31},"end":{"line":114,"column":51}},"73":{"start":{"line":116,"column":26},"end":{"line":116,"column":68}},"74":{"start":{"line":117,"column":16},"end":{"line":164,"column":19}},"75":{"start":{"line":118,"column":20},"end":{"line":163,"column":21}},"76":{"start":{"line":119,"column":45},"end":{"line":119,"column":59}},"77":{"start":{"line":120,"column":37},"end":{"line":120,"column":58}},"78":{"start":{"line":121,"column":37},"end":{"line":121,"column":57}},"79":{"start":{"line":122,"column":43},"end":{"line":122,"column":70}},"80":{"start":{"line":123,"column":39},"end":{"line":123,"column":62}},"81":{"start":{"line":124,"column":37},"end":{"line":124,"column":58}},"82":{"start":{"line":125,"column":39},"end":{"line":125,"column":62}},"83":{"start":{"line":126,"column":42},"end":{"line":126,"column":68}},"84":{"start":{"line":127,"column":40},"end":{"line":127,"column":64}},"85":{"start":{"line":128,"column":39},"end":{"line":128,"column":62}},"86":{"start":{"line":129,"column":42},"end":{"line":129,"column":68}},"87":{"start":{"line":130,"column":47},"end":{"line":130,"column":78}},"88":{"start":{"line":132,"column":24},"end":{"line":160,"column":25}},"89":{"start":{"line":133,"column":28},"end":{"line":157,"column":31}},"90":{"start":{"line":136,"column":32},"end":{"line":136,"column":53}},"91":{"start":{"line":137,"column":32},"end":{"line":137,"column":82}},"92":{"start":{"line":138,"column":32},"end":{"line":154,"column":35}},"93":{"start":{"line":156,"column":32},"end":{"line":156,"column":88}},"94":{"start":{"line":159,"column":28},"end":{"line":159,"column":97}},"95":{"start":{"line":162,"column":24},"end":{"line":162,"column":93}},"96":{"start":{"line":169,"column":4},"end":{"line":169,"column":16}},"97":{"start":{"line":172,"column":0},"end":{"line":172,"column":23}}},"fnMap":{"0":{"name":"(anonymous_0)","decl":{"start":{"line":7,"column":19},"end":{"line":7,"column":20}},"loc":{"start":{"line":7,"column":31},"end":{"line":7,"column":561}},"line":7},"1":{"name":"defineProperties","decl":{"start":{"line":7,"column":42},"end":{"line":7,"column":58}},"loc":{"start":{"line":7,"column":74},"end":{"line":7,"column":349}},"line":7},"2":{"name":"(anonymous_2)","decl":{"start":{"line":7,"column":357},"end":{"line":7,"column":358}},"loc":{"start":{"line":7,"column":405},"end":{"line":7,"column":558}},"line":7},"3":{"name":"_interopRequireDefault","decl":{"start":{"line":19,"column":9},"end":{"line":19,"column":31}},"loc":{"start":{"line":19,"column":37},"end":{"line":19,"column":95}},"line":19},"4":{"name":"_classCallCheck","decl":{"start":{"line":21,"column":9},"end":{"line":21,"column":24}},"loc":{"start":{"line":21,"column":48},"end":{"line":21,"column":153}},"line":21},"5":{"name":"(anonymous_5)","decl":{"start":{"line":23,"column":11},"end":{"line":23,"column":12}},"loc":{"start":{"line":23,"column":23},"end":{"line":170,"column":1}},"line":23},"6":{"name":"Auth","decl":{"start":{"line":24,"column":13},"end":{"line":24,"column":17}},"loc":{"start":{"line":24,"column":20},"end":{"line":29,"column":5}},"line":24},"7":{"name":"signUpUser","decl":{"start":{"line":33,"column":24},"end":{"line":33,"column":34}},"loc":{"start":{"line":33,"column":45},"end":{"line":104,"column":9}},"line":33},"8":{"name":"(anonymous_8)","decl":{"start":{"line":48,"column":65},"end":{"line":48,"column":66}},"loc":{"start":{"line":48,"column":83},"end":{"line":100,"column":17}},"line":48},"9":{"name":"(anonymous_9)","decl":{"start":{"line":54,"column":179},"end":{"line":54,"column":180}},"loc":{"start":{"line":54,"column":197},"end":{"line":97,"column":21}},"line":54},"10":{"name":"(anonymous_10)","decl":{"start":{"line":56,"column":73},"end":{"line":56,"column":74}},"loc":{"start":{"line":56,"column":91},"end":{"line":94,"column":25}},"line":56},"11":{"name":"(anonymous_11)","decl":{"start":{"line":71,"column":36},"end":{"line":71,"column":37}},"loc":{"start":{"line":71,"column":53},"end":{"line":91,"column":29}},"line":71},"12":{"name":"(anonymous_12)","decl":{"start":{"line":91,"column":37},"end":{"line":91,"column":38}},"loc":{"start":{"line":91,"column":54},"end":{"line":93,"column":29}},"line":91},"13":{"name":"(anonymous_13)","decl":{"start":{"line":94,"column":33},"end":{"line":94,"column":34}},"loc":{"start":{"line":94,"column":50},"end":{"line":96,"column":25}},"line":94},"14":{"name":"(anonymous_14)","decl":{"start":{"line":97,"column":29},"end":{"line":97,"column":30}},"loc":{"start":{"line":97,"column":46},"end":{"line":99,"column":21}},"line":97},"15":{"name":"(anonymous_15)","decl":{"start":{"line":100,"column":25},"end":{"line":100,"column":26}},"loc":{"start":{"line":100,"column":42},"end":{"line":102,"column":17}},"line":100},"16":{"name":"login","decl":{"start":{"line":107,"column":24},"end":{"line":107,"column":29}},"loc":{"start":{"line":107,"column":40},"end":{"line":166,"column":9}},"line":107},"17":{"name":"(anonymous_17)","decl":{"start":{"line":117,"column":65},"end":{"line":117,"column":66}},"loc":{"start":{"line":117,"column":83},"end":{"line":164,"column":17}},"line":117},"18":{"name":"(anonymous_18)","decl":{"start":{"line":135,"column":36},"end":{"line":135,"column":37}},"loc":{"start":{"line":135,"column":53},"end":{"line":155,"column":29}},"line":135},"19":{"name":"(anonymous_19)","decl":{"start":{"line":155,"column":37},"end":{"line":155,"column":38}},"loc":{"start":{"line":155,"column":54},"end":{"line":157,"column":29}},"line":155}},"branchMap":{"0":{"loc":{"start":{"line":7,"column":168},"end":{"line":7,"column":198}},"type":"binary-expr","locations":[{"start":{"line":7,"column":168},"end":{"line":7,"column":189}},{"start":{"line":7,"column":193},"end":{"line":7,"column":198}}],"line":7},"1":{"loc":{"start":{"line":7,"column":232},"end":{"line":7,"column":286}},"type":"if","locations":[{"start":{"line":7,"column":232},"end":{"line":7,"column":286}},{"start":{"line":7,"column":232},"end":{"line":7,"column":286}}],"line":7},"2":{"loc":{"start":{"line":7,"column":407},"end":{"line":7,"column":475}},"type":"if","locations":[{"start":{"line":7,"column":407},"end":{"line":7,"column":475}},{"start":{"line":7,"column":407},"end":{"line":7,"column":475}}],"line":7},"3":{"loc":{"start":{"line":7,"column":476},"end":{"line":7,"column":536}},"type":"if","locations":[{"start":{"line":7,"column":476},"end":{"line":7,"column":536}},{"start":{"line":7,"column":476},"end":{"line":7,"column":536}}],"line":7},"4":{"loc":{"start":{"line":19,"column":46},"end":{"line":19,"column":92}},"type":"cond-expr","locations":[{"start":{"line":19,"column":70},"end":{"line":19,"column":73}},{"start":{"line":19,"column":76},"end":{"line":19,"column":92}}],"line":19},"5":{"loc":{"start":{"line":19,"column":46},"end":{"line":19,"column":67}},"type":"binary-expr","locations":[{"start":{"line":19,"column":46},"end":{"line":19,"column":49}},{"start":{"line":19,"column":53},"end":{"line":19,"column":67}}],"line":19},"6":{"loc":{"start":{"line":21,"column":50},"end":{"line":21,"column":151}},"type":"if","locations":[{"start":{"line":21,"column":50},"end":{"line":21,"column":151}},{"start":{"line":21,"column":50},"end":{"line":21,"column":151}}],"line":21},"7":{"loc":{"start":{"line":35,"column":12},"end":{"line":37,"column":13}},"type":"if","locations":[{"start":{"line":35,"column":12},"end":{"line":37,"column":13}},{"start":{"line":35,"column":12},"end":{"line":37,"column":13}}],"line":35},"8":{"loc":{"start":{"line":38,"column":12},"end":{"line":103,"column":13}},"type":"if","locations":[{"start":{"line":38,"column":12},"end":{"line":103,"column":13}},{"start":{"line":38,"column":12},"end":{"line":103,"column":13}}],"line":38},"9":{"loc":{"start":{"line":49,"column":20},"end":{"line":51,"column":21}},"type":"if","locations":[{"start":{"line":49,"column":20},"end":{"line":51,"column":21}},{"start":{"line":49,"column":20},"end":{"line":51,"column":21}}],"line":49},"10":{"loc":{"start":{"line":109,"column":12},"end":{"line":111,"column":13}},"type":"if","locations":[{"start":{"line":109,"column":12},"end":{"line":111,"column":13}},{"start":{"line":109,"column":12},"end":{"line":111,"column":13}}],"line":109},"11":{"loc":{"start":{"line":112,"column":12},"end":{"line":165,"column":13}},"type":"if","locations":[{"start":{"line":112,"column":12},"end":{"line":165,"column":13}},{"start":{"line":112,"column":12},"end":{"line":165,"column":13}}],"line":112},"12":{"loc":{"start":{"line":118,"column":20},"end":{"line":163,"column":21}},"type":"if","locations":[{"start":{"line":118,"column":20},"end":{"line":163,"column":21}},{"start":{"line":118,"column":20},"end":{"line":163,"column":21}}],"line":118},"13":{"loc":{"start":{"line":132,"column":24},"end":{"line":160,"column":25}},"type":"if","locations":[{"start":{"line":132,"column":24},"end":{"line":160,"column":25}},{"start":{"line":132,"column":24},"end":{"line":160,"column":25}}],"line":132}},"s":{"0":1,"1":1,"2":1,"3":2,"4":2,"5":2,"6":2,"7":2,"8":2,"9":1,"10":1,"11":1,"12":1,"13":0,"14":1,"15":1,"16":1,"17":1,"18":1,"19":1,"20":2,"21":1,"22":0,"23":1,"24":1,"25":1,"26":1,"27":1,"28":7,"29":7,"30":0,"31":7,"32":7,"33":7,"34":7,"35":7,"36":7,"37":7,"38":7,"39":7,"40":7,"41":7,"42":0,"43":7,"44":7,"45":7,"46":7,"47":7,"48":7,"49":7,"50":7,"51":7,"52":7,"53":7,"54":7,"55":7,"56":7,"57":7,"58":7,"59":7,"60":7,"61":7,"62":7,"63":0,"64":0,"65":0,"66":0,"67":7,"68":7,"69":0,"70":7,"71":7,"72":7,"73":7,"74":7,"75":7,"76":7,"77":7,"78":7,"79":7,"80":7,"81":7,"82":7,"83":7,"84":7,"85":7,"86":7,"87":7,"88":7,"89":7,"90":7,"91":7,"92":7,"93":0,"94":0,"95":0,"96":1,"97":1},"f":{"0":1,"1":1,"2":1,"3":2,"4":1,"5":1,"6":1,"7":7,"8":7,"9":7,"10":7,"11":7,"12":0,"13":0,"14":0,"15":0,"16":7,"17":7,"18":7,"19":0},"b":{"0":[2,2],"1":[2,0],"2":[1,0],"3":[0,1],"4":[1,1],"5":[2,2],"6":[0,1],"7":[0,7],"8":[7,0],"9":[0,7],"10":[0,7],"11":[7,0],"12":[7,0],"13":[7,0]},"_coverageSchema":"43e27e138ebf9cfc5966b082cf9a028302ed4184","hash":"4efcee3d9fb2d08584876b81396ff9e69e442f9d","contentHash":"2e9c8cb9310056bb75487f8988d2e437"},"C:\\Users\\Kazom\\Documents\\andela\\iReporter\\server\\Helper.js":{"path":"C:\\Users\\Kazom\\Documents\\andela\\iReporter\\server\\Helper.js","statementMap":{"0":{"start":{"line":3,"column":0},"end":{"line":5,"column":3}},"1":{"start":{"line":7,"column":14},"end":{"line":7,"column":268}},"2":{"start":{"line":7,"column":101},"end":{"line":7,"column":119}},"3":{"start":{"line":7,"column":141},"end":{"line":7,"column":266}},"4":{"start":{"line":9,"column":19},"end":{"line":9,"column":563}},"5":{"start":{"line":9,"column":76},"end":{"line":9,"column":347}},"6":{"start":{"line":9,"column":134},"end":{"line":9,"column":142}},"7":{"start":{"line":9,"column":144},"end":{"line":9,"column":199}},"8":{"start":{"line":9,"column":200},"end":{"line":9,"column":231}},"9":{"start":{"line":9,"column":232},"end":{"line":9,"column":286}},"10":{"start":{"line":9,"column":259},"end":{"line":9,"column":286}},"11":{"start":{"line":9,"column":287},"end":{"line":9,"column":345}},"12":{"start":{"line":9,"column":350},"end":{"line":9,"column":559}},"13":{"start":{"line":9,"column":407},"end":{"line":9,"column":475}},"14":{"start":{"line":9,"column":423},"end":{"line":9,"column":475}},"15":{"start":{"line":9,"column":476},"end":{"line":9,"column":536}},"16":{"start":{"line":9,"column":493},"end":{"line":9,"column":536}},"17":{"start":{"line":9,"column":537},"end":{"line":9,"column":556}},"18":{"start":{"line":11,"column":17},"end":{"line":11,"column":37}},"19":{"start":{"line":13,"column":18},"end":{"line":13,"column":52}},"20":{"start":{"line":15,"column":20},"end":{"line":15,"column":43}},"21":{"start":{"line":17,"column":21},"end":{"line":17,"column":58}},"22":{"start":{"line":19,"column":18},"end":{"line":19,"column":39}},"23":{"start":{"line":21,"column":19},"end":{"line":21,"column":54}},"24":{"start":{"line":23,"column":26},"end":{"line":23,"column":57}},"25":{"start":{"line":25,"column":27},"end":{"line":25,"column":70}},"26":{"start":{"line":27,"column":17},"end":{"line":27,"column":45}},"27":{"start":{"line":29,"column":39},"end":{"line":29,"column":93}},"28":{"start":{"line":31,"column":50},"end":{"line":31,"column":151}},"29":{"start":{"line":31,"column":92},"end":{"line":31,"column":149}},"30":{"start":{"line":37,"column":13},"end":{"line":437,"column":3}},"31":{"start":{"line":39,"column":8},"end":{"line":39,"column":38}},"32":{"start":{"line":41,"column":8},"end":{"line":41,"column":57}},"33":{"start":{"line":42,"column":8},"end":{"line":42,"column":55}},"34":{"start":{"line":43,"column":8},"end":{"line":43,"column":55}},"35":{"start":{"line":44,"column":8},"end":{"line":44,"column":61}},"36":{"start":{"line":45,"column":8},"end":{"line":45,"column":57}},"37":{"start":{"line":46,"column":8},"end":{"line":46,"column":63}},"38":{"start":{"line":49,"column":4},"end":{"line":434,"column":8}},"39":{"start":{"line":52,"column":12},"end":{"line":59,"column":13}},"40":{"start":{"line":53,"column":16},"end":{"line":57,"column":19}},"41":{"start":{"line":54,"column":20},"end":{"line":56,"column":21}},"42":{"start":{"line":55,"column":24},"end":{"line":55,"column":51}},"43":{"start":{"line":58,"column":16},"end":{"line":58,"column":27}},"44":{"start":{"line":60,"column":12},"end":{"line":60,"column":22}},"45":{"start":{"line":65,"column":12},"end":{"line":67,"column":13}},"46":{"start":{"line":66,"column":16},"end":{"line":66,"column":29}},"47":{"start":{"line":68,"column":29},"end":{"line":68,"column":45}},"48":{"start":{"line":69,"column":27},"end":{"line":69,"column":33}},"49":{"start":{"line":70,"column":12},"end":{"line":80,"column":13}},"50":{"start":{"line":71,"column":16},"end":{"line":71,"column":33}},"51":{"start":{"line":72,"column":16},"end":{"line":76,"column":17}},"52":{"start":{"line":73,"column":20},"end":{"line":75,"column":21}},"53":{"start":{"line":74,"column":24},"end":{"line":74,"column":40}},"54":{"start":{"line":77,"column":16},"end":{"line":79,"column":17}},"55":{"start":{"line":78,"column":20},"end":{"line":78,"column":33}},"56":{"start":{"line":81,"column":12},"end":{"line":83,"column":13}},"57":{"start":{"line":82,"column":16},"end":{"line":82,"column":28}},"58":{"start":{"line":84,"column":12},"end":{"line":84,"column":25}},"59":{"start":{"line":89,"column":12},"end":{"line":123,"column":13}},"60":{"start":{"line":90,"column":27},"end":{"line":90,"column":43}},"61":{"start":{"line":91,"column":16},"end":{"line":121,"column":17}},"62":{"start":{"line":92,"column":20},"end":{"line":99,"column":21}},"63":{"start":{"line":93,"column":24},"end":{"line":98,"column":25}},"64":{"start":{"line":94,"column":28},"end":{"line":94,"column":49}},"65":{"start":{"line":95,"column":28},"end":{"line":95,"column":78}},"66":{"start":{"line":96,"column":28},"end":{"line":96,"column":107}},"67":{"start":{"line":97,"column":28},"end":{"line":97,"column":41}},"68":{"start":{"line":100,"column":20},"end":{"line":107,"column":21}},"69":{"start":{"line":101,"column":24},"end":{"line":106,"column":25}},"70":{"start":{"line":102,"column":28},"end":{"line":102,"column":49}},"71":{"start":{"line":103,"column":28},"end":{"line":103,"column":78}},"72":{"start":{"line":104,"column":28},"end":{"line":104,"column":107}},"73":{"start":{"line":105,"column":28},"end":{"line":105,"column":41}},"74":{"start":{"line":108,"column":20},"end":{"line":120,"column":21}},"75":{"start":{"line":109,"column":24},"end":{"line":114,"column":25}},"76":{"start":{"line":110,"column":28},"end":{"line":110,"column":49}},"77":{"start":{"line":111,"column":28},"end":{"line":111,"column":78}},"78":{"start":{"line":112,"column":28},"end":{"line":112,"column":102}},"79":{"start":{"line":113,"column":28},"end":{"line":113,"column":41}},"80":{"start":{"line":115,"column":27},"end":{"line":120,"column":21}},"81":{"start":{"line":116,"column":24},"end":{"line":116,"column":45}},"82":{"start":{"line":117,"column":24},"end":{"line":117,"column":74}},"83":{"start":{"line":118,"column":24},"end":{"line":118,"column":69}},"84":{"start":{"line":119,"column":24},"end":{"line":119,"column":37}},"85":{"start":{"line":122,"column":16},"end":{"line":122,"column":28}},"86":{"start":{"line":124,"column":12},"end":{"line":124,"column":25}},"87":{"start":{"line":135,"column":12},"end":{"line":143,"column":15}},"88":{"start":{"line":136,"column":16},"end":{"line":142,"column":19}},"89":{"start":{"line":137,"column":20},"end":{"line":141,"column":21}},"90":{"start":{"line":138,"column":24},"end":{"line":138,"column":36}},"91":{"start":{"line":140,"column":24},"end":{"line":140,"column":46}},"92":{"start":{"line":157,"column":24},"end":{"line":157,"column":28}},"93":{"start":{"line":159,"column":12},"end":{"line":183,"column":15}},"94":{"start":{"line":160,"column":16},"end":{"line":182,"column":19}},"95":{"start":{"line":161,"column":20},"end":{"line":179,"column":21}},"96":{"start":{"line":162,"column":24},"end":{"line":169,"column":27}},"97":{"start":{"line":163,"column":28},"end":{"line":163,"column":45}},"98":{"start":{"line":164,"column":28},"end":{"line":168,"column":29}},"99":{"start":{"line":165,"column":32},"end":{"line":165,"column":44}},"100":{"start":{"line":167,"column":32},"end":{"line":167,"column":48}},"101":{"start":{"line":171,"column":24},"end":{"line":178,"column":27}},"102":{"start":{"line":172,"column":28},"end":{"line":172,"column":45}},"103":{"start":{"line":173,"column":28},"end":{"line":177,"column":29}},"104":{"start":{"line":174,"column":32},"end":{"line":174,"column":44}},"105":{"start":{"line":176,"column":32},"end":{"line":176,"column":48}},"106":{"start":{"line":181,"column":20},"end":{"line":181,"column":32}},"107":{"start":{"line":197,"column":22},"end":{"line":197,"column":79}},"108":{"start":{"line":198,"column":12},"end":{"line":206,"column":15}},"109":{"start":{"line":199,"column":16},"end":{"line":205,"column":19}},"110":{"start":{"line":200,"column":20},"end":{"line":204,"column":21}},"111":{"start":{"line":201,"column":24},"end":{"line":201,"column":36}},"112":{"start":{"line":203,"column":24},"end":{"line":203,"column":39}},"113":{"start":{"line":211,"column":12},"end":{"line":216,"column":13}},"114":{"start":{"line":212,"column":16},"end":{"line":212,"column":44}},"115":{"start":{"line":213,"column":16},"end":{"line":213,"column":66}},"116":{"start":{"line":214,"column":16},"end":{"line":214,"column":44}},"117":{"start":{"line":215,"column":16},"end":{"line":215,"column":72}},"118":{"start":{"line":217,"column":12},"end":{"line":217,"column":40}},"119":{"start":{"line":218,"column":12},"end":{"line":218,"column":62}},"120":{"start":{"line":219,"column":12},"end":{"line":219,"column":50}},"121":{"start":{"line":224,"column":12},"end":{"line":245,"column":15}},"122":{"start":{"line":225,"column":34},"end":{"line":231,"column":18}},"123":{"start":{"line":232,"column":34},"end":{"line":237,"column":17}},"124":{"start":{"line":238,"column":16},"end":{"line":244,"column":19}},"125":{"start":{"line":239,"column":20},"end":{"line":243,"column":21}},"126":{"start":{"line":240,"column":24},"end":{"line":240,"column":38}},"127":{"start":{"line":242,"column":24},"end":{"line":242,"column":38}},"128":{"start":{"line":250,"column":25},"end":{"line":250,"column":29}},"129":{"start":{"line":252,"column":12},"end":{"line":345,"column":13}},"130":{"start":{"line":253,"column":16},"end":{"line":271,"column":19}},"131":{"start":{"line":254,"column":20},"end":{"line":261,"column":21}},"132":{"start":{"line":255,"column":24},"end":{"line":255,"column":45}},"133":{"start":{"line":256,"column":24},"end":{"line":256,"column":74}},"134":{"start":{"line":257,"column":24},"end":{"line":260,"column":27}},"135":{"start":{"line":262,"column":33},"end":{"line":262,"column":63}},"136":{"start":{"line":263,"column":20},"end":{"line":263,"column":41}},"137":{"start":{"line":264,"column":20},"end":{"line":264,"column":70}},"138":{"start":{"line":265,"column":20},"end":{"line":268,"column":23}},"139":{"start":{"line":270,"column":20},"end":{"line":270,"column":82}},"140":{"start":{"line":273,"column":16},"end":{"line":344,"column":19}},"141":{"start":{"line":274,"column":20},"end":{"line":281,"column":21}},"142":{"start":{"line":275,"column":24},"end":{"line":275,"column":45}},"143":{"start":{"line":276,"column":24},"end":{"line":276,"column":74}},"144":{"start":{"line":277,"column":24},"end":{"line":280,"column":27}},"145":{"start":{"line":282,"column":31},"end":{"line":282,"column":42}},"146":{"start":{"line":284,"column":33},"end":{"line":284,"column":35}},"147":{"start":{"line":286,"column":32},"end":{"line":331,"column":21}},"148":{"start":{"line":287,"column":38},"end":{"line":287,"column":45}},"149":{"start":{"line":288,"column":39},"end":{"line":288,"column":55}},"150":{"start":{"line":289,"column":38},"end":{"line":289,"column":53}},"151":{"start":{"line":290,"column":37},"end":{"line":290,"column":51}},"152":{"start":{"line":291,"column":39},"end":{"line":291,"column":55}},"153":{"start":{"line":292,"column":40},"end":{"line":292,"column":57}},"154":{"start":{"line":293,"column":40},"end":{"line":293,"column":57}},"155":{"start":{"line":294,"column":35},"end":{"line":294,"column":47}},"156":{"start":{"line":296,"column":37},"end":{"line":296,"column":39}},"157":{"start":{"line":297,"column":37},"end":{"line":297,"column":39}},"158":{"start":{"line":298,"column":24},"end":{"line":313,"column":25}},"159":{"start":{"line":299,"column":28},"end":{"line":312,"column":29}},"160":{"start":{"line":300,"column":46},"end":{"line":300,"column":53}},"161":{"start":{"line":301,"column":49},"end":{"line":301,"column":67}},"162":{"start":{"line":302,"column":49},"end":{"line":302,"column":67}},"163":{"start":{"line":303,"column":48},"end":{"line":303,"column":65}},"164":{"start":{"line":304,"column":48},"end":{"line":304,"column":65}},"165":{"start":{"line":306,"column":32},"end":{"line":308,"column":33}},"166":{"start":{"line":307,"column":36},"end":{"line":307,"column":98}},"167":{"start":{"line":309,"column":32},"end":{"line":311,"column":33}},"168":{"start":{"line":310,"column":36},"end":{"line":310,"column":98}},"169":{"start":{"line":315,"column":36},"end":{"line":317,"column":26}},"170":{"start":{"line":316,"column":28},"end":{"line":316,"column":65}},"171":{"start":{"line":318,"column":24},"end":{"line":330,"column":25}},"172":{"start":{"line":319,"column":28},"end":{"line":329,"column":31}},"173":{"start":{"line":333,"column":20},"end":{"line":335,"column":21}},"174":{"start":{"line":334,"column":24},"end":{"line":334,"column":33}},"175":{"start":{"line":336,"column":20},"end":{"line":336,"column":41}},"176":{"start":{"line":337,"column":20},"end":{"line":337,"column":70}},"177":{"start":{"line":338,"column":20},"end":{"line":341,"column":23}},"178":{"start":{"line":343,"column":20},"end":{"line":343,"column":82}},"179":{"start":{"line":350,"column":23},"end":{"line":350,"column":34}},"180":{"start":{"line":352,"column":25},"end":{"line":352,"column":27}},"181":{"start":{"line":354,"column":25},"end":{"line":399,"column":13}},"182":{"start":{"line":355,"column":31},"end":{"line":355,"column":38}},"183":{"start":{"line":356,"column":31},"end":{"line":356,"column":48}},"184":{"start":{"line":357,"column":30},"end":{"line":357,"column":46}},"185":{"start":{"line":358,"column":29},"end":{"line":358,"column":44}},"186":{"start":{"line":359,"column":31},"end":{"line":359,"column":48}},"187":{"start":{"line":360,"column":32},"end":{"line":360,"column":50}},"188":{"start":{"line":361,"column":32},"end":{"line":361,"column":50}},"189":{"start":{"line":362,"column":27},"end":{"line":362,"column":40}},"190":{"start":{"line":364,"column":29},"end":{"line":364,"column":31}},"191":{"start":{"line":365,"column":29},"end":{"line":365,"column":31}},"192":{"start":{"line":366,"column":16},"end":{"line":381,"column":17}},"193":{"start":{"line":367,"column":20},"end":{"line":380,"column":21}},"194":{"start":{"line":368,"column":39},"end":{"line":368,"column":46}},"195":{"start":{"line":369,"column":41},"end":{"line":369,"column":60}},"196":{"start":{"line":370,"column":41},"end":{"line":370,"column":60}},"197":{"start":{"line":371,"column":40},"end":{"line":371,"column":58}},"198":{"start":{"line":372,"column":40},"end":{"line":372,"column":58}},"199":{"start":{"line":374,"column":24},"end":{"line":376,"column":25}},"200":{"start":{"line":375,"column":28},"end":{"line":375,"column":90}},"201":{"start":{"line":377,"column":24},"end":{"line":379,"column":25}},"202":{"start":{"line":378,"column":28},"end":{"line":378,"column":90}},"203":{"start":{"line":383,"column":28},"end":{"line":385,"column":18}},"204":{"start":{"line":384,"column":20},"end":{"line":384,"column":57}},"205":{"start":{"line":386,"column":16},"end":{"line":398,"column":17}},"206":{"start":{"line":387,"column":20},"end":{"line":397,"column":23}},"207":{"start":{"line":401,"column":12},"end":{"line":403,"column":13}},"208":{"start":{"line":402,"column":16},"end":{"line":402,"column":26}},"209":{"start":{"line":404,"column":12},"end":{"line":404,"column":26}},"210":{"start":{"line":409,"column":25},"end":{"line":409,"column":29}},"211":{"start":{"line":411,"column":35},"end":{"line":411,"column":82}},"212":{"start":{"line":412,"column":22},"end":{"line":412,"column":202}},"213":{"start":{"line":413,"column":12},"end":{"line":432,"column":15}},"214":{"start":{"line":414,"column":26},"end":{"line":414,"column":384}},"215":{"start":{"line":415,"column":16},"end":{"line":429,"column":19}},"216":{"start":{"line":416,"column":33},"end":{"line":416,"column":63}},"217":{"start":{"line":417,"column":20},"end":{"line":417,"column":41}},"218":{"start":{"line":418,"column":20},"end":{"line":418,"column":70}},"219":{"start":{"line":419,"column":20},"end":{"line":426,"column":23}},"220":{"start":{"line":428,"column":20},"end":{"line":428,"column":66}},"221":{"start":{"line":431,"column":16},"end":{"line":431,"column":62}},"222":{"start":{"line":436,"column":4},"end":{"line":436,"column":18}},"223":{"start":{"line":439,"column":0},"end":{"line":439,"column":31}}},"fnMap":{"0":{"name":"(anonymous_0)","decl":{"start":{"line":7,"column":84},"end":{"line":7,"column":85}},"loc":{"start":{"line":7,"column":99},"end":{"line":7,"column":121}},"line":7},"1":{"name":"(anonymous_1)","decl":{"start":{"line":7,"column":124},"end":{"line":7,"column":125}},"loc":{"start":{"line":7,"column":139},"end":{"line":7,"column":268}},"line":7},"2":{"name":"(anonymous_2)","decl":{"start":{"line":9,"column":19},"end":{"line":9,"column":20}},"loc":{"start":{"line":9,"column":31},"end":{"line":9,"column":561}},"line":9},"3":{"name":"defineProperties","decl":{"start":{"line":9,"column":42},"end":{"line":9,"column":58}},"loc":{"start":{"line":9,"column":74},"end":{"line":9,"column":349}},"line":9},"4":{"name":"(anonymous_4)","decl":{"start":{"line":9,"column":357},"end":{"line":9,"column":358}},"loc":{"start":{"line":9,"column":405},"end":{"line":9,"column":558}},"line":9},"5":{"name":"_interopRequireDefault","decl":{"start":{"line":29,"column":9},"end":{"line":29,"column":31}},"loc":{"start":{"line":29,"column":37},"end":{"line":29,"column":95}},"line":29},"6":{"name":"_classCallCheck","decl":{"start":{"line":31,"column":9},"end":{"line":31,"column":24}},"loc":{"start":{"line":31,"column":48},"end":{"line":31,"column":153}},"line":31},"7":{"name":"(anonymous_7)","decl":{"start":{"line":37,"column":13},"end":{"line":37,"column":14}},"loc":{"start":{"line":37,"column":25},"end":{"line":437,"column":1}},"line":37},"8":{"name":"Helper","decl":{"start":{"line":38,"column":13},"end":{"line":38,"column":19}},"loc":{"start":{"line":38,"column":22},"end":{"line":47,"column":5}},"line":38},"9":{"name":"trimWhiteSpace","decl":{"start":{"line":51,"column":24},"end":{"line":51,"column":38}},"loc":{"start":{"line":51,"column":44},"end":{"line":61,"column":9}},"line":51},"10":{"name":"(anonymous_10)","decl":{"start":{"line":53,"column":41},"end":{"line":53,"column":42}},"loc":{"start":{"line":53,"column":56},"end":{"line":57,"column":17}},"line":53},"11":{"name":"validateKey","decl":{"start":{"line":64,"column":24},"end":{"line":64,"column":35}},"loc":{"start":{"line":64,"column":47},"end":{"line":85,"column":9}},"line":64},"12":{"name":"validateInput","decl":{"start":{"line":88,"column":24},"end":{"line":88,"column":37}},"loc":{"start":{"line":88,"column":48},"end":{"line":125,"column":9}},"line":88},"13":{"name":"connectToDb","decl":{"start":{"line":134,"column":24},"end":{"line":134,"column":35}},"loc":{"start":{"line":134,"column":38},"end":{"line":144,"column":9}},"line":134},"14":{"name":"(anonymous_14)","decl":{"start":{"line":135,"column":31},"end":{"line":135,"column":32}},"loc":{"start":{"line":135,"column":58},"end":{"line":143,"column":13}},"line":135},"15":{"name":"(anonymous_15)","decl":{"start":{"line":136,"column":53},"end":{"line":136,"column":54}},"loc":{"start":{"line":136,"column":82},"end":{"line":142,"column":17}},"line":136},"16":{"name":"executeQuery","decl":{"start":{"line":156,"column":24},"end":{"line":156,"column":36}},"loc":{"start":{"line":156,"column":50},"end":{"line":184,"column":9}},"line":156},"17":{"name":"(anonymous_17)","decl":{"start":{"line":159,"column":31},"end":{"line":159,"column":32}},"loc":{"start":{"line":159,"column":58},"end":{"line":183,"column":13}},"line":159},"18":{"name":"(anonymous_18)","decl":{"start":{"line":160,"column":41},"end":{"line":160,"column":42}},"loc":{"start":{"line":160,"column":65},"end":{"line":180,"column":17}},"line":160},"19":{"name":"(anonymous_19)","decl":{"start":{"line":162,"column":50},"end":{"line":162,"column":51}},"loc":{"start":{"line":162,"column":73},"end":{"line":169,"column":25}},"line":162},"20":{"name":"(anonymous_20)","decl":{"start":{"line":171,"column":42},"end":{"line":171,"column":43}},"loc":{"start":{"line":171,"column":65},"end":{"line":178,"column":25}},"line":171},"21":{"name":"(anonymous_21)","decl":{"start":{"line":180,"column":25},"end":{"line":180,"column":26}},"loc":{"start":{"line":180,"column":40},"end":{"line":182,"column":17}},"line":180},"22":{"name":"assignToken","decl":{"start":{"line":196,"column":24},"end":{"line":196,"column":35}},"loc":{"start":{"line":196,"column":45},"end":{"line":207,"column":9}},"line":196},"23":{"name":"(anonymous_23)","decl":{"start":{"line":198,"column":31},"end":{"line":198,"column":32}},"loc":{"start":{"line":198,"column":58},"end":{"line":206,"column":13}},"line":198},"24":{"name":"(anonymous_24)","decl":{"start":{"line":199,"column":83},"end":{"line":199,"column":84}},"loc":{"start":{"line":199,"column":105},"end":{"line":205,"column":17}},"line":199},"25":{"name":"displayMessage","decl":{"start":{"line":210,"column":24},"end":{"line":210,"column":38}},"loc":{"start":{"line":210,"column":74},"end":{"line":220,"column":9}},"line":210},"26":{"name":"sendMail","decl":{"start":{"line":223,"column":24},"end":{"line":223,"column":32}},"loc":{"start":{"line":223,"column":53},"end":{"line":246,"column":9}},"line":223},"27":{"name":"(anonymous_27)","decl":{"start":{"line":224,"column":31},"end":{"line":224,"column":32}},"loc":{"start":{"line":224,"column":58},"end":{"line":245,"column":13}},"line":224},"28":{"name":"(anonymous_28)","decl":{"start":{"line":238,"column":50},"end":{"line":238,"column":51}},"loc":{"start":{"line":238,"column":73},"end":{"line":244,"column":17}},"line":238},"29":{"name":"callServer","decl":{"start":{"line":249,"column":24},"end":{"line":249,"column":34}},"loc":{"start":{"line":249,"column":53},"end":{"line":346,"column":9}},"line":249},"30":{"name":"(anonymous_30)","decl":{"start":{"line":253,"column":52},"end":{"line":253,"column":53}},"loc":{"start":{"line":253,"column":70},"end":{"line":269,"column":17}},"line":253},"31":{"name":"(anonymous_31)","decl":{"start":{"line":269,"column":25},"end":{"line":269,"column":26}},"loc":{"start":{"line":269,"column":42},"end":{"line":271,"column":17}},"line":269},"32":{"name":"(anonymous_32)","decl":{"start":{"line":273,"column":44},"end":{"line":273,"column":45}},"loc":{"start":{"line":273,"column":62},"end":{"line":342,"column":17}},"line":273},"33":{"name":"_loop","decl":{"start":{"line":286,"column":41},"end":{"line":286,"column":46}},"loc":{"start":{"line":286,"column":50},"end":{"line":331,"column":21}},"line":286},"34":{"name":"(anonymous_34)","decl":{"start":{"line":315,"column":50},"end":{"line":315,"column":51}},"loc":{"start":{"line":315,"column":69},"end":{"line":317,"column":25}},"line":315},"35":{"name":"(anonymous_35)","decl":{"start":{"line":342,"column":25},"end":{"line":342,"column":26}},"loc":{"start":{"line":342,"column":42},"end":{"line":344,"column":17}},"line":342},"36":{"name":"groupAttachment","decl":{"start":{"line":349,"column":24},"end":{"line":349,"column":39}},"loc":{"start":{"line":349,"column":48},"end":{"line":405,"column":9}},"line":349},"37":{"name":"_loop2","decl":{"start":{"line":354,"column":34},"end":{"line":354,"column":40}},"loc":{"start":{"line":354,"column":44},"end":{"line":399,"column":13}},"line":354},"38":{"name":"(anonymous_38)","decl":{"start":{"line":383,"column":42},"end":{"line":383,"column":43}},"loc":{"start":{"line":383,"column":61},"end":{"line":385,"column":17}},"line":383},"39":{"name":"insertRecord","decl":{"start":{"line":408,"column":24},"end":{"line":408,"column":36}},"loc":{"start":{"line":408,"column":85},"end":{"line":433,"column":9}},"line":408},"40":{"name":"(anonymous_40)","decl":{"start":{"line":413,"column":124},"end":{"line":413,"column":125}},"loc":{"start":{"line":413,"column":142},"end":{"line":430,"column":13}},"line":413},"41":{"name":"(anonymous_41)","decl":{"start":{"line":415,"column":58},"end":{"line":415,"column":59}},"loc":{"start":{"line":415,"column":76},"end":{"line":427,"column":17}},"line":415},"42":{"name":"(anonymous_42)","decl":{"start":{"line":427,"column":25},"end":{"line":427,"column":26}},"loc":{"start":{"line":427,"column":42},"end":{"line":429,"column":17}},"line":427},"43":{"name":"(anonymous_43)","decl":{"start":{"line":430,"column":21},"end":{"line":430,"column":22}},"loc":{"start":{"line":430,"column":38},"end":{"line":432,"column":13}},"line":430}},"branchMap":{"0":{"loc":{"start":{"line":7,"column":14},"end":{"line":7,"column":268}},"type":"cond-expr","locations":[{"start":{"line":7,"column":84},"end":{"line":7,"column":121}},{"start":{"line":7,"column":124},"end":{"line":7,"column":268}}],"line":7},"1":{"loc":{"start":{"line":7,"column":14},"end":{"line":7,"column":81}},"type":"binary-expr","locations":[{"start":{"line":7,"column":14},"end":{"line":7,"column":42}},{"start":{"line":7,"column":46},"end":{"line":7,"column":81}}],"line":7},"2":{"loc":{"start":{"line":7,"column":148},"end":{"line":7,"column":265}},"type":"cond-expr","locations":[{"start":{"line":7,"column":244},"end":{"line":7,"column":252}},{"start":{"line":7,"column":255},"end":{"line":7,"column":265}}],"line":7},"3":{"loc":{"start":{"line":7,"column":148},"end":{"line":7,"column":241}},"type":"binary-expr","locations":[{"start":{"line":7,"column":148},"end":{"line":7,"column":151}},{"start":{"line":7,"column":155},"end":{"line":7,"column":183}},{"start":{"line":7,"column":187},"end":{"line":7,"column":213}},{"start":{"line":7,"column":217},"end":{"line":7,"column":241}}],"line":7},"4":{"loc":{"start":{"line":9,"column":168},"end":{"line":9,"column":198}},"type":"binary-expr","locations":[{"start":{"line":9,"column":168},"end":{"line":9,"column":189}},{"start":{"line":9,"column":193},"end":{"line":9,"column":198}}],"line":9},"5":{"loc":{"start":{"line":9,"column":232},"end":{"line":9,"column":286}},"type":"if","locations":[{"start":{"line":9,"column":232},"end":{"line":9,"column":286}},{"start":{"line":9,"column":232},"end":{"line":9,"column":286}}],"line":9},"6":{"loc":{"start":{"line":9,"column":407},"end":{"line":9,"column":475}},"type":"if","locations":[{"start":{"line":9,"column":407},"end":{"line":9,"column":475}},{"start":{"line":9,"column":407},"end":{"line":9,"column":475}}],"line":9},"7":{"loc":{"start":{"line":9,"column":476},"end":{"line":9,"column":536}},"type":"if","locations":[{"start":{"line":9,"column":476},"end":{"line":9,"column":536}},{"start":{"line":9,"column":476},"end":{"line":9,"column":536}}],"line":9},"8":{"loc":{"start":{"line":29,"column":46},"end":{"line":29,"column":92}},"type":"cond-expr","locations":[{"start":{"line":29,"column":70},"end":{"line":29,"column":73}},{"start":{"line":29,"column":76},"end":{"line":29,"column":92}}],"line":29},"9":{"loc":{"start":{"line":29,"column":46},"end":{"line":29,"column":67}},"type":"binary-expr","locations":[{"start":{"line":29,"column":46},"end":{"line":29,"column":49}},{"start":{"line":29,"column":53},"end":{"line":29,"column":67}}],"line":29},"10":{"loc":{"start":{"line":31,"column":50},"end":{"line":31,"column":151}},"type":"if","locations":[{"start":{"line":31,"column":50},"end":{"line":31,"column":151}},{"start":{"line":31,"column":50},"end":{"line":31,"column":151}}],"line":31},"11":{"loc":{"start":{"line":52,"column":12},"end":{"line":59,"column":13}},"type":"if","locations":[{"start":{"line":52,"column":12},"end":{"line":59,"column":13}},{"start":{"line":52,"column":12},"end":{"line":59,"column":13}}],"line":52},"12":{"loc":{"start":{"line":52,"column":16},"end":{"line":52,"column":167}},"type":"binary-expr","locations":[{"start":{"line":52,"column":16},"end":{"line":52,"column":42}},{"start":{"line":52,"column":46},"end":{"line":52,"column":56}},{"start":{"line":52,"column":60},"end":{"line":52,"column":130}},{"start":{"line":52,"column":134},"end":{"line":52,"column":167}}],"line":52},"13":{"loc":{"start":{"line":52,"column":61},"end":{"line":52,"column":116}},"type":"cond-expr","locations":[{"start":{"line":52,"column":90},"end":{"line":52,"column":101}},{"start":{"line":52,"column":104},"end":{"line":52,"column":116}}],"line":52},"14":{"loc":{"start":{"line":54,"column":20},"end":{"line":56,"column":21}},"type":"if","locations":[{"start":{"line":54,"column":20},"end":{"line":56,"column":21}},{"start":{"line":54,"column":20},"end":{"line":56,"column":21}}],"line":54},"15":{"loc":{"start":{"line":54,"column":24},"end":{"line":54,"column":101}},"type":"binary-expr","locations":[{"start":{"line":54,"column":24},"end":{"line":54,"column":41}},{"start":{"line":54,"column":45},"end":{"line":54,"column":73}},{"start":{"line":54,"column":77},"end":{"line":54,"column":101}}],"line":54},"16":{"loc":{"start":{"line":65,"column":12},"end":{"line":67,"column":13}},"type":"if","locations":[{"start":{"line":65,"column":12},"end":{"line":67,"column":13}},{"start":{"line":65,"column":12},"end":{"line":67,"column":13}}],"line":65},"17":{"loc":{"start":{"line":65,"column":16},"end":{"line":65,"column":79}},"type":"binary-expr","locations":[{"start":{"line":65,"column":16},"end":{"line":65,"column":42}},{"start":{"line":65,"column":46},"end":{"line":65,"column":79}}],"line":65},"18":{"loc":{"start":{"line":73,"column":20},"end":{"line":75,"column":21}},"type":"if","locations":[{"start":{"line":73,"column":20},"end":{"line":75,"column":21}},{"start":{"line":73,"column":20},"end":{"line":75,"column":21}}],"line":73},"19":{"loc":{"start":{"line":77,"column":16},"end":{"line":79,"column":17}},"type":"if","locations":[{"start":{"line":77,"column":16},"end":{"line":79,"column":17}},{"start":{"line":77,"column":16},"end":{"line":79,"column":17}}],"line":77},"20":{"loc":{"start":{"line":81,"column":12},"end":{"line":83,"column":13}},"type":"if","locations":[{"start":{"line":81,"column":12},"end":{"line":83,"column":13}},{"start":{"line":81,"column":12},"end":{"line":83,"column":13}}],"line":81},"21":{"loc":{"start":{"line":89,"column":12},"end":{"line":123,"column":13}},"type":"if","locations":[{"start":{"line":89,"column":12},"end":{"line":123,"column":13}},{"start":{"line":89,"column":12},"end":{"line":123,"column":13}}],"line":89},"22":{"loc":{"start":{"line":89,"column":16},"end":{"line":89,"column":167}},"type":"binary-expr","locations":[{"start":{"line":89,"column":16},"end":{"line":89,"column":42}},{"start":{"line":89,"column":46},"end":{"line":89,"column":56}},{"start":{"line":89,"column":60},"end":{"line":89,"column":130}},{"start":{"line":89,"column":134},"end":{"line":89,"column":167}}],"line":89},"23":{"loc":{"start":{"line":89,"column":61},"end":{"line":89,"column":116}},"type":"cond-expr","locations":[{"start":{"line":89,"column":90},"end":{"line":89,"column":101}},{"start":{"line":89,"column":104},"end":{"line":89,"column":116}}],"line":89},"24":{"loc":{"start":{"line":92,"column":20},"end":{"line":99,"column":21}},"type":"if","locations":[{"start":{"line":92,"column":20},"end":{"line":99,"column":21}},{"start":{"line":92,"column":20},"end":{"line":99,"column":21}}],"line":92},"25":{"loc":{"start":{"line":92,"column":24},"end":{"line":92,"column":73}},"type":"binary-expr","locations":[{"start":{"line":92,"column":24},"end":{"line":92,"column":47}},{"start":{"line":92,"column":51},"end":{"line":92,"column":73}}],"line":92},"26":{"loc":{"start":{"line":93,"column":24},"end":{"line":98,"column":25}},"type":"if","locations":[{"start":{"line":93,"column":24},"end":{"line":98,"column":25}},{"start":{"line":93,"column":24},"end":{"line":98,"column":25}}],"line":93},"27":{"loc":{"start":{"line":93,"column":28},"end":{"line":93,"column":139}},"type":"binary-expr","locations":[{"start":{"line":93,"column":28},"end":{"line":93,"column":63}},{"start":{"line":93,"column":67},"end":{"line":93,"column":86}},{"start":{"line":93,"column":90},"end":{"line":93,"column":139}}],"line":93},"28":{"loc":{"start":{"line":100,"column":20},"end":{"line":107,"column":21}},"type":"if","locations":[{"start":{"line":100,"column":20},"end":{"line":107,"column":21}},{"start":{"line":100,"column":20},"end":{"line":107,"column":21}}],"line":100},"29":{"loc":{"start":{"line":101,"column":24},"end":{"line":106,"column":25}},"type":"if","locations":[{"start":{"line":101,"column":24},"end":{"line":106,"column":25}},{"start":{"line":101,"column":24},"end":{"line":106,"column":25}}],"line":101},"30":{"loc":{"start":{"line":101,"column":28},"end":{"line":101,"column":162}},"type":"binary-expr","locations":[{"start":{"line":101,"column":28},"end":{"line":101,"column":63}},{"start":{"line":101,"column":67},"end":{"line":101,"column":86}},{"start":{"line":101,"column":90},"end":{"line":101,"column":134}},{"start":{"line":101,"column":138},"end":{"line":101,"column":162}}],"line":101},"31":{"loc":{"start":{"line":108,"column":20},"end":{"line":120,"column":21}},"type":"if","locations":[{"start":{"line":108,"column":20},"end":{"line":120,"column":21}},{"start":{"line":108,"column":20},"end":{"line":120,"column":21}}],"line":108},"32":{"loc":{"start":{"line":109,"column":24},"end":{"line":114,"column":25}},"type":"if","locations":[{"start":{"line":109,"column":24},"end":{"line":114,"column":25}},{"start":{"line":109,"column":24},"end":{"line":114,"column":25}}],"line":109},"33":{"loc":{"start":{"line":115,"column":27},"end":{"line":120,"column":21}},"type":"if","locations":[{"start":{"line":115,"column":27},"end":{"line":120,"column":21}},{"start":{"line":115,"column":27},"end":{"line":120,"column":21}}],"line":115},"34":{"loc":{"start":{"line":115,"column":31},"end":{"line":115,"column":89}},"type":"binary-expr","locations":[{"start":{"line":115,"column":31},"end":{"line":115,"column":66}},{"start":{"line":115,"column":70},"end":{"line":115,"column":89}}],"line":115},"35":{"loc":{"start":{"line":137,"column":20},"end":{"line":141,"column":21}},"type":"if","locations":[{"start":{"line":137,"column":20},"end":{"line":141,"column":21}},{"start":{"line":137,"column":20},"end":{"line":141,"column":21}}],"line":137},"36":{"loc":{"start":{"line":161,"column":20},"end":{"line":179,"column":21}},"type":"if","locations":[{"start":{"line":161,"column":20},"end":{"line":179,"column":21}},{"start":{"line":161,"column":20},"end":{"line":179,"column":21}}],"line":161},"37":{"loc":{"start":{"line":161,"column":24},"end":{"line":161,"column":74}},"type":"binary-expr","locations":[{"start":{"line":161,"column":24},"end":{"line":161,"column":53}},{"start":{"line":161,"column":57},"end":{"line":161,"column":74}}],"line":161},"38":{"loc":{"start":{"line":164,"column":28},"end":{"line":168,"column":29}},"type":"if","locations":[{"start":{"line":164,"column":28},"end":{"line":168,"column":29}},{"start":{"line":164,"column":28},"end":{"line":168,"column":29}}],"line":164},"39":{"loc":{"start":{"line":173,"column":28},"end":{"line":177,"column":29}},"type":"if","locations":[{"start":{"line":173,"column":28},"end":{"line":177,"column":29}},{"start":{"line":173,"column":28},"end":{"line":177,"column":29}}],"line":173},"40":{"loc":{"start":{"line":197,"column":22},"end":{"line":197,"column":79}},"type":"binary-expr","locations":[{"start":{"line":197,"column":22},"end":{"line":197,"column":44}},{"start":{"line":197,"column":48},"end":{"line":197,"column":79}}],"line":197},"41":{"loc":{"start":{"line":200,"column":20},"end":{"line":204,"column":21}},"type":"if","locations":[{"start":{"line":200,"column":20},"end":{"line":204,"column":21}},{"start":{"line":200,"column":20},"end":{"line":204,"column":21}}],"line":200},"42":{"loc":{"start":{"line":211,"column":12},"end":{"line":216,"column":13}},"type":"if","locations":[{"start":{"line":211,"column":12},"end":{"line":216,"column":13}},{"start":{"line":211,"column":12},"end":{"line":216,"column":13}}],"line":211},"43":{"loc":{"start":{"line":239,"column":20},"end":{"line":243,"column":21}},"type":"if","locations":[{"start":{"line":239,"column":20},"end":{"line":243,"column":21}},{"start":{"line":239,"column":20},"end":{"line":243,"column":21}}],"line":239},"44":{"loc":{"start":{"line":252,"column":12},"end":{"line":345,"column":13}},"type":"if","locations":[{"start":{"line":252,"column":12},"end":{"line":345,"column":13}},{"start":{"line":252,"column":12},"end":{"line":345,"column":13}}],"line":252},"45":{"loc":{"start":{"line":252,"column":16},"end":{"line":252,"column":73}},"type":"binary-expr","locations":[{"start":{"line":252,"column":16},"end":{"line":252,"column":52}},{"start":{"line":252,"column":56},"end":{"line":252,"column":73}}],"line":252},"46":{"loc":{"start":{"line":254,"column":20},"end":{"line":261,"column":21}},"type":"if","locations":[{"start":{"line":254,"column":20},"end":{"line":261,"column":21}},{"start":{"line":254,"column":20},"end":{"line":261,"column":21}}],"line":254},"47":{"loc":{"start":{"line":274,"column":20},"end":{"line":281,"column":21}},"type":"if","locations":[{"start":{"line":274,"column":20},"end":{"line":281,"column":21}},{"start":{"line":274,"column":20},"end":{"line":281,"column":21}}],"line":274},"48":{"loc":{"start":{"line":299,"column":28},"end":{"line":312,"column":29}},"type":"if","locations":[{"start":{"line":299,"column":28},"end":{"line":312,"column":29}},{"start":{"line":299,"column":28},"end":{"line":312,"column":29}}],"line":299},"49":{"loc":{"start":{"line":306,"column":32},"end":{"line":308,"column":33}},"type":"if","locations":[{"start":{"line":306,"column":32},"end":{"line":308,"column":33}},{"start":{"line":306,"column":32},"end":{"line":308,"column":33}}],"line":306},"50":{"loc":{"start":{"line":309,"column":32},"end":{"line":311,"column":33}},"type":"if","locations":[{"start":{"line":309,"column":32},"end":{"line":311,"column":33}},{"start":{"line":309,"column":32},"end":{"line":311,"column":33}}],"line":309},"51":{"loc":{"start":{"line":318,"column":24},"end":{"line":330,"column":25}},"type":"if","locations":[{"start":{"line":318,"column":24},"end":{"line":330,"column":25}},{"start":{"line":318,"column":24},"end":{"line":330,"column":25}}],"line":318},"52":{"loc":{"start":{"line":367,"column":20},"end":{"line":380,"column":21}},"type":"if","locations":[{"start":{"line":367,"column":20},"end":{"line":380,"column":21}},{"start":{"line":367,"column":20},"end":{"line":380,"column":21}}],"line":367},"53":{"loc":{"start":{"line":374,"column":24},"end":{"line":376,"column":25}},"type":"if","locations":[{"start":{"line":374,"column":24},"end":{"line":376,"column":25}},{"start":{"line":374,"column":24},"end":{"line":376,"column":25}}],"line":374},"54":{"loc":{"start":{"line":377,"column":24},"end":{"line":379,"column":25}},"type":"if","locations":[{"start":{"line":377,"column":24},"end":{"line":379,"column":25}},{"start":{"line":377,"column":24},"end":{"line":379,"column":25}}],"line":377},"55":{"loc":{"start":{"line":386,"column":16},"end":{"line":398,"column":17}},"type":"if","locations":[{"start":{"line":386,"column":16},"end":{"line":398,"column":17}},{"start":{"line":386,"column":16},"end":{"line":398,"column":17}}],"line":386},"56":{"loc":{"start":{"line":411,"column":35},"end":{"line":411,"column":82}},"type":"cond-expr","locations":[{"start":{"line":411,"column":77},"end":{"line":411,"column":78}},{"start":{"line":411,"column":81},"end":{"line":411,"column":82}}],"line":411}},"s":{"0":1,"1":1,"2":104,"3":0,"4":1,"5":1,"6":11,"7":11,"8":11,"9":11,"10":11,"11":11,"12":1,"13":1,"14":1,"15":1,"16":0,"17":1,"18":1,"19":1,"20":1,"21":1,"22":1,"23":1,"24":1,"25":1,"26":1,"27":4,"28":1,"29":0,"30":1,"31":1,"32":1,"33":1,"34":1,"35":1,"36":1,"37":1,"38":1,"39":76,"40":76,"41":198,"42":168,"43":76,"44":0,"45":66,"46":0,"47":66,"48":66,"49":66,"50":128,"51":128,"52":582,"53":128,"54":128,"55":0,"56":66,"57":66,"58":0,"59":14,"60":14,"61":14,"62":56,"63":14,"64":0,"65":0,"66":0,"67":0,"68":56,"69":7,"70":0,"71":0,"72":0,"73":0,"74":56,"75":14,"76":0,"77":0,"78":0,"79":0,"80":42,"81":0,"82":0,"83":0,"84":0,"85":14,"86":0,"87":575,"88":575,"89":575,"90":0,"91":575,"92":575,"93":575,"94":575,"95":575,"96":209,"97":209,"98":209,"99":0,"100":209,"101":366,"102":366,"103":366,"104":30,"105":336,"106":0,"107":14,"108":14,"109":14,"110":14,"111":0,"112":14,"113":0,"114":0,"115":0,"116":0,"117":0,"118":0,"119":0,"120":0,"121":22,"122":22,"123":22,"124":22,"125":22,"126":0,"127":22,"128":40,"129":40,"130":40,"131":40,"132":0,"133":0,"134":0,"135":40,"136":40,"137":40,"138":40,"139":0,"140":0,"141":0,"142":0,"143":0,"144":0,"145":0,"146":0,"147":0,"148":0,"149":0,"150":0,"151":0,"152":0,"153":0,"154":0,"155":0,"156":0,"157":0,"158":0,"159":0,"160":0,"161":0,"162":0,"163":0,"164":0,"165":0,"166":0,"167":0,"168":0,"169":0,"170":0,"171":0,"172":0,"173":0,"174":0,"175":0,"176":0,"177":0,"178":0,"179":50,"180":50,"181":50,"182":8328,"183":8328,"184":8328,"185":8328,"186":8328,"187":8328,"188":8328,"189":8328,"190":8328,"191":8328,"192":8328,"193":5466548,"194":5355216,"195":5355216,"196":5355216,"197":5355216,"198":5355216,"199":5355216,"200":5354968,"201":5355216,"202":5354968,"203":8328,"204":12428,"205":8328,"206":70,"207":50,"208":8328,"209":50,"210":10,"211":10,"212":10,"213":10,"214":10,"215":10,"216":10,"217":10,"218":10,"219":10,"220":0,"221":0,"222":1,"223":1},"f":{"0":104,"1":0,"2":1,"3":1,"4":1,"5":4,"6":1,"7":1,"8":1,"9":76,"10":198,"11":66,"12":14,"13":575,"14":575,"15":575,"16":575,"17":575,"18":575,"19":209,"20":366,"21":0,"22":14,"23":14,"24":14,"25":0,"26":22,"27":22,"28":22,"29":40,"30":40,"31":0,"32":0,"33":0,"34":0,"35":0,"36":50,"37":8328,"38":12428,"39":10,"40":10,"41":10,"42":0,"43":0},"b":{"0":[1,0],"1":[1,1],"2":[0,0],"3":[0,0,0,0],"4":[11,11],"5":[11,0],"6":[1,0],"7":[0,1],"8":[1,3],"9":[4,4],"10":[0,1],"11":[76,0],"12":[76,76,76,76],"13":[0,76],"14":[168,30],"15":[198,198,188],"16":[0,66],"17":[66,0],"18":[128,454],"19":[0,128],"20":[66,0],"21":[14,0],"22":[14,14,14,14],"23":[0,14],"24":[14,42],"25":[56,49],"26":[0,14],"27":[14,14,14],"28":[7,49],"29":[0,7],"30":[7,7,7,7],"31":[14,42],"32":[0,14],"33":[0,42],"34":[42,42],"35":[0,575],"36":[209,366],"37":[575,209],"38":[0,209],"39":[30,336],"40":[14,0],"41":[0,14],"42":[0,0],"43":[0,22],"44":[40,0],"45":[40,40],"46":[0,40],"47":[0,0],"48":[0,0],"49":[0,0],"50":[0,0],"51":[0,0],"52":[5355216,111332],"53":[5354968,248],"54":[5354968,248],"55":[70,8258],"56":[5,5]},"_coverageSchema":"43e27e138ebf9cfc5966b082cf9a028302ed4184","hash":"0b45fabc532acf44b3d71554f6330e8bcb99e606","contentHash":"dab09d7cf8fe95c3cb640e3d549895b5"},"C:\\Users\\Kazom\\Documents\\andela\\iReporter\\server\\databaseConnection.js":{"path":"C:\\Users\\Kazom\\Documents\\andela\\iReporter\\server\\databaseConnection.js","statementMap":{"0":{"start":{"line":3,"column":0},"end":{"line":5,"column":3}},"1":{"start":{"line":7,"column":10},"end":{"line":7,"column":23}},"2":{"start":{"line":9,"column":11},"end":{"line":9,"column":38}},"3":{"start":{"line":11,"column":39},"end":{"line":11,"column":93}},"4":{"start":{"line":21,"column":0},"end":{"line":21,"column":27}},"5":{"start":{"line":23,"column":11},"end":{"line":23,"column":17}},"6":{"start":{"line":24,"column":0},"end":{"line":38,"column":1}},"7":{"start":{"line":25,"column":4},"end":{"line":28,"column":7}},"8":{"start":{"line":29,"column":7},"end":{"line":38,"column":1}},"9":{"start":{"line":30,"column":4},"end":{"line":33,"column":7}},"10":{"start":{"line":35,"column":4},"end":{"line":37,"column":7}},"11":{"start":{"line":39,"column":0},"end":{"line":39,"column":23}}},"fnMap":{"0":{"name":"_interopRequireDefault","decl":{"start":{"line":11,"column":9},"end":{"line":11,"column":31}},"loc":{"start":{"line":11,"column":37},"end":{"line":11,"column":95}},"line":11}},"branchMap":{"0":{"loc":{"start":{"line":11,"column":46},"end":{"line":11,"column":92}},"type":"cond-expr","locations":[{"start":{"line":11,"column":70},"end":{"line":11,"column":73}},{"start":{"line":11,"column":76},"end":{"line":11,"column":92}}],"line":11},"1":{"loc":{"start":{"line":11,"column":46},"end":{"line":11,"column":67}},"type":"binary-expr","locations":[{"start":{"line":11,"column":46},"end":{"line":11,"column":49}},{"start":{"line":11,"column":53},"end":{"line":11,"column":67}}],"line":11},"2":{"loc":{"start":{"line":24,"column":0},"end":{"line":38,"column":1}},"type":"if","locations":[{"start":{"line":24,"column":0},"end":{"line":38,"column":1}},{"start":{"line":24,"column":0},"end":{"line":38,"column":1}}],"line":24},"3":{"loc":{"start":{"line":29,"column":7},"end":{"line":38,"column":1}},"type":"if","locations":[{"start":{"line":29,"column":7},"end":{"line":38,"column":1}},{"start":{"line":29,"column":7},"end":{"line":38,"column":1}}],"line":29}},"s":{"0":1,"1":1,"2":1,"3":1,"4":1,"5":1,"6":1,"7":0,"8":1,"9":1,"10":0,"11":1},"f":{"0":1},"b":{"0":[0,1],"1":[1,1],"2":[0,1],"3":[1,0]},"_coverageSchema":"43e27e138ebf9cfc5966b082cf9a028302ed4184","hash":"8827c270b8518cc059340115027b936b5eed08ad","contentHash":"2aba952dad4e2a107ec636905bab4f66"},"C:\\Users\\Kazom\\Documents\\andela\\iReporter\\server\\types\\constants.js":{"path":"C:\\Users\\Kazom\\Documents\\andela\\iReporter\\server\\types\\constants.js","statementMap":{"0":{"start":{"line":3,"column":0},"end":{"line":5,"column":3}},"1":{"start":{"line":6,"column":26},"end":{"line":6,"column":77}},"2":{"start":{"line":7,"column":16},"end":{"line":7,"column":42}},"3":{"start":{"line":8,"column":15},"end":{"line":8,"column":44}},"4":{"start":{"line":9,"column":26},"end":{"line":9,"column":70}},"5":{"start":{"line":10,"column":15},"end":{"line":10,"column":44}}},"fnMap":{},"branchMap":{},"s":{"0":1,"1":1,"2":1,"3":1,"4":1,"5":1},"f":{},"b":{},"_coverageSchema":"43e27e138ebf9cfc5966b082cf9a028302ed4184","hash":"7eeabc0b1ca713ddc0232efff3ae3ca171fe599a","contentHash":"ff646d7087d8b5efc9857ee197d8eeca"},"C:\\Users\\Kazom\\Documents\\andela\\iReporter\\server\\route\\redFlagRoute.js":{"path":"C:\\Users\\Kazom\\Documents\\andela\\iReporter\\server\\route\\redFlagRoute.js","statementMap":{"0":{"start":{"line":3,"column":0},"end":{"line":5,"column":3}},"1":{"start":{"line":7,"column":15},"end":{"line":7,"column":33}},"2":{"start":{"line":9,"column":16},"end":{"line":9,"column":48}},"3":{"start":{"line":11,"column":22},"end":{"line":11,"column":61}},"4":{"start":{"line":13,"column":23},"end":{"line":13,"column":62}},"5":{"start":{"line":15,"column":25},"end":{"line":15,"column":67}},"6":{"start":{"line":17,"column":26},"end":{"line":17,"column":68}},"7":{"start":{"line":19,"column":39},"end":{"line":19,"column":93}},"8":{"start":{"line":21,"column":14},"end":{"line":21,"column":47}},"9":{"start":{"line":22,"column":13},"end":{"line":22,"column":39}},"10":{"start":{"line":24,"column":0},"end":{"line":24,"column":63}},"11":{"start":{"line":25,"column":0},"end":{"line":25,"column":65}},"12":{"start":{"line":26,"column":0},"end":{"line":26,"column":63}},"13":{"start":{"line":27,"column":0},"end":{"line":27,"column":80}},"14":{"start":{"line":28,"column":0},"end":{"line":28,"column":78}},"15":{"start":{"line":29,"column":0},"end":{"line":29,"column":70}},"16":{"start":{"line":30,"column":0},"end":{"line":30,"column":83}},"17":{"start":{"line":32,"column":0},"end":{"line":32,"column":25}}},"fnMap":{"0":{"name":"_interopRequireDefault","decl":{"start":{"line":19,"column":9},"end":{"line":19,"column":31}},"loc":{"start":{"line":19,"column":37},"end":{"line":19,"column":95}},"line":19}},"branchMap":{"0":{"loc":{"start":{"line":19,"column":46},"end":{"line":19,"column":92}},"type":"cond-expr","locations":[{"start":{"line":19,"column":70},"end":{"line":19,"column":73}},{"start":{"line":19,"column":76},"end":{"line":19,"column":92}}],"line":19},"1":{"loc":{"start":{"line":19,"column":46},"end":{"line":19,"column":67}},"type":"binary-expr","locations":[{"start":{"line":19,"column":46},"end":{"line":19,"column":49}},{"start":{"line":19,"column":53},"end":{"line":19,"column":67}}],"line":19}},"s":{"0":1,"1":1,"2":1,"3":1,"4":1,"5":1,"6":1,"7":3,"8":1,"9":1,"10":1,"11":1,"12":1,"13":1,"14":1,"15":1,"16":1,"17":1},"f":{"0":3},"b":{"0":[2,1],"1":[3,3]},"_coverageSchema":"43e27e138ebf9cfc5966b082cf9a028302ed4184","hash":"bae846707ba1a2e065ed68d411973b207be6aba3","contentHash":"ebe3c45b2eb9de305e3227b40e9a4918"},"C:\\Users\\Kazom\\Documents\\andela\\iReporter\\server\\middleware\\authentication.js":{"path":"C:\\Users\\Kazom\\Documents\\andela\\iReporter\\server\\middleware\\authentication.js","statementMap":{"0":{"start":{"line":3,"column":0},"end":{"line":5,"column":3}},"1":{"start":{"line":7,"column":20},"end":{"line":7,"column":43}},"2":{"start":{"line":9,"column":21},"end":{"line":9,"column":58}},"3":{"start":{"line":11,"column":39},"end":{"line":11,"column":93}},"4":{"start":{"line":13,"column":18},"end":{"line":32,"column":1}},"5":{"start":{"line":14,"column":14},"end":{"line":14,"column":71}},"6":{"start":{"line":15,"column":23},"end":{"line":15,"column":66}},"7":{"start":{"line":17,"column":4},"end":{"line":31,"column":5}},"8":{"start":{"line":18,"column":8},"end":{"line":20,"column":11}},"9":{"start":{"line":21,"column":11},"end":{"line":31,"column":5}},"10":{"start":{"line":22,"column":8},"end":{"line":30,"column":11}},"11":{"start":{"line":23,"column":12},"end":{"line":27,"column":13}},"12":{"start":{"line":24,"column":16},"end":{"line":26,"column":19}},"13":{"start":{"line":28,"column":12},"end":{"line":28,"column":33}},"14":{"start":{"line":29,"column":12},"end":{"line":29,"column":19}},"15":{"start":{"line":34,"column":0},"end":{"line":34,"column":30}}},"fnMap":{"0":{"name":"_interopRequireDefault","decl":{"start":{"line":11,"column":9},"end":{"line":11,"column":31}},"loc":{"start":{"line":11,"column":37},"end":{"line":11,"column":95}},"line":11},"1":{"name":"VerifyToken","decl":{"start":{"line":13,"column":27},"end":{"line":13,"column":38}},"loc":{"start":{"line":13,"column":55},"end":{"line":32,"column":1}},"line":13},"2":{"name":"(anonymous_2)","decl":{"start":{"line":22,"column":57},"end":{"line":22,"column":58}},"loc":{"start":{"line":22,"column":82},"end":{"line":30,"column":9}},"line":22}},"branchMap":{"0":{"loc":{"start":{"line":11,"column":46},"end":{"line":11,"column":92}},"type":"cond-expr","locations":[{"start":{"line":11,"column":70},"end":{"line":11,"column":73}},{"start":{"line":11,"column":76},"end":{"line":11,"column":92}}],"line":11},"1":{"loc":{"start":{"line":11,"column":46},"end":{"line":11,"column":67}},"type":"binary-expr","locations":[{"start":{"line":11,"column":46},"end":{"line":11,"column":49}},{"start":{"line":11,"column":53},"end":{"line":11,"column":67}}],"line":11},"2":{"loc":{"start":{"line":14,"column":14},"end":{"line":14,"column":71}},"type":"binary-expr","locations":[{"start":{"line":14,"column":14},"end":{"line":14,"column":36}},{"start":{"line":14,"column":40},"end":{"line":14,"column":71}}],"line":14},"3":{"loc":{"start":{"line":15,"column":23},"end":{"line":15,"column":66}},"type":"binary-expr","locations":[{"start":{"line":15,"column":23},"end":{"line":15,"column":37}},{"start":{"line":15,"column":41},"end":{"line":15,"column":66}}],"line":15},"4":{"loc":{"start":{"line":17,"column":4},"end":{"line":31,"column":5}},"type":"if","locations":[{"start":{"line":17,"column":4},"end":{"line":31,"column":5}},{"start":{"line":17,"column":4},"end":{"line":31,"column":5}}],"line":17},"5":{"loc":{"start":{"line":21,"column":11},"end":{"line":31,"column":5}},"type":"if","locations":[{"start":{"line":21,"column":11},"end":{"line":31,"column":5}},{"start":{"line":21,"column":11},"end":{"line":31,"column":5}}],"line":21},"6":{"loc":{"start":{"line":23,"column":12},"end":{"line":27,"column":13}},"type":"if","locations":[{"start":{"line":23,"column":12},"end":{"line":27,"column":13}},{"start":{"line":23,"column":12},"end":{"line":27,"column":13}}],"line":23}},"s":{"0":1,"1":1,"2":1,"3":1,"4":1,"5":82,"6":82,"7":82,"8":0,"9":82,"10":82,"11":82,"12":0,"13":82,"14":82,"15":1},"f":{"0":1,"1":82,"2":82},"b":{"0":[0,1],"1":[1,1],"2":[82,0],"3":[82,82],"4":[0,82],"5":[82,0],"6":[0,82]},"_coverageSchema":"43e27e138ebf9cfc5966b082cf9a028302ed4184","hash":"660222ee38e5b22a11141b9e979fd084e71fd53b","contentHash":"e1e558eb01ff3ab25235a16e0df23e8f"},"C:\\Users\\Kazom\\Documents\\andela\\iReporter\\server\\controller\\redFlagController.js":{"path":"C:\\Users\\Kazom\\Documents\\andela\\iReporter\\server\\controller\\redFlagController.js","statementMap":{"0":{"start":{"line":3,"column":0},"end":{"line":5,"column":3}},"1":{"start":{"line":7,"column":19},"end":{"line":7,"column":563}},"2":{"start":{"line":7,"column":76},"end":{"line":7,"column":347}},"3":{"start":{"line":7,"column":134},"end":{"line":7,"column":142}},"4":{"start":{"line":7,"column":144},"end":{"line":7,"column":199}},"5":{"start":{"line":7,"column":200},"end":{"line":7,"column":231}},"6":{"start":{"line":7,"column":232},"end":{"line":7,"column":286}},"7":{"start":{"line":7,"column":259},"end":{"line":7,"column":286}},"8":{"start":{"line":7,"column":287},"end":{"line":7,"column":345}},"9":{"start":{"line":7,"column":350},"end":{"line":7,"column":559}},"10":{"start":{"line":7,"column":407},"end":{"line":7,"column":475}},"11":{"start":{"line":7,"column":423},"end":{"line":7,"column":475}},"12":{"start":{"line":7,"column":476},"end":{"line":7,"column":536}},"13":{"start":{"line":7,"column":493},"end":{"line":7,"column":536}},"14":{"start":{"line":7,"column":537},"end":{"line":7,"column":556}},"15":{"start":{"line":9,"column":14},"end":{"line":9,"column":34}},"16":{"start":{"line":11,"column":15},"end":{"line":11,"column":46}},"17":{"start":{"line":13,"column":17},"end":{"line":13,"column":46}},"18":{"start":{"line":15,"column":39},"end":{"line":15,"column":93}},"19":{"start":{"line":17,"column":50},"end":{"line":17,"column":151}},"20":{"start":{"line":17,"column":92},"end":{"line":17,"column":149}},"21":{"start":{"line":19,"column":24},"end":{"line":353,"column":3}},"22":{"start":{"line":21,"column":8},"end":{"line":21,"column":49}},"23":{"start":{"line":23,"column":8},"end":{"line":23,"column":55}},"24":{"start":{"line":24,"column":8},"end":{"line":24,"column":53}},"25":{"start":{"line":25,"column":8},"end":{"line":25,"column":53}},"26":{"start":{"line":26,"column":8},"end":{"line":26,"column":59}},"27":{"start":{"line":27,"column":8},"end":{"line":27,"column":61}},"28":{"start":{"line":28,"column":8},"end":{"line":28,"column":57}},"29":{"start":{"line":29,"column":8},"end":{"line":29,"column":71}},"30":{"start":{"line":32,"column":4},"end":{"line":350,"column":8}},"31":{"start":{"line":35,"column":12},"end":{"line":48,"column":13}},"32":{"start":{"line":36,"column":27},"end":{"line":36,"column":36}},"33":{"start":{"line":37,"column":31},"end":{"line":37,"column":44}},"34":{"start":{"line":38,"column":29},"end":{"line":38,"column":40}},"35":{"start":{"line":40,"column":16},"end":{"line":43,"column":17}},"36":{"start":{"line":41,"column":30},"end":{"line":41,"column":371}},"37":{"start":{"line":42,"column":20},"end":{"line":42,"column":88}},"38":{"start":{"line":44,"column":16},"end":{"line":47,"column":17}},"39":{"start":{"line":45,"column":31},"end":{"line":45,"column":394}},"40":{"start":{"line":46,"column":20},"end":{"line":46,"column":97}},"41":{"start":{"line":53,"column":12},"end":{"line":76,"column":13}},"42":{"start":{"line":54,"column":29},"end":{"line":54,"column":52}},"43":{"start":{"line":55,"column":16},"end":{"line":68,"column":17}},"44":{"start":{"line":56,"column":37},"end":{"line":56,"column":46}},"45":{"start":{"line":57,"column":35},"end":{"line":57,"column":54}},"46":{"start":{"line":58,"column":33},"end":{"line":58,"column":50}},"47":{"start":{"line":60,"column":20},"end":{"line":63,"column":21}},"48":{"start":{"line":61,"column":34},"end":{"line":61,"column":450}},"49":{"start":{"line":62,"column":24},"end":{"line":62,"column":100}},"50":{"start":{"line":64,"column":20},"end":{"line":67,"column":21}},"51":{"start":{"line":65,"column":36},"end":{"line":65,"column":475}},"52":{"start":{"line":66,"column":24},"end":{"line":66,"column":110}},"53":{"start":{"line":70,"column":16},"end":{"line":70,"column":37}},"54":{"start":{"line":71,"column":16},"end":{"line":71,"column":66}},"55":{"start":{"line":72,"column":16},"end":{"line":75,"column":19}},"56":{"start":{"line":81,"column":29},"end":{"line":81,"column":70}},"57":{"start":{"line":82,"column":30},"end":{"line":82,"column":39}},"58":{"start":{"line":83,"column":25},"end":{"line":83,"column":43}},"59":{"start":{"line":84,"column":27},"end":{"line":84,"column":47}},"60":{"start":{"line":86,"column":12},"end":{"line":88,"column":13}},"61":{"start":{"line":87,"column":16},"end":{"line":87,"column":108}},"62":{"start":{"line":89,"column":28},"end":{"line":89,"column":48}},"63":{"start":{"line":90,"column":23},"end":{"line":90,"column":38}},"64":{"start":{"line":91,"column":27},"end":{"line":91,"column":46}},"65":{"start":{"line":92,"column":25},"end":{"line":92,"column":42}},"66":{"start":{"line":93,"column":25},"end":{"line":93,"column":42}},"67":{"start":{"line":94,"column":26},"end":{"line":94,"column":44}},"68":{"start":{"line":96,"column":27},"end":{"line":96,"column":65}},"69":{"start":{"line":97,"column":30},"end":{"line":97,"column":32}},"70":{"start":{"line":97,"column":51},"end":{"line":97,"column":53}},"71":{"start":{"line":98,"column":12},"end":{"line":141,"column":13}},"72":{"start":{"line":99,"column":29},"end":{"line":99,"column":31}},"73":{"start":{"line":100,"column":16},"end":{"line":102,"column":17}},"74":{"start":{"line":101,"column":20},"end":{"line":101,"column":126}},"75":{"start":{"line":103,"column":16},"end":{"line":103,"column":44}},"76":{"start":{"line":104,"column":26},"end":{"line":104,"column":159}},"77":{"start":{"line":106,"column":16},"end":{"line":125,"column":19}},"78":{"start":{"line":107,"column":20},"end":{"line":122,"column":21}},"79":{"start":{"line":108,"column":37},"end":{"line":108,"column":39}},"80":{"start":{"line":109,"column":24},"end":{"line":111,"column":25}},"81":{"start":{"line":110,"column":28},"end":{"line":110,"column":136}},"82":{"start":{"line":112,"column":24},"end":{"line":112,"column":52}},"83":{"start":{"line":113,"column":36},"end":{"line":113,"column":185}},"84":{"start":{"line":115,"column":24},"end":{"line":119,"column":27}},"85":{"start":{"line":116,"column":28},"end":{"line":116,"column":113}},"86":{"start":{"line":118,"column":28},"end":{"line":118,"column":77}},"87":{"start":{"line":121,"column":24},"end":{"line":121,"column":109}},"88":{"start":{"line":124,"column":20},"end":{"line":124,"column":69}},"89
[...]
"start":{"line":207,"column":42},"end":{"line":209,"column":17}},"line":207},"26":{"name":"deleteInterventionRecord","decl":{"start":{"line":221,"column":24},"end":{"line":221,"column":48}},"loc":{"start":{"line":221,"column":59},"end":{"line":268,"column":9}},"line":221},"27":{"name":"(anonymous_27)","decl":{"start":{"line":228,"column":109},"end":{"line":228,"column":110}},"loc":{"start":{"line":228,"column":127},"end":{"line":256,"column":17}},"line":228},"28":{"name":"(anonymous_28)","decl":{"start":{"line":232,"column":115},"end":{"line":232,"column":116}},"loc":{"start":{"line":232,"column":133},"end":{"line":247,"column":29}},"line":232},"29":{"name":"(anonymous_29)","decl":{"start":{"line":234,"column":85},"end":{"line":234,"column":86}},"loc":{"start":{"line":234,"column":103},"end":{"line":244,"column":33}},"line":234},"30":{"name":"(anonymous_30)","decl":{"start":{"line":244,"column":41},"end":{"line":244,"column":42}},"loc":{"start":{"line":244,"column":58},"end":{"line":246,"column":33}},"line":244},"31":{"name":"(anonymous_31)","decl":{"start":{"line":247,"column":37},"end":{"line":247,"column":38}},"loc":{"start":{"line":247,"column":54},"end":{"line":249,"column":29}},"line":247},"32":{"name":"(anonymous_32)","decl":{"start":{"line":256,"column":25},"end":{"line":256,"column":26}},"loc":{"start":{"line":256,"column":42},"end":{"line":258,"column":17}},"line":256},"33":{"name":"updateInterventionStatus","decl":{"start":{"line":271,"column":24},"end":{"line":271,"column":48}},"loc":{"start":{"line":271,"column":59},"end":{"line":332,"column":9}},"line":271},"34":{"name":"(anonymous_34)","decl":{"start":{"line":288,"column":109},"end":{"line":288,"column":110}},"loc":{"start":{"line":288,"column":127},"end":{"line":311,"column":25}},"line":288},"35":{"name":"(anonymous_35)","decl":{"start":{"line":291,"column":127},"end":{"line":291,"column":128}},"loc":{"start":{"line":291,"column":145},"end":{"line":305,"column":33}},"line":291},"36":{"name":"(anonymous_36)","decl":{"start":{"line":292,"column":144},"end":{"line":292,"column":145}},"loc":{"start":{"line":292,"column":160},"end":{"line":302,"column":37}},"line":292},"37":{"name":"(anonymous_37)","decl":{"start":{"line":302,"column":45},"end":{"line":302,"column":46}},"loc":{"start":{"line":302,"column":62},"end":{"line":304,"column":37}},"line":302},"38":{"name":"(anonymous_38)","decl":{"start":{"line":305,"column":41},"end":{"line":305,"column":42}},"loc":{"start":{"line":305,"column":58},"end":{"line":307,"column":33}},"line":305},"39":{"name":"(anonymous_39)","decl":{"start":{"line":311,"column":33},"end":{"line":311,"column":34}},"loc":{"start":{"line":311,"column":50},"end":{"line":313,"column":25}},"line":311}},"branchMap":{"0":{"loc":{"start":{"line":7,"column":168},"end":{"line":7,"column":198}},"type":"binary-expr","locations":[{"start":{"line":7,"column":168},"end":{"line":7,"column":189}},{"start":{"line":7,"column":193},"end":{"line":7,"column":198}}],"line":7},"1":{"loc":{"start":{"line":7,"column":232},"end":{"line":7,"column":286}},"type":"if","locations":[{"start":{"line":7,"column":232},"end":{"line":7,"column":286}},{"start":{"line":7,"column":232},"end":{"line":7,"column":286}}],"line":7},"2":{"loc":{"start":{"line":7,"column":407},"end":{"line":7,"column":475}},"type":"if","locations":[{"start":{"line":7,"column":407},"end":{"line":7,"column":475}},{"start":{"line":7,"column":407},"end":{"line":7,"column":475}}],"line":7},"3":{"loc":{"start":{"line":7,"column":476},"end":{"line":7,"column":536}},"type":"if","locations":[{"start":{"line":7,"column":476},"end":{"line":7,"column":536}},{"start":{"line":7,"column":476},"end":{"line":7,"column":536}}],"line":7},"4":{"loc":{"start":{"line":19,"column":46},"end":{"line":19,"column":92}},"type":"cond-expr","locations":[{"start":{"line":19,"column":70},"end":{"line":19,"column":73}},{"start":{"line":19,"column":76},"end":{"line":19,"column":92}}],"line":19},"5":{"loc":{"start":{"line":19,"column":46},"end":{"line":19,"column":67}},"type":"binary-expr","locations":[{"start":{"line":19,"column":46},"end":{"line":19,"column":49}},{"start":{"line":19,"column":53},"end":{"line":19,"column":67}}],"line":19},"6":{"loc":{"start":{"line":21,"column":50},"end":{"line":21,"column":151}},"type":"if","locations":[{"start":{"line":21,"column":50},"end":{"line":21,"column":151}},{"start":{"line":21,"column":50},"end":{"line":21,"column":151}}],"line":21},"7":{"loc":{"start":{"line":33,"column":12},"end":{"line":43,"column":13}},"type":"if","locations":[{"start":{"line":33,"column":12},"end":{"line":43,"column":13}},{"start":{"line":33,"column":12},"end":{"line":43,"column":13}}],"line":33},"8":{"loc":{"start":{"line":39,"column":16},"end":{"line":41,"column":17}},"type":"if","locations":[{"start":{"line":39,"column":16},"end":{"line":41,"column":17}},{"start":{"line":39,"column":16},"end":{"line":41,"column":17}}],"line":39},"9":{"loc":{"start":{"line":48,"column":12},"end":{"line":68,"column":13}},"type":"if","locations":[{"start":{"line":48,"column":12},"end":{"line":68,"column":13}},{"start":{"line":48,"column":12},"end":{"line":68,"column":13}}],"line":48},"10":{"loc":{"start":{"line":50,"column":16},"end":{"line":60,"column":17}},"type":"if","locations":[{"start":{"line":50,"column":16},"end":{"line":60,"column":17}},{"start":{"line":50,"column":16},"end":{"line":60,"column":17}}],"line":50},"11":{"loc":{"start":{"line":56,"column":20},"end":{"line":58,"column":21}},"type":"if","locations":[{"start":{"line":56,"column":20},"end":{"line":58,"column":21}},{"start":{"line":56,"column":20},"end":{"line":58,"column":21}}],"line":56},"12":{"loc":{"start":{"line":78,"column":12},"end":{"line":80,"column":13}},"type":"if","locations":[{"start":{"line":78,"column":12},"end":{"line":80,"column":13}},{"start":{"line":78,"column":12},"end":{"line":80,"column":13}}],"line":78},"13":{"loc":{"start":{"line":90,"column":12},"end":{"line":133,"column":13}},"type":"if","locations":[{"start":{"line":90,"column":12},"end":{"line":133,"column":13}},{"start":{"line":90,"column":12},"end":{"line":133,"column":13}}],"line":90},"14":{"loc":{"start":{"line":99,"column":20},"end":{"line":114,"column":21}},"type":"if","locations":[{"start":{"line":99,"column":20},"end":{"line":114,"column":21}},{"start":{"line":99,"column":20},"end":{"line":114,"column":21}}],"line":99},"15":{"loc":{"start":{"line":118,"column":19},"end":{"line":133,"column":13}},"type":"if","locations":[{"start":{"line":118,"column":19},"end":{"line":133,"column":13}},{"start":{"line":118,"column":19},"end":{"line":133,"column":13}}],"line":118},"16":{"loc":{"start":{"line":141,"column":12},"end":{"line":143,"column":13}},"type":"if","locations":[{"start":{"line":141,"column":12},"end":{"line":143,"column":13}},{"start":{"line":141,"column":12},"end":{"line":143,"column":13}}],"line":141},"17":{"loc":{"start":{"line":144,"column":12},"end":{"line":175,"column":13}},"type":"if","locations":[{"start":{"line":144,"column":12},"end":{"line":175,"column":13}},{"start":{"line":144,"column":12},"end":{"line":175,"column":13}}],"line":144},"18":{"loc":{"start":{"line":150,"column":20},"end":{"line":164,"column":21}},"type":"if","locations":[{"start":{"line":150,"column":20},"end":{"line":164,"column":21}},{"start":{"line":150,"column":20},"end":{"line":164,"column":21}}],"line":150},"19":{"loc":{"start":{"line":151,"column":24},"end":{"line":161,"column":25}},"type":"if","locations":[{"start":{"line":151,"column":24},"end":{"line":161,"column":25}},{"start":{"line":151,"column":24},"end":{"line":161,"column":25}}],"line":151},"20":{"loc":{"start":{"line":183,"column":12},"end":{"line":185,"column":13}},"type":"if","locations":[{"start":{"line":183,"column":12},"end":{"line":185,"column":13}},{"start":{"line":183,"column":12},"end":{"line":185,"column":13}}],"line":183},"21":{"loc":{"start":{"line":186,"column":12},"end":{"line":217,"column":13}},"type":"if","locations":[{"start":{"line":186,"column":12},"end":{"line":217,"column":13}},{"start":{"line":186,"column":12},"end":{"line":217,"column":13}}],"line":186},"22":{"loc":{"start":{"line":192,"column":20},"end":{"line":206,"column":21}},"type":"if","locations":[{"start":{"line":192,"column":20},"end":{"line":206,"column":21}},{"start":{"line":192,"column":20},"end":{"line":206,"column":21}}],"line":192},"23":{"loc":{"start":{"line":193,"column":24},"end":{"line":203,"column":25}},"type":"if","locations":[{"start":{"line":193,"column":24},"end":{"line":203,"column":25}},{"start":{"line":193,"column":24},"end":{"line":203,"column":25}}],"line":193},"24":{"loc":{"start":{"line":225,"column":12},"end":{"line":266,"column":13}},"type":"if","locations":[{"start":{"line":225,"column":12},"end":{"line":266,"column":13}},{"start":{"line":225,"column":12},"end":{"line":266,"column":13}}],"line":225},"25":{"loc":{"start":{"line":229,"column":20},"end":{"line":255,"column":21}},"type":"if","locations":[{"start":{"line":229,"column":20},"end":{"line":255,"column":21}},{"start":{"line":229,"column":20},"end":{"line":255,"column":21}}],"line":229},"26":{"loc":{"start":{"line":230,"column":24},"end":{"line":252,"column":25}},"type":"if","locations":[{"start":{"line":230,"column":24},"end":{"line":252,"column":25}},{"start":{"line":230,"column":24},"end":{"line":252,"column":25}}],"line":230},"27":{"loc":{"start":{"line":272,"column":12},"end":{"line":330,"column":13}},"type":"if","locations":[{"start":{"line":272,"column":12},"end":{"line":330,"column":13}},{"start":{"line":272,"column":12},"end":{"line":330,"column":13}}],"line":272},"28":{"loc":{"start":{"line":279,"column":16},"end":{"line":329,"column":17}},"type":"if","locations":[{"start":{"line":279,"column":16},"end":{"line":329,"column":17}},{"start":{"line":279,"column":16},"end":{"line":329,"column":17}}],"line":279},"29":{"loc":{"start":{"line":280,"column":20},"end":{"line":282,"column":21}},"type":"if","locations":[{"start":{"line":280,"column":20},"end":{"line":282,"column":21}},{"start":{"line":280,"column":20},"end":{"line":282,"column":21}}],"line":280},"30":{"loc":{"start":{"line":283,"column":20},"end":{"line":321,"column":21}},"type":"if","locations":[{"start":{"line":283,"column":20},"end":{"line":321,"column":21}},{"start":{"line":283,"column":20},"end":{"line":321,"column":21}}],"line":283},"31":{"loc":{"start":{"line":289,"column":28},"end":{"line":310,"column":29}},"type":"if","locations":[{"start":{"line":289,"column":28},"end":{"line":310,"column":29}},{"start":{"line":289,"column":28},"end":{"line":310,"column":29}}],"line":289}},"s":{"0":1,"1":1,"2":1,"3":7,"4":7,"5":7,"6":7,"7":7,"8":7,"9":1,"10":1,"11":1,"12":1,"13":0,"14":1,"15":1,"16":1,"17":1,"18":1,"19":1,"20":2,"21":1,"22":0,"23":1,"24":1,"25":1,"26":1,"27":5,"28":5,"29":5,"30":5,"31":5,"32":5,"33":5,"34":0,"35":5,"36":5,"37":5,"38":5,"39":5,"40":5,"41":5,"42":5,"43":5,"44":0,"45":0,"46":0,"47":0,"48":5,"49":5,"50":5,"51":5,"52":5,"53":0,"54":5,"55":5,"56":5,"57":5,"58":5,"59":5,"60":5,"61":5,"62":5,"63":5,"64":0,"65":0,"66":0,"67":0,"68":0,"69":0,"70":0,"71":0,"72":0,"73":0,"74":0,"75":0,"76":0,"77":0,"78":0,"79":0,"80":0,"81":5,"82":0,"83":0,"84":0,"85":0,"86":0,"87":0,"88":0,"89":0,"90":5,"91":5,"92":5,"93":5,"94":0,"95":5,"96":5,"97":5,"98":5,"99":5,"100":5,"101":5,"102":5,"103":5,"104":5,"105":5,"106":0,"107":0,"108":0,"109":0,"110":0,"111":0,"112":0,"113":5,"114":5,"115":5,"116":0,"117":5,"118":5,"119":5,"120":5,"121":5,"122":5,"123":5,"124":5,"125":5,"126":5,"127":5,"128":0,"129":0,"130":0,"131":0,"132":0,"133":0,"134":0,"135":5,"136":5,"137":5,"138":5,"139":5,"140":5,"141":5,"142":5,"143":5,"144":5,"145":5,"146":5,"147":5,"148":5,"149":5,"150":0,"151":0,"152":0,"153":0,"154":0,"155":0,"156":0,"157":0,"158":5,"159":11,"160":11,"161":11,"162":11,"163":11,"164":11,"165":11,"166":11,"167":0,"168":11,"169":11,"170":11,"171":11,"172":11,"173":11,"174":11,"175":11,"176":11,"177":11,"178":11,"179":11,"180":0,"181":0,"182":0,"183":0,"184":0,"185":0,"186":0,"187":0,"188":0,"189":0,"190":11,"191":1,"192":1},"f":{"0":1,"1":1,"2":1,"3":2,"4":1,"5":1,"6":1,"7":5,"8":5,"9":5,"10":0,"11":0,"12":0,"13":0,"14":0,"15":0,"16":5,"17":5,"18":5,"19":0,"20":0,"21":5,"22":5,"23":5,"24":0,"25":0,"26":5,"27":5,"28":5,"29":5,"30":0,"31":0,"32":0,"33":11,"34":11,"35":11,"36":11,"37":0,"38":0,"39":0},"b":{"0":[7,7],"1":[7,0],"2":[1,0],"3":[0,1],"4":[2,0],"5":[2,2],"6":[0,1],"7":[5,0],"8":[5,0],"9":[5,0],"10":[5,0],"11":[5,0],"12":[0,5],"13":[0,5],"14":[0,0],"15":[0,5],"16":[0,5],"17":[5,0],"18":[5,0],"19":[5,0],"20":[0,5],"21":[5,0],"22":[5,0],"23":[5,0],"24":[5,0],"25":[5,0],"26":[5,0],"27":[11,0],"28":[11,0],"29":[0,11],"30":[11,0],"31":[11,0]},"_coverageSchema":"43e27e138ebf9cfc5966b082cf9a028302ed4184","hash":"f16a8b3461e194d33b1c77b1c6349b035aa54933","contentHash":"23c59e08afa40c6bf06c642b96c7cf06"},"C:\\Users\\Kazom\\Documents\\andela\\iReporter\\server\\controller\\recordData.js":{"path":"C:\\Users\\Kazom\\Documents\\andela\\iReporter\\server\\controller\\recordData.js","statementMap":{"0":{"start":{"line":3,"column":0},"end":{"line":5,"column":3}},"1":{"start":{"line":7,"column":19},"end":{"line":7,"column":563}},"2":{"start":{"line":7,"column":76},"end":{"line":7,"column":347}},"3":{"start":{"line":7,"column":134},"end":{"line":7,"column":142}},"4":{"start":{"line":7,"column":144},"end":{"line":7,"column":199}},"5":{"start":{"line":7,"column":200},"end":{"line":7,"column":231}},"6":{"start":{"line":7,"column":232},"end":{"line":7,"column":286}},"7":{"start":{"line":7,"column":259},"end":{"line":7,"column":286}},"8":{"start":{"line":7,"column":287},"end":{"line":7,"column":345}},"9":{"start":{"line":7,"column":350},"end":{"line":7,"column":559}},"10":{"start":{"line":7,"column":407},"end":{"line":7,"column":475}},"11":{"start":{"line":7,"column":423},"end":{"line":7,"column":475}},"12":{"start":{"line":7,"column":476},"end":{"line":7,"column":536}},"13":{"start":{"line":7,"column":493},"end":{"line":7,"column":536}},"14":{"start":{"line":7,"column":537},"end":{"line":7,"column":556}},"15":{"start":{"line":9,"column":17},"end":{"line":9,"column":46}},"16":{"start":{"line":11,"column":50},"end":{"line":11,"column":151}},"17":{"start":{"line":11,"column":92},"end":{"line":11,"column":149}},"18":{"start":{"line":18,"column":17},"end":{"line":47,"column":3}},"19":{"start":{"line":20,"column":8},"end":{"line":20,"column":42}},"20":{"start":{"line":23,"column":4},"end":{"line":44,"column":8}},"21":{"start":{"line":26,"column":12},"end":{"line":28,"column":13}},"22":{"start":{"line":27,"column":16},"end":{"line":27,"column":349}},"23":{"start":{"line":29,"column":12},"end":{"line":29,"column":383}},"24":{"start":{"line":34,"column":12},"end":{"line":34,"column":115}},"25":{"start":{"line":39,"column":12},"end":{"line":41,"column":13}},"26":{"start":{"line":40,"column":16},"end":{"line":40,"column":369}},"27":{"start":{"line":42,"column":12},"end":{"line":42,"column":403}},"28":{"start":{"line":46,"column":4},"end":{"line":46,"column":22}},"29":{"start":{"line":49,"column":0},"end":{"line":49,"column":29}}},"fnMap":{"0":{"name":"(anonymous_0)","decl":{"start":{"line":7,"column":19},"end":{"line":7,"column":20}},"loc":{"start":{"line":7,"column":31},"end":{"line":7,"column":561}},"line":7},"1":{"name":"defineProperties","decl":{"start":{"line":7,"column":42},"end":{"line":7,"column":58}},"loc":{"start":{"line":7,"column":74},"end":{"line":7,"column":349}},"line":7},"2":{"name":"(anonymous_2)","decl":{"start":{"line":7,"column":357},"end":{"line":7,"column":358}},"loc":{"start":{"line":7,"column":405},"end":{"line":7,"column":558}},"line":7},"3":{"name":"_classCallCheck","decl":{"start":{"line":11,"column":9},"end":{"line":11,"column":24}},"loc":{"start":{"line":11,"column":48},"end":{"line":11,"column":153}},"line":11},"4":{"name":"(anonymous_4)","decl":{"start":{"line":18,"column":17},"end":{"line":18,"column":18}},"loc":{"start":{"line":18,"column":29},"end":{"line":47,"column":1}},"line":18},"5":{"name":"RecordData","decl":{"start":{"line":19,"column":13},"end":{"line":19,"column":23}},"loc":{"start":{"line":19,"column":26},"end":{"line":21,"column":5}},"line":19},"6":{"name":"getAllInterventionRecord","decl":{"start":{"line":25,"column":24},"end":{"line":25,"column":48}},"loc":{"start":{"line":25,"column":59},"end":{"line":30,"column":9}},"line":25},"7":{"name":"insertIntoBaseAttachement","decl":{"start":{"line":33,"column":24},"end":{"line":33,"column":49}},"loc":{"start":{"line":33,"column":52},"end":{"line":35,"column":9}},"line":33},"8":{"name":"getInterventionRecord","decl":{"start":{"line":38,"column":24},"end":{"line":38,"column":45}},"loc":{"start":{"line":38,"column":56},"end":{"line":43,"column":9}},"line":38}},"branchMap":{"0":{"loc":{"start":{"line":7,"column":168},"end":{"line":7,"column":198}},"type":"binary-expr","locations":[{"start":{"line":7,"column":168},"end":{"line":7,"column":189}},{"start":{"line":7,"column":193},"end":{"line":7,"column":198}}],"line":7},"1":{"loc":{"start":{"line":7,"column":232},"end":{"line":7,"column":286}},"type":"if","locations":[{"start":{"line":7,"column":232},"end":{"line":7,"column":286}},{"start":{"line":7,"column":232},"end":{"line":7,"column":286}}],"line":7},"2":{"loc":{"start":{"line":7,"column":407},"end":{"line":7,"column":475}},"type":"if","locations":[{"start":{"line":7,"column":407},"end":{"line":7,"column":475}},{"start":{"line":7,"column":407},"end":{"line":7,"column":475}}],"line":7},"3":{"loc":{"start":{"line":7,"column":476},"end":{"line":7,"column":536}},"type":"if","locations":[{"start":{"line":7,"column":476},"end":{"line":7,"column":536}},{"start":{"line":7,"column":476},"end":{"line":7,"column":536}}],"line":7},"4":{"loc":{"start":{"line":11,"column":50},"end":{"line":11,"column":151}},"type":"if","locations":[{"start":{"line":11,"column":50},"end":{"line":11,"column":151}},{"start":{"line":11,"column":50},"end":{"line":11,"column":151}}],"line":11},"5":{"loc":{"start":{"line":26,"column":12},"end":{"line":28,"column":13}},"type":"if","locations":[{"start":{"line":26,"column":12},"end":{"line":28,"column":13}},{"start":{"line":26,"column":12},"end":{"line":28,"column":13}}],"line":26},"6":{"loc":{"start":{"line":39,"column":12},"end":{"line":41,"column":13}},"type":"if","locations":[{"start":{"line":39,"column":12},"end":{"line":41,"column":13}},{"start":{"line":39,"column":12},"end":{"line":41,"column":13}}],"line":39}},"s":{"0":1,"1":1,"2":1,"3":3,"4":3,"5":3,"6":3,"7":3,"8":3,"9":1,"10":1,"11":1,"12":1,"13":0,"14":1,"15":1,"16":1,"17":0,"18":1,"19":1,"20":1,"21":5,"22":5,"23":0,"24":0,"25":5,"26":5,"27":0,"28":1,"29":1},"f":{"0":1,"1":1,"2":1,"3":1,"4":1,"5":1,"6":5,"7":0,"8":5},"b":{"0":[3,3],"1":[3,0],"2":[1,0],"3":[0,1],"4":[0,1],"5":[5,0],"6":[5,0]},"_coverageSchema":"43e27e138ebf9cfc5966b082cf9a028302ed4184","hash":"21fbf70c5ad95b7bdcb2158dfe87f513ebb16270","contentHash":"1394934af341bcc3f9ac52b99eea7cab"},"C:\\Users\\Kazom\\Documents\\andela\\iReporter\\server\\model\\resources.js":{"path":"C:\\Users\\Kazom\\Documents\\andela\\iReporter\\server\\model\\resources.js","statementMap":{"0":{"start":{"line":3,"column":0},"end":{"line":5,"column":3}},"1":{"start":{"line":6,"column":14},"end":{"line":66,"column":2}},"2":{"start":{"line":68,"column":16},"end":{"line":77,"column":1}},"3":{"start":{"line":79,"column":17},"end":{"line":88,"column":1}},"4":{"start":{"line":90,"column":17},"end":{"line":97,"column":1}},"5":{"start":{"line":99,"column":15},"end":{"line":102,"column":1}},"6":{"start":{"line":104,"column":11},"end":{"line":107,"column":1}},"7":{"start":{"line":109,"column":12},"end":{"line":109,"column":313}},"8":{"start":{"line":111,"column":13},"end":{"line":113,"column":1}}},"fnMap":{},"branchMap":{},"s":{"0":1,"1":1,"2":1,"3":1,"4":1,"5":1,"6":1,"7":1,"8":1},"f":{},"b":{},"_coverageSchema":"43e27e138ebf9cfc5966b082cf9a028302ed4184","hash":"1e29ce244ad69b3cb3d10907f8be02b57f2ea076","contentHash":"36e5de52f8b57d84b566b57180f4203a"}}